2017-11-17 03:53:45,975 - requests_oauthlib.oauth1_auth - DEBUG - Signing request <PreparedRequest [POST]> using client <Client nonce=None, signature_method=HMAC-SHA1, realm=None, encoding=utf-8, timestamp=None, resource_owner_secret=****, decoding=None, verifier=None, signature_type=AUTH_HEADER, rsa_key=None, resource_owner_key=928428833476313088-5vt6Db05MJ9cNtJqLu1NVnjnzl9huoC, client_secret=****, callback_uri=None, client_key=Glu9EiLpkRC53SjiSnUok61lk>
2017-11-17 03:53:45,982 - requests_oauthlib.oauth1_auth - DEBUG - Including body in call to sign: True
2017-11-17 03:53:45,983 - oauthlib.oauth1.rfc5849 - DEBUG - Collected params: [(u'delimited', u'length'), (u'oauth_nonce', u'181660730396122583601510890825'), (u'oauth_timestamp', u'1510890825'), (u'oauth_consumer_key', u'Glu9EiLpkRC53SjiSnUok61lk'), (u'oauth_signature_method', u'HMAC-SHA1'), (u'oauth_version', u'1.0'), (u'oauth_token', u'928428833476313088-5vt6Db05MJ9cNtJqLu1NVnjnzl9huoC'), (u'track', u'a,the,i,you,u'), (u'language', u'en')]
2017-11-17 03:53:45,983 - oauthlib.oauth1.rfc5849 - DEBUG - Normalized params: delimited=length&language=en&oauth_consumer_key=Glu9EiLpkRC53SjiSnUok61lk&oauth_nonce=181660730396122583601510890825&oauth_signature_method=HMAC-SHA1&oauth_timestamp=1510890825&oauth_token=928428833476313088-5vt6Db05MJ9cNtJqLu1NVnjnzl9huoC&oauth_version=1.0&track=a%2Cthe%2Ci%2Cyou%2Cu
2017-11-17 03:53:45,991 - oauthlib.oauth1.rfc5849 - DEBUG - Normalized URI: https://stream.twitter.com/1.1/statuses/filter.json
2017-11-17 03:53:45,991 - oauthlib.oauth1.rfc5849 - DEBUG - Signing: signature base string: POST&https%3A%2F%2Fstream.twitter.com%2F1.1%2Fstatuses%2Ffilter.json&delimited%3Dlength%26language%3Den%26oauth_consumer_key%3DGlu9EiLpkRC53SjiSnUok61lk%26oauth_nonce%3D181660730396122583601510890825%26oauth_signature_method%3DHMAC-SHA1%26oauth_timestamp%3D1510890825%26oauth_token%3D928428833476313088-5vt6Db05MJ9cNtJqLu1NVnjnzl9huoC%26oauth_version%3D1.0%26track%3Da%252Cthe%252Ci%252Cyou%252Cu
2017-11-17 03:53:45,992 - oauthlib.oauth1.rfc5849 - DEBUG - Signature: W98+1TyqnSL1jCb0/c/cLp0hWAQ=
2017-11-17 03:53:45,992 - requests_oauthlib.oauth1_auth - DEBUG - Updated url: https://stream.twitter.com/1.1/statuses/filter.json?delimited=length
2017-11-17 03:53:45,992 - requests_oauthlib.oauth1_auth - DEBUG - Updated headers: {u'Content-Length': u'39', u'Content-Type': u'application/x-www-form-urlencoded', u'Authorization': u'OAuth oauth_nonce="181660730396122583601510890825", oauth_timestamp="1510890825", oauth_version="1.0", oauth_signature_method="HMAC-SHA1", oauth_consumer_key="Glu9EiLpkRC53SjiSnUok61lk", oauth_token="928428833476313088-5vt6Db05MJ9cNtJqLu1NVnjnzl9huoC", oauth_signature="W98%2B1TyqnSL1jCb0%2Fc%2FcLp0hWAQ%3D"'}
2017-11-17 03:53:45,992 - requests_oauthlib.oauth1_auth - DEBUG - Updated body: u'track=a%2Cthe%2Ci%2Cyou%2Cu&language=en'
2017-11-17 03:53:46,115 - requests.packages.urllib3.connectionpool - INFO - Starting new HTTPS connection (1): stream.twitter.com
2017-11-17 03:53:46,498 - requests.packages.urllib3.connectionpool - DEBUG - "POST /1.1/statuses/filter.json?delimited=length HTTP/1.1" 420 36
2017-11-17 03:53:46,639 - streamparse.storm.component - ERROR - Received EOF while trying to read stdin from Storm, pipe appears to be broken, exiting.
2017-11-17 03:54:46,503 - requests_oauthlib.oauth1_auth - DEBUG - Signing request <PreparedRequest [POST]> using client <Client nonce=None, signature_method=HMAC-SHA1, realm=None, encoding=utf-8, timestamp=None, resource_owner_secret=****, decoding=None, verifier=None, signature_type=AUTH_HEADER, rsa_key=None, resource_owner_key=928428833476313088-5vt6Db05MJ9cNtJqLu1NVnjnzl9huoC, client_secret=****, callback_uri=None, client_key=Glu9EiLpkRC53SjiSnUok61lk>
2017-11-17 03:54:46,503 - requests_oauthlib.oauth1_auth - DEBUG - Including body in call to sign: True
2017-11-17 03:54:46,504 - oauthlib.oauth1.rfc5849 - DEBUG - Collected params: [(u'delimited', u'length'), (u'oauth_nonce', u'142249630409689277161510890886'), (u'oauth_timestamp', u'1510890886'), (u'oauth_consumer_key', u'Glu9EiLpkRC53SjiSnUok61lk'), (u'oauth_signature_method', u'HMAC-SHA1'), (u'oauth_version', u'1.0'), (u'oauth_token', u'928428833476313088-5vt6Db05MJ9cNtJqLu1NVnjnzl9huoC'), (u'track', u'a,the,i,you,u'), (u'language', u'en')]
2017-11-17 03:54:46,505 - oauthlib.oauth1.rfc5849 - DEBUG - Normalized params: delimited=length&language=en&oauth_consumer_key=Glu9EiLpkRC53SjiSnUok61lk&oauth_nonce=142249630409689277161510890886&oauth_signature_method=HMAC-SHA1&oauth_timestamp=1510890886&oauth_token=928428833476313088-5vt6Db05MJ9cNtJqLu1NVnjnzl9huoC&oauth_version=1.0&track=a%2Cthe%2Ci%2Cyou%2Cu
2017-11-17 03:54:46,505 - oauthlib.oauth1.rfc5849 - DEBUG - Normalized URI: https://stream.twitter.com/1.1/statuses/filter.json
2017-11-17 03:54:46,505 - oauthlib.oauth1.rfc5849 - DEBUG - Signing: signature base string: POST&https%3A%2F%2Fstream.twitter.com%2F1.1%2Fstatuses%2Ffilter.json&delimited%3Dlength%26language%3Den%26oauth_consumer_key%3DGlu9EiLpkRC53SjiSnUok61lk%26oauth_nonce%3D142249630409689277161510890886%26oauth_signature_method%3DHMAC-SHA1%26oauth_timestamp%3D1510890886%26oauth_token%3D928428833476313088-5vt6Db05MJ9cNtJqLu1NVnjnzl9huoC%26oauth_version%3D1.0%26track%3Da%252Cthe%252Ci%252Cyou%252Cu
2017-11-17 03:54:46,506 - oauthlib.oauth1.rfc5849 - DEBUG - Signature: Wufb4Vo2luy6YRtTXmU9VM3v9D8=
2017-11-17 03:54:46,506 - requests_oauthlib.oauth1_auth - DEBUG - Updated url: https://stream.twitter.com/1.1/statuses/filter.json?delimited=length
2017-11-17 03:54:46,506 - requests_oauthlib.oauth1_auth - DEBUG - Updated headers: {u'Content-Length': u'39', u'Content-Type': u'application/x-www-form-urlencoded', u'Authorization': u'OAuth oauth_nonce="142249630409689277161510890886", oauth_timestamp="1510890886", oauth_version="1.0", oauth_signature_method="HMAC-SHA1", oauth_consumer_key="Glu9EiLpkRC53SjiSnUok61lk", oauth_token="928428833476313088-5vt6Db05MJ9cNtJqLu1NVnjnzl9huoC", oauth_signature="Wufb4Vo2luy6YRtTXmU9VM3v9D8%3D"'}
2017-11-17 03:54:46,507 - requests_oauthlib.oauth1_auth - DEBUG - Updated body: u'track=a%2Cthe%2Ci%2Cyou%2Cu&language=en'
2017-11-17 03:54:46,507 - requests.packages.urllib3.connectionpool - INFO - Starting new HTTPS connection (2): stream.twitter.com
2017-11-17 03:54:46,828 - requests.packages.urllib3.connectionpool - DEBUG - "POST /1.1/statuses/filter.json?delimited=length HTTP/1.1" 200 None
