2017-11-17 06:44:19,820 - requests_oauthlib.oauth1_auth - DEBUG - Signing request <PreparedRequest [POST]> using client <Client nonce=None, signature_method=HMAC-SHA1, realm=None, encoding=utf-8, timestamp=None, resource_owner_secret=****, decoding=None, verifier=None, signature_type=AUTH_HEADER, rsa_key=None, resource_owner_key=928428833476313088-5vt6Db05MJ9cNtJqLu1NVnjnzl9huoC, client_secret=****, callback_uri=None, client_key=Glu9EiLpkRC53SjiSnUok61lk>
2017-11-17 06:44:19,825 - requests_oauthlib.oauth1_auth - DEBUG - Including body in call to sign: True
2017-11-17 06:44:19,826 - oauthlib.oauth1.rfc5849 - DEBUG - Collected params: [(u'delimited', u'length'), (u'oauth_nonce', u'90297572059097982301510901059'), (u'oauth_timestamp', u'1510901059'), (u'oauth_consumer_key', u'Glu9EiLpkRC53SjiSnUok61lk'), (u'oauth_signature_method', u'HMAC-SHA1'), (u'oauth_version', u'1.0'), (u'oauth_token', u'928428833476313088-5vt6Db05MJ9cNtJqLu1NVnjnzl9huoC'), (u'track', u'a,the,i,you,u'), (u'language', u'en')]
2017-11-17 06:44:19,827 - oauthlib.oauth1.rfc5849 - DEBUG - Normalized params: delimited=length&language=en&oauth_consumer_key=Glu9EiLpkRC53SjiSnUok61lk&oauth_nonce=90297572059097982301510901059&oauth_signature_method=HMAC-SHA1&oauth_timestamp=1510901059&oauth_token=928428833476313088-5vt6Db05MJ9cNtJqLu1NVnjnzl9huoC&oauth_version=1.0&track=a%2Cthe%2Ci%2Cyou%2Cu
2017-11-17 06:44:19,827 - oauthlib.oauth1.rfc5849 - DEBUG - Normalized URI: https://stream.twitter.com/1.1/statuses/filter.json
2017-11-17 06:44:19,832 - oauthlib.oauth1.rfc5849 - DEBUG - Signing: signature base string: POST&https%3A%2F%2Fstream.twitter.com%2F1.1%2Fstatuses%2Ffilter.json&delimited%3Dlength%26language%3Den%26oauth_consumer_key%3DGlu9EiLpkRC53SjiSnUok61lk%26oauth_nonce%3D90297572059097982301510901059%26oauth_signature_method%3DHMAC-SHA1%26oauth_timestamp%3D1510901059%26oauth_token%3D928428833476313088-5vt6Db05MJ9cNtJqLu1NVnjnzl9huoC%26oauth_version%3D1.0%26track%3Da%252Cthe%252Ci%252Cyou%252Cu
2017-11-17 06:44:19,833 - oauthlib.oauth1.rfc5849 - DEBUG - Signature: kYuskc3QFShzwDQafFJNWwrJD2A=
2017-11-17 06:44:19,833 - requests_oauthlib.oauth1_auth - DEBUG - Updated url: https://stream.twitter.com/1.1/statuses/filter.json?delimited=length
2017-11-17 06:44:19,833 - requests_oauthlib.oauth1_auth - DEBUG - Updated headers: {u'Content-Length': u'39', u'Content-Type': u'application/x-www-form-urlencoded', u'Authorization': u'OAuth oauth_nonce="90297572059097982301510901059", oauth_timestamp="1510901059", oauth_version="1.0", oauth_signature_method="HMAC-SHA1", oauth_consumer_key="Glu9EiLpkRC53SjiSnUok61lk", oauth_token="928428833476313088-5vt6Db05MJ9cNtJqLu1NVnjnzl9huoC", oauth_signature="kYuskc3QFShzwDQafFJNWwrJD2A%3D"'}
2017-11-17 06:44:19,834 - requests_oauthlib.oauth1_auth - DEBUG - Updated body: u'track=a%2Cthe%2Ci%2Cyou%2Cu&language=en'
2017-11-17 06:44:19,839 - requests.packages.urllib3.connectionpool - INFO - Starting new HTTPS connection (1): stream.twitter.com
2017-11-17 06:44:20,006 - requests.packages.urllib3.connectionpool - DEBUG - "POST /1.1/statuses/filter.json?delimited=length HTTP/1.1" 420 36
2017-11-17 06:45:20,034 - requests_oauthlib.oauth1_auth - DEBUG - Signing request <PreparedRequest [POST]> using client <Client nonce=None, signature_method=HMAC-SHA1, realm=None, encoding=utf-8, timestamp=None, resource_owner_secret=****, decoding=None, verifier=None, signature_type=AUTH_HEADER, rsa_key=None, resource_owner_key=928428833476313088-5vt6Db05MJ9cNtJqLu1NVnjnzl9huoC, client_secret=****, callback_uri=None, client_key=Glu9EiLpkRC53SjiSnUok61lk>
2017-11-17 06:45:20,034 - requests_oauthlib.oauth1_auth - DEBUG - Including body in call to sign: True
2017-11-17 06:45:20,035 - oauthlib.oauth1.rfc5849 - DEBUG - Collected params: [(u'delimited', u'length'), (u'oauth_nonce', u'28188663005237660931510901120'), (u'oauth_timestamp', u'1510901120'), (u'oauth_consumer_key', u'Glu9EiLpkRC53SjiSnUok61lk'), (u'oauth_signature_method', u'HMAC-SHA1'), (u'oauth_version', u'1.0'), (u'oauth_token', u'928428833476313088-5vt6Db05MJ9cNtJqLu1NVnjnzl9huoC'), (u'track', u'a,the,i,you,u'), (u'language', u'en')]
2017-11-17 06:45:20,036 - oauthlib.oauth1.rfc5849 - DEBUG - Normalized params: delimited=length&language=en&oauth_consumer_key=Glu9EiLpkRC53SjiSnUok61lk&oauth_nonce=28188663005237660931510901120&oauth_signature_method=HMAC-SHA1&oauth_timestamp=1510901120&oauth_token=928428833476313088-5vt6Db05MJ9cNtJqLu1NVnjnzl9huoC&oauth_version=1.0&track=a%2Cthe%2Ci%2Cyou%2Cu
2017-11-17 06:45:20,036 - oauthlib.oauth1.rfc5849 - DEBUG - Normalized URI: https://stream.twitter.com/1.1/statuses/filter.json
2017-11-17 06:45:20,036 - oauthlib.oauth1.rfc5849 - DEBUG - Signing: signature base string: POST&https%3A%2F%2Fstream.twitter.com%2F1.1%2Fstatuses%2Ffilter.json&delimited%3Dlength%26language%3Den%26oauth_consumer_key%3DGlu9EiLpkRC53SjiSnUok61lk%26oauth_nonce%3D28188663005237660931510901120%26oauth_signature_method%3DHMAC-SHA1%26oauth_timestamp%3D1510901120%26oauth_token%3D928428833476313088-5vt6Db05MJ9cNtJqLu1NVnjnzl9huoC%26oauth_version%3D1.0%26track%3Da%252Cthe%252Ci%252Cyou%252Cu
2017-11-17 06:45:20,037 - oauthlib.oauth1.rfc5849 - DEBUG - Signature: iYEOrNhp1emTj1gUfmL5bXCw9kU=
2017-11-17 06:45:20,037 - requests_oauthlib.oauth1_auth - DEBUG - Updated url: https://stream.twitter.com/1.1/statuses/filter.json?delimited=length
2017-11-17 06:45:20,037 - requests_oauthlib.oauth1_auth - DEBUG - Updated headers: {u'Content-Length': u'39', u'Content-Type': u'application/x-www-form-urlencoded', u'Authorization': u'OAuth oauth_nonce="28188663005237660931510901120", oauth_timestamp="1510901120", oauth_version="1.0", oauth_signature_method="HMAC-SHA1", oauth_consumer_key="Glu9EiLpkRC53SjiSnUok61lk", oauth_token="928428833476313088-5vt6Db05MJ9cNtJqLu1NVnjnzl9huoC", oauth_signature="iYEOrNhp1emTj1gUfmL5bXCw9kU%3D"'}
2017-11-17 06:45:20,038 - requests_oauthlib.oauth1_auth - DEBUG - Updated body: u'track=a%2Cthe%2Ci%2Cyou%2Cu&language=en'
2017-11-17 06:45:20,038 - requests.packages.urllib3.connectionpool - INFO - Starting new HTTPS connection (2): stream.twitter.com
2017-11-17 06:45:20,143 - requests.packages.urllib3.connectionpool - DEBUG - "POST /1.1/statuses/filter.json?delimited=length HTTP/1.1" 200 None
