2017-11-17 06:44:20,190 - streamparse.stdout - INFO - Could not create tcount
2017-11-17 06:44:20,352 - streamparse.stdout - INFO - could not create table
2017-11-17 06:44:20,353 - streamparse.stdout - INFO - ucount = 
2017-11-17 06:44:20,353 - streamparse.stdout - INFO - 1
2017-11-17 06:44:20,353 - streamparse.stdout - INFO - uword = 
2017-11-17 06:44:20,353 - streamparse.stdout - INFO - Astros
2017-11-17 06:44:20,501 - streamparse.stdout - INFO - Could not create tcount
2017-11-17 06:44:20,646 - streamparse.stdout - INFO - could not create table
2017-11-17 06:44:20,647 - streamparse.stdout - INFO - ucount = 
2017-11-17 06:44:20,647 - streamparse.stdout - INFO - 1
2017-11-17 06:44:20,648 - streamparse.stdout - INFO - uword = 
2017-11-17 06:44:20,648 - streamparse.stdout - INFO - won
2017-11-17 06:44:20,820 - streamparse.stdout - INFO - Could not create tcount
2017-11-17 06:44:20,941 - streamparse.stdout - INFO - could not create table
2017-11-17 06:44:20,941 - streamparse.stdout - INFO - ucount = 
2017-11-17 06:44:20,942 - streamparse.stdout - INFO - 1
2017-11-17 06:44:20,942 - streamparse.stdout - INFO - uword = 
2017-11-17 06:44:20,942 - streamparse.stdout - INFO - World
2017-11-17 06:44:21,152 - streamparse.stdout - INFO - Could not create tcount
2017-11-17 06:44:21,288 - streamparse.stdout - INFO - could not create table
2017-11-17 06:44:21,289 - streamparse.stdout - INFO - ucount = 
2017-11-17 06:44:21,289 - streamparse.stdout - INFO - 1
2017-11-17 06:44:21,290 - streamparse.stdout - INFO - uword = 
2017-11-17 06:44:21,290 - streamparse.stdout - INFO - &amp
2017-11-17 06:44:21,458 - streamparse.stdout - INFO - Could not create tcount
2017-11-17 06:44:21,614 - streamparse.stdout - INFO - could not create table
2017-11-17 06:44:21,616 - streamparse.stdout - INFO - ucount = 
2017-11-17 06:44:21,617 - streamparse.stdout - INFO - 1
2017-11-17 06:44:21,617 - streamparse.stdout - INFO - uword = 
2017-11-17 06:44:21,617 - streamparse.stdout - INFO - defeated
2017-11-17 06:44:21,732 - streamparse.stdout - INFO - Could not create tcount
2017-11-17 06:44:21,879 - streamparse.stdout - INFO - could not create table
2017-11-17 06:44:21,880 - streamparse.stdout - INFO - ucount = 
2017-11-17 06:44:21,880 - streamparse.stdout - INFO - 1
2017-11-17 06:44:21,881 - streamparse.stdout - INFO - uword = 
2017-11-17 06:44:21,881 - streamparse.stdout - INFO - Yankees
2017-11-17 06:44:22,029 - streamparse.stdout - INFO - Could not create tcount
2017-11-17 06:44:22,146 - streamparse.stdout - INFO - could not create table
2017-11-17 06:44:22,147 - streamparse.stdout - INFO - ucount = 
2017-11-17 06:44:22,147 - streamparse.stdout - INFO - 1
2017-11-17 06:44:22,147 - streamparse.stdout - INFO - uword = 
2017-11-17 06:44:22,147 - streamparse.stdout - INFO - We
2017-11-17 06:44:22,257 - streamparse.stdout - INFO - Could not create tcount
2017-11-17 06:44:22,419 - streamparse.stdout - INFO - could not create table
2017-11-17 06:44:22,420 - streamparse.stdout - INFO - ucount = 
2017-11-17 06:44:22,420 - streamparse.stdout - INFO - 1
2017-11-17 06:44:22,421 - streamparse.stdout - INFO - uword = 
2017-11-17 06:44:22,422 - streamparse.stdout - INFO - V
2017-11-17 06:44:22,600 - streamparse.stdout - INFO - Could not create tcount
2017-11-17 06:44:22,704 - streamparse.stdout - INFO - could not create table
2017-11-17 06:44:22,706 - streamparse.stdout - INFO - ucount = 
2017-11-17 06:44:22,707 - streamparse.stdout - INFO - 1
2017-11-17 06:44:22,707 - streamparse.stdout - INFO - uword = 
2017-11-17 06:44:22,707 - streamparse.stdout - INFO - Live
2017-11-17 06:44:22,915 - streamparse.stdout - INFO - Could not create tcount
2017-11-17 06:44:23,032 - streamparse.stdout - INFO - could not create table
2017-11-17 06:44:23,032 - streamparse.stdout - INFO - ucount = 
2017-11-17 06:44:23,033 - streamparse.stdout - INFO - 1
2017-11-17 06:44:23,033 - streamparse.stdout - INFO - uword = 
2017-11-17 06:44:23,033 - streamparse.stdout - INFO - yet
2017-11-17 06:44:23,168 - streamparse.stdout - INFO - Could not create tcount
2017-11-17 06:44:23,357 - streamparse.stdout - INFO - could not create table
2017-11-17 06:44:23,358 - streamparse.stdout - INFO - ucount = 
2017-11-17 06:44:23,358 - streamparse.stdout - INFO - 1
2017-11-17 06:44:23,359 - streamparse.stdout - INFO - uword = 
2017-11-17 06:44:23,359 - streamparse.stdout - INFO - scare
2017-11-17 06:44:23,601 - streamparse.stdout - INFO - Could not create tcount
2017-11-17 06:44:23,771 - streamparse.stdout - INFO - could not create table
2017-11-17 06:44:23,772 - streamparse.stdout - INFO - ucount = 
2017-11-17 06:44:23,772 - streamparse.stdout - INFO - 1
2017-11-17 06:44:23,772 - streamparse.stdout - INFO - uword = 
2017-11-17 06:44:23,772 - streamparse.stdout - INFO - me
2017-11-17 06:44:23,970 - streamparse.stdout - INFO - Could not create tcount
2017-11-17 06:44:24,090 - streamparse.stdout - INFO - could not create table
2017-11-17 06:44:24,127 - streamparse.stdout - INFO - ucount = 
2017-11-17 06:44:24,128 - streamparse.stdout - INFO - 2
2017-11-17 06:44:24,128 - streamparse.stdout - INFO - uword = 
2017-11-17 06:44:24,128 - streamparse.stdout - INFO - me
2017-11-17 06:44:24,288 - streamparse.stdout - INFO - Could not create tcount
2017-11-17 06:44:24,407 - streamparse.stdout - INFO - could not create table
2017-11-17 06:44:24,408 - streamparse.stdout - INFO - ucount = 
2017-11-17 06:44:24,408 - streamparse.stdout - INFO - 1
2017-11-17 06:44:24,408 - streamparse.stdout - INFO - uword = 
2017-11-17 06:44:24,409 - streamparse.stdout - INFO - very
2017-11-17 06:44:24,603 - streamparse.stdout - INFO - Could not create tcount
2017-11-17 06:44:24,766 - streamparse.stdout - INFO - could not create table
2017-11-17 06:44:24,766 - streamparse.stdout - INFO - ucount = 
2017-11-17 06:44:24,767 - streamparse.stdout - INFO - 1
2017-11-17 06:44:24,767 - streamparse.stdout - INFO - uword = 
2017-11-17 06:44:24,767 - streamparse.stdout - INFO - our
2017-11-17 06:44:24,942 - streamparse.stdout - INFO - Could not create tcount
2017-11-17 06:44:25,048 - streamparse.stdout - INFO - could not create table
2017-11-17 06:44:25,101 - streamparse.stdout - INFO - ucount = 
2017-11-17 06:44:25,101 - streamparse.stdout - INFO - 1
2017-11-17 06:44:25,101 - streamparse.stdout - INFO - uword = 
2017-11-17 06:44:25,102 - streamparse.stdout - INFO - guys
2017-11-17 06:44:25,323 - streamparse.stdout - INFO - Could not create tcount
2017-11-17 06:44:25,444 - streamparse.stdout - INFO - could not create table
2017-11-17 06:44:25,445 - streamparse.stdout - INFO - ucount = 
2017-11-17 06:44:25,445 - streamparse.stdout - INFO - 1
2017-11-17 06:44:25,445 - streamparse.stdout - INFO - uword = 
2017-11-17 06:44:25,446 - streamparse.stdout - INFO - worth
2017-11-17 06:44:25,646 - streamparse.stdout - INFO - Could not create tcount
2017-11-17 06:44:25,793 - streamparse.stdout - INFO - could not create table
2017-11-17 06:44:25,794 - streamparse.stdout - INFO - ucount = 
2017-11-17 06:44:25,794 - streamparse.stdout - INFO - 1
2017-11-17 06:44:25,794 - streamparse.stdout - INFO - uword = 
2017-11-17 06:44:25,795 - streamparse.stdout - INFO - when
2017-11-17 06:44:25,971 - streamparse.stdout - INFO - Could not create tcount
2017-11-17 06:44:26,075 - streamparse.stdout - INFO - could not create table
2017-11-17 06:44:26,076 - streamparse.stdout - INFO - ucount = 
2017-11-17 06:44:26,076 - streamparse.stdout - INFO - 1
2017-11-17 06:44:26,076 - streamparse.stdout - INFO - uword = 
2017-11-17 06:44:26,077 - streamparse.stdout - INFO - been
2017-11-17 06:44:26,254 - streamparse.stdout - INFO - Could not create tcount
2017-11-17 06:44:26,423 - streamparse.stdout - INFO - could not create table
2017-11-17 06:44:26,424 - streamparse.stdout - INFO - ucount = 
2017-11-17 06:44:26,424 - streamparse.stdout - INFO - 1
2017-11-17 06:44:26,424 - streamparse.stdout - INFO - uword = 
2017-11-17 06:44:26,425 - streamparse.stdout - INFO - Reason
2017-11-17 06:44:26,534 - streamparse.stdout - INFO - Could not create tcount
2017-11-17 06:44:26,679 - streamparse.stdout - INFO - could not create table
2017-11-17 06:44:26,688 - streamparse.stdout - INFO - ucount = 
2017-11-17 06:44:26,689 - streamparse.stdout - INFO - 1
2017-11-17 06:44:26,689 - streamparse.stdout - INFO - uword = 
2017-11-17 06:44:26,689 - streamparse.stdout - INFO - there's
2017-11-17 06:44:26,918 - streamparse.stdout - INFO - Could not create tcount
2017-11-17 06:44:27,082 - streamparse.stdout - INFO - could not create table
2017-11-17 06:44:27,083 - streamparse.stdout - INFO - ucount = 
2017-11-17 06:44:27,083 - streamparse.stdout - INFO - 1
2017-11-17 06:44:27,083 - streamparse.stdout - INFO - uword = 
2017-11-17 06:44:27,083 - streamparse.stdout - INFO - Just
2017-11-17 06:44:27,230 - streamparse.stdout - INFO - Could not create tcount
2017-11-17 06:44:27,405 - streamparse.stdout - INFO - could not create table
2017-11-17 06:44:27,413 - streamparse.stdout - INFO - ucount = 
2017-11-17 06:44:27,413 - streamparse.stdout - INFO - 1
2017-11-17 06:44:27,413 - streamparse.stdout - INFO - uword = 
2017-11-17 06:44:27,413 - streamparse.stdout - INFO - because
2017-11-17 06:44:27,627 - streamparse.stdout - INFO - Could not create tcount
2017-11-17 06:44:27,781 - streamparse.stdout - INFO - could not create table
2017-11-17 06:44:27,781 - streamparse.stdout - INFO - ucount = 
2017-11-17 06:44:27,782 - streamparse.stdout - INFO - 1
2017-11-17 06:44:27,782 - streamparse.stdout - INFO - uword = 
2017-11-17 06:44:27,782 - streamparse.stdout - INFO - freedom
2017-11-17 06:44:27,953 - streamparse.stdout - INFO - Could not create tcount
2017-11-17 06:44:28,155 - streamparse.stdout - INFO - could not create table
2017-11-17 06:44:28,158 - streamparse.stdout - INFO - ucount = 
2017-11-17 06:44:28,158 - streamparse.stdout - INFO - 1
2017-11-17 06:44:28,158 - streamparse.stdout - INFO - uword = 
2017-11-17 06:44:28,158 - streamparse.stdout - INFO - loot
2017-11-17 06:44:28,435 - streamparse.stdout - INFO - Could not create tcount
2017-11-17 06:44:28,596 - streamparse.stdout - INFO - could not create table
2017-11-17 06:44:28,596 - streamparse.stdout - INFO - ucount = 
2017-11-17 06:44:28,597 - streamparse.stdout - INFO - 1
2017-11-17 06:44:28,597 - streamparse.stdout - INFO - uword = 
2017-11-17 06:44:28,597 - streamparse.stdout - INFO - don't
2017-11-17 06:44:28,836 - streamparse.stdout - INFO - Could not create tcount
2017-11-17 06:44:29,008 - streamparse.stdout - INFO - could not create table
2017-11-17 06:44:29,008 - streamparse.stdout - INFO - ucount = 
2017-11-17 06:44:29,009 - streamparse.stdout - INFO - 1
2017-11-17 06:44:29,009 - streamparse.stdout - INFO - uword = 
2017-11-17 06:44:29,009 - streamparse.stdout - INFO - doesn't
2017-11-17 06:44:29,211 - streamparse.stdout - INFO - Could not create tcount
2017-11-17 06:44:29,332 - streamparse.stdout - INFO - could not create table
2017-11-17 06:44:29,333 - streamparse.stdout - INFO - ucount = 
2017-11-17 06:44:29,333 - streamparse.stdout - INFO - 1
2017-11-17 06:44:29,334 - streamparse.stdout - INFO - uword = 
2017-11-17 06:44:29,334 - streamparse.stdout - INFO - 4
2017-11-17 06:44:29,548 - streamparse.stdout - INFO - Could not create tcount
2017-11-17 06:44:29,710 - streamparse.stdout - INFO - could not create table
2017-11-17 06:44:29,714 - streamparse.stdout - INFO - ucount = 
2017-11-17 06:44:29,715 - streamparse.stdout - INFO - 1
2017-11-17 06:44:29,715 - streamparse.stdout - INFO - uword = 
2017-11-17 06:44:29,715 - streamparse.stdout - INFO - lmk
2017-11-17 06:44:29,941 - streamparse.stdout - INFO - Could not create tcount
2017-11-17 06:44:30,109 - streamparse.stdout - INFO - could not create table
2017-11-17 06:44:30,134 - streamparse.stdout - INFO - ucount = 
2017-11-17 06:44:30,134 - streamparse.stdout - INFO - 1
2017-11-17 06:44:30,134 - streamparse.stdout - INFO - uword = 
2017-11-17 06:44:30,134 - streamparse.stdout - INFO - why
2017-11-17 06:44:30,330 - streamparse.stdout - INFO - Could not create tcount
2017-11-17 06:44:30,405 - streamparse.stdout - INFO - could not create table
2017-11-17 06:44:30,406 - streamparse.stdout - INFO - ucount = 
2017-11-17 06:44:30,406 - streamparse.stdout - INFO - 1
2017-11-17 06:44:30,406 - streamparse.stdout - INFO - uword = 
2017-11-17 06:44:30,406 - streamparse.stdout - INFO - Idk
2017-11-17 06:44:30,603 - streamparse.stdout - INFO - Could not create tcount
2017-11-17 06:44:30,799 - streamparse.stdout - INFO - could not create table
2017-11-17 06:44:30,800 - streamparse.stdout - INFO - ucount = 
2017-11-17 06:44:30,800 - streamparse.stdout - INFO - 1
2017-11-17 06:44:30,801 - streamparse.stdout - INFO - uword = 
2017-11-17 06:44:30,801 - streamparse.stdout - INFO - still
2017-11-17 06:44:31,016 - streamparse.stdout - INFO - Could not create tcount
2017-11-17 06:44:31,224 - streamparse.stdout - INFO - could not create table
2017-11-17 06:44:31,224 - streamparse.stdout - INFO - ucount = 
2017-11-17 06:44:31,225 - streamparse.stdout - INFO - 1
2017-11-17 06:44:31,225 - streamparse.stdout - INFO - uword = 
2017-11-17 06:44:31,225 - streamparse.stdout - INFO - thx
2017-11-17 06:44:31,442 - streamparse.stdout - INFO - Could not create tcount
2017-11-17 06:44:31,655 - streamparse.stdout - INFO - could not create table
2017-11-17 06:44:31,656 - streamparse.stdout - INFO - ucount = 
2017-11-17 06:44:31,656 - streamparse.stdout - INFO - 1
2017-11-17 06:44:31,656 - streamparse.stdout - INFO - uword = 
2017-11-17 06:44:31,656 - streamparse.stdout - INFO - is
2017-11-17 06:44:31,900 - streamparse.stdout - INFO - Could not create tcount
2017-11-17 06:44:32,067 - streamparse.stdout - INFO - could not create table
2017-11-17 06:44:32,068 - streamparse.stdout - INFO - ucount = 
2017-11-17 06:44:32,068 - streamparse.stdout - INFO - 1
2017-11-17 06:44:32,068 - streamparse.stdout - INFO - uword = 
2017-11-17 06:44:32,068 - streamparse.stdout - INFO - I'll
2017-11-17 06:44:32,302 - streamparse.stdout - INFO - Could not create tcount
2017-11-17 06:44:32,431 - streamparse.stdout - INFO - could not create table
2017-11-17 06:44:32,432 - streamparse.stdout - INFO - ucount = 
2017-11-17 06:44:32,432 - streamparse.stdout - INFO - 1
2017-11-17 06:44:32,432 - streamparse.stdout - INFO - uword = 
2017-11-17 06:44:32,433 - streamparse.stdout - INFO - We're
2017-11-17 06:44:32,614 - streamparse.stdout - INFO - Could not create tcount
2017-11-17 06:44:32,732 - streamparse.stdout - INFO - could not create table
2017-11-17 06:44:32,741 - streamparse.stdout - INFO - ucount = 
2017-11-17 06:44:32,741 - streamparse.stdout - INFO - 1
2017-11-17 06:44:32,741 - streamparse.stdout - INFO - uword = 
2017-11-17 06:44:32,741 - streamparse.stdout - INFO - This
2017-11-17 06:44:32,935 - streamparse.stdout - INFO - Could not create tcount
2017-11-17 06:44:33,114 - streamparse.stdout - INFO - could not create table
2017-11-17 06:44:33,114 - streamparse.stdout - INFO - ucount = 
2017-11-17 06:44:33,115 - streamparse.stdout - INFO - 1
2017-11-17 06:44:33,115 - streamparse.stdout - INFO - uword = 
2017-11-17 06:44:33,115 - streamparse.stdout - INFO - there
2017-11-17 06:44:33,341 - streamparse.stdout - INFO - Could not create tcount
2017-11-17 06:44:33,541 - streamparse.stdout - INFO - could not create table
2017-11-17 06:44:33,542 - streamparse.stdout - INFO - ucount = 
2017-11-17 06:44:33,542 - streamparse.stdout - INFO - 2
2017-11-17 06:44:33,542 - streamparse.stdout - INFO - uword = 
2017-11-17 06:44:33,542 - streamparse.stdout - INFO - yet
2017-11-17 06:44:33,622 - streamparse.stdout - INFO - Could not create tcount
2017-11-17 06:44:33,653 - streamparse.stdout - INFO - could not create table
2017-11-17 06:44:33,653 - streamparse.stdout - INFO - ucount = 
2017-11-17 06:44:33,654 - streamparse.stdout - INFO - 1
2017-11-17 06:44:33,654 - streamparse.stdout - INFO - uword = 
2017-11-17 06:44:33,654 - streamparse.stdout - INFO - new
2017-11-17 06:44:34,345 - streamparse.stdout - INFO - Could not create tcount
2017-11-17 06:44:34,376 - streamparse.stdout - INFO - could not create table
2017-11-17 06:44:34,451 - streamparse.stdout - INFO - ucount = 
2017-11-17 06:44:34,451 - streamparse.stdout - INFO - 1
2017-11-17 06:44:34,451 - streamparse.stdout - INFO - uword = 
2017-11-17 06:44:34,451 - streamparse.stdout - INFO - with
2017-11-17 06:44:34,684 - streamparse.stdout - INFO - Could not create tcount
2017-11-17 06:44:34,867 - streamparse.stdout - INFO - could not create table
2017-11-17 06:44:34,868 - streamparse.stdout - INFO - ucount = 
2017-11-17 06:44:34,868 - streamparse.stdout - INFO - 1
2017-11-17 06:44:34,868 - streamparse.stdout - INFO - uword = 
2017-11-17 06:44:34,868 - streamparse.stdout - INFO - from
2017-11-17 06:44:35,063 - streamparse.stdout - INFO - Could not create tcount
2017-11-17 06:44:35,212 - streamparse.stdout - INFO - could not create table
2017-11-17 06:44:35,213 - streamparse.stdout - INFO - ucount = 
2017-11-17 06:44:35,214 - streamparse.stdout - INFO - 1
2017-11-17 06:44:35,214 - streamparse.stdout - INFO - uword = 
2017-11-17 06:44:35,214 - streamparse.stdout - INFO - so
2017-11-17 06:44:35,461 - streamparse.stdout - INFO - Could not create tcount
2017-11-17 06:44:35,557 - streamparse.stdout - INFO - could not create table
2017-11-17 06:44:35,576 - streamparse.stdout - INFO - ucount = 
2017-11-17 06:44:35,576 - streamparse.stdout - INFO - 1
2017-11-17 06:44:35,576 - streamparse.stdout - INFO - uword = 
2017-11-17 06:44:35,576 - streamparse.stdout - INFO - Indonesia
2017-11-17 06:44:35,699 - streamparse.stdout - INFO - Could not create tcount
2017-11-17 06:44:35,824 - streamparse.stdout - INFO - could not create table
2017-11-17 06:44:35,825 - streamparse.stdout - INFO - ucount = 
2017-11-17 06:44:35,825 - streamparse.stdout - INFO - 1
2017-11-17 06:44:35,826 - streamparse.stdout - INFO - uword = 
2017-11-17 06:44:35,826 - streamparse.stdout - INFO - we
2017-11-17 06:44:35,959 - streamparse.stdout - INFO - Could not create tcount
2017-11-17 06:44:36,064 - streamparse.stdout - INFO - could not create table
2017-11-17 06:44:36,065 - streamparse.stdout - INFO - ucount = 
2017-11-17 06:44:36,065 - streamparse.stdout - INFO - 1
2017-11-17 06:44:36,065 - streamparse.stdout - INFO - uword = 
2017-11-17 06:44:36,065 - streamparse.stdout - INFO - kilig
2017-11-17 06:44:36,231 - streamparse.stdout - INFO - Could not create tcount
2017-11-17 06:44:36,319 - streamparse.stdout - INFO - could not create table
2017-11-17 06:44:36,342 - streamparse.stdout - INFO - ucount = 
2017-11-17 06:44:36,342 - streamparse.stdout - INFO - 1
2017-11-17 06:44:36,342 - streamparse.stdout - INFO - uword = 
2017-11-17 06:44:36,342 - streamparse.stdout - INFO - Last
2017-11-17 06:44:36,489 - streamparse.stdout - INFO - Could not create tcount
2017-11-17 06:44:36,608 - streamparse.stdout - INFO - could not create table
2017-11-17 06:44:36,609 - streamparse.stdout - INFO - ucount = 
2017-11-17 06:44:36,609 - streamparse.stdout - INFO - 1
2017-11-17 06:44:36,610 - streamparse.stdout - INFO - uword = 
2017-11-17 06:44:36,610 - streamparse.stdout - INFO - chance
2017-11-17 06:44:36,742 - streamparse.stdout - INFO - Could not create tcount
2017-11-17 06:44:36,842 - streamparse.stdout - INFO - could not create table
2017-11-17 06:44:36,843 - streamparse.stdout - INFO - ucount = 
2017-11-17 06:44:36,843 - streamparse.stdout - INFO - 1
2017-11-17 06:44:36,843 - streamparse.stdout - INFO - uword = 
2017-11-17 06:44:36,843 - streamparse.stdout - INFO - sounds
2017-11-17 06:44:36,956 - streamparse.stdout - INFO - Could not create tcount
2017-11-17 06:44:37,078 - streamparse.stdout - INFO - could not create table
2017-11-17 06:44:37,079 - streamparse.stdout - INFO - ucount = 
2017-11-17 06:44:37,079 - streamparse.stdout - INFO - 1
2017-11-17 06:44:37,080 - streamparse.stdout - INFO - uword = 
2017-11-17 06:44:37,080 - streamparse.stdout - INFO - twist!
2017-11-17 06:44:37,251 - streamparse.stdout - INFO - Could not create tcount
2017-11-17 06:44:37,368 - streamparse.stdout - INFO - could not create table
2017-11-17 06:44:37,369 - streamparse.stdout - INFO - ucount = 
2017-11-17 06:44:37,369 - streamparse.stdout - INFO - 1
2017-11-17 06:44:37,369 - streamparse.stdout - INFO - uword = 
2017-11-17 06:44:37,369 - streamparse.stdout - INFO - Sonic
2017-11-17 06:44:37,550 - streamparse.stdout - INFO - Could not create tcount
2017-11-17 06:44:37,666 - streamparse.stdout - INFO - could not create table
2017-11-17 06:44:37,667 - streamparse.stdout - INFO - ucount = 
2017-11-17 06:44:37,667 - streamparse.stdout - INFO - 2
2017-11-17 06:44:37,667 - streamparse.stdout - INFO - uword = 
2017-11-17 06:44:37,668 - streamparse.stdout - INFO - with
2017-11-17 06:44:37,812 - streamparse.stdout - INFO - Could not create tcount
2017-11-17 06:44:37,896 - streamparse.stdout - INFO - could not create table
2017-11-17 06:44:37,896 - streamparse.stdout - INFO - ucount = 
2017-11-17 06:44:37,897 - streamparse.stdout - INFO - 2
2017-11-17 06:44:37,897 - streamparse.stdout - INFO - uword = 
2017-11-17 06:44:37,897 - streamparse.stdout - INFO - chance
2017-11-17 06:44:38,076 - streamparse.stdout - INFO - Could not create tcount
2017-11-17 06:44:38,207 - streamparse.stdout - INFO - could not create table
2017-11-17 06:44:38,208 - streamparse.stdout - INFO - ucount = 
2017-11-17 06:44:38,208 - streamparse.stdout - INFO - 1
2017-11-17 06:44:38,208 - streamparse.stdout - INFO - uword = 
2017-11-17 06:44:38,208 - streamparse.stdout - INFO - win
2017-11-17 06:44:38,414 - streamparse.stdout - INFO - Could not create tcount
2017-11-17 06:44:38,553 - streamparse.stdout - INFO - could not create table
2017-11-17 06:44:38,554 - streamparse.stdout - INFO - ucount = 
2017-11-17 06:44:38,555 - streamparse.stdout - INFO - 1
2017-11-17 06:44:38,555 - streamparse.stdout - INFO - uword = 
2017-11-17 06:44:38,555 - streamparse.stdout - INFO - packed
2017-11-17 06:44:38,743 - streamparse.stdout - INFO - Could not create tcount
2017-11-17 06:44:38,864 - streamparse.stdout - INFO - could not create table
2017-11-17 06:44:38,865 - streamparse.stdout - INFO - ucount = 
2017-11-17 06:44:38,865 - streamparse.stdout - INFO - 3
2017-11-17 06:44:38,866 - streamparse.stdout - INFO - uword = 
2017-11-17 06:44:38,866 - streamparse.stdout - INFO - with
2017-11-17 06:44:39,030 - streamparse.stdout - INFO - Could not create tcount
2017-11-17 06:44:39,133 - streamparse.stdout - INFO - could not create table
2017-11-17 06:44:39,134 - streamparse.stdout - INFO - ucount = 
2017-11-17 06:44:39,134 - streamparse.stdout - INFO - 1
2017-11-17 06:44:39,134 - streamparse.stdout - INFO - uword = 
2017-11-17 06:44:39,134 - streamparse.stdout - INFO - B
2017-11-17 06:44:39,349 - streamparse.stdout - INFO - Could not create tcount
2017-11-17 06:44:39,464 - streamparse.stdout - INFO - could not create table
2017-11-17 06:44:39,464 - streamparse.stdout - INFO - ucount = 
2017-11-17 06:44:39,465 - streamparse.stdout - INFO - 1
2017-11-17 06:44:39,465 - streamparse.stdout - INFO - uword = 
2017-11-17 06:44:39,465 - streamparse.stdout - INFO - 2
2017-11-17 06:44:39,636 - streamparse.stdout - INFO - Could not create tcount
2017-11-17 06:44:39,748 - streamparse.stdout - INFO - could not create table
2017-11-17 06:44:39,775 - streamparse.stdout - INFO - ucount = 
2017-11-17 06:44:39,775 - streamparse.stdout - INFO - 2
2017-11-17 06:44:39,775 - streamparse.stdout - INFO - uword = 
2017-11-17 06:44:39,776 - streamparse.stdout - INFO - new
2017-11-17 06:44:39,893 - streamparse.stdout - INFO - Could not create tcount
2017-11-17 06:44:40,024 - streamparse.stdout - INFO - could not create table
2017-11-17 06:44:40,024 - streamparse.stdout - INFO - ucount = 
2017-11-17 06:44:40,025 - streamparse.stdout - INFO - 1
2017-11-17 06:44:40,025 - streamparse.stdout - INFO - uword = 
2017-11-17 06:44:40,025 - streamparse.stdout - INFO - version
2017-11-17 06:44:40,166 - streamparse.stdout - INFO - Could not create tcount
2017-11-17 06:44:40,284 - streamparse.stdout - INFO - could not create table
2017-11-17 06:44:40,285 - streamparse.stdout - INFO - ucount = 
2017-11-17 06:44:40,285 - streamparse.stdout - INFO - 1
2017-11-17 06:44:40,285 - streamparse.stdout - INFO - uword = 
2017-11-17 06:44:40,285 - streamparse.stdout - INFO - party/meet
2017-11-17 06:44:40,402 - streamparse.stdout - INFO - Could not create tcount
2017-11-17 06:44:40,559 - streamparse.stdout - INFO - could not create table
2017-11-17 06:44:40,560 - streamparse.stdout - INFO - ucount = 
2017-11-17 06:44:40,560 - streamparse.stdout - INFO - 1
2017-11-17 06:44:40,560 - streamparse.stdout - INFO - uword = 
2017-11-17 06:44:40,560 - streamparse.stdout - INFO - Flavor
2017-11-17 06:44:40,676 - streamparse.stdout - INFO - Could not create tcount
2017-11-17 06:44:40,845 - streamparse.stdout - INFO - could not create table
2017-11-17 06:44:40,846 - streamparse.stdout - INFO - ucount = 
2017-11-17 06:44:40,846 - streamparse.stdout - INFO - 2
2017-11-17 06:44:40,847 - streamparse.stdout - INFO - uword = 
2017-11-17 06:44:40,847 - streamparse.stdout - INFO - is
2017-11-17 06:44:40,997 - streamparse.stdout - INFO - Could not create tcount
2017-11-17 06:44:41,167 - streamparse.stdout - INFO - could not create table
2017-11-17 06:44:41,168 - streamparse.stdout - INFO - ucount = 
2017-11-17 06:44:41,168 - streamparse.stdout - INFO - 2
2017-11-17 06:44:41,168 - streamparse.stdout - INFO - uword = 
2017-11-17 06:44:41,169 - streamparse.stdout - INFO - &amp
2017-11-17 06:44:41,333 - streamparse.stdout - INFO - Could not create tcount
2017-11-17 06:44:41,493 - streamparse.stdout - INFO - could not create table
2017-11-17 06:44:41,494 - streamparse.stdout - INFO - ucount = 
2017-11-17 06:44:41,494 - streamparse.stdout - INFO - 1
2017-11-17 06:44:41,494 - streamparse.stdout - INFO - uword = 
2017-11-17 06:44:41,495 - streamparse.stdout - INFO - talking
2017-11-17 06:44:41,671 - streamparse.stdout - INFO - Could not create tcount
2017-11-17 06:44:41,799 - streamparse.stdout - INFO - could not create table
2017-11-17 06:44:41,806 - streamparse.stdout - INFO - ucount = 
2017-11-17 06:44:41,806 - streamparse.stdout - INFO - 1
2017-11-17 06:44:41,807 - streamparse.stdout - INFO - uword = 
2017-11-17 06:44:41,807 - streamparse.stdout - INFO - operate
2017-11-17 06:44:41,993 - streamparse.stdout - INFO - Could not create tcount
2017-11-17 06:44:42,104 - streamparse.stdout - INFO - could not create table
2017-11-17 06:44:42,105 - streamparse.stdout - INFO - ucount = 
2017-11-17 06:44:42,105 - streamparse.stdout - INFO - 1
2017-11-17 06:44:42,105 - streamparse.stdout - INFO - uword = 
2017-11-17 06:44:42,105 - streamparse.stdout - INFO - other
2017-11-17 06:44:42,262 - streamparse.stdout - INFO - Could not create tcount
2017-11-17 06:44:42,351 - streamparse.stdout - INFO - could not create table
2017-11-17 06:44:42,357 - streamparse.stdout - INFO - ucount = 
2017-11-17 06:44:42,357 - streamparse.stdout - INFO - 1
2017-11-17 06:44:42,357 - streamparse.stdout - INFO - uword = 
2017-11-17 06:44:42,358 - streamparse.stdout - INFO - countries
2017-11-17 06:44:42,517 - streamparse.stdout - INFO - Could not create tcount
2017-11-17 06:44:42,628 - streamparse.stdout - INFO - could not create table
2017-11-17 06:44:42,628 - streamparse.stdout - INFO - ucount = 
2017-11-17 06:44:42,629 - streamparse.stdout - INFO - 3
2017-11-17 06:44:42,629 - streamparse.stdout - INFO - uword = 
2017-11-17 06:44:42,629 - streamparse.stdout - INFO - &amp
2017-11-17 06:44:42,815 - streamparse.stdout - INFO - Could not create tcount
2017-11-17 06:44:42,906 - streamparse.stdout - INFO - could not create table
2017-11-17 06:44:42,934 - streamparse.stdout - INFO - ucount = 
2017-11-17 06:44:42,935 - streamparse.stdout - INFO - 1
2017-11-17 06:44:42,935 - streamparse.stdout - INFO - uword = 
2017-11-17 06:44:42,935 - streamparse.stdout - INFO - inside
2017-11-17 06:44:43,126 - streamparse.stdout - INFO - Could not create tcount
2017-11-17 06:44:43,247 - streamparse.stdout - INFO - could not create table
2017-11-17 06:44:43,248 - streamparse.stdout - INFO - ucount = 
2017-11-17 06:44:43,248 - streamparse.stdout - INFO - 3
2017-11-17 06:44:43,248 - streamparse.stdout - INFO - uword = 
2017-11-17 06:44:43,248 - streamparse.stdout - INFO - is
2017-11-17 06:44:43,462 - streamparse.stdout - INFO - Could not create tcount
2017-11-17 06:44:43,570 - streamparse.stdout - INFO - could not create table
2017-11-17 06:44:43,571 - streamparse.stdout - INFO - ucount = 
2017-11-17 06:44:43,571 - streamparse.stdout - INFO - 1
2017-11-17 06:44:43,571 - streamparse.stdout - INFO - uword = 
2017-11-17 06:44:43,571 - streamparse.stdout - INFO - *holds
2017-11-17 06:44:43,738 - streamparse.stdout - INFO - Could not create tcount
2017-11-17 06:44:43,843 - streamparse.stdout - INFO - could not create table
2017-11-17 06:44:43,867 - streamparse.stdout - INFO - ucount = 
2017-11-17 06:44:43,868 - streamparse.stdout - INFO - 4
2017-11-17 06:44:43,868 - streamparse.stdout - INFO - uword = 
2017-11-17 06:44:43,868 - streamparse.stdout - INFO - with
2017-11-17 06:44:44,062 - streamparse.stdout - INFO - Could not create tcount
2017-11-17 06:44:44,182 - streamparse.stdout - INFO - could not create table
2017-11-17 06:44:44,182 - streamparse.stdout - INFO - ucount = 
2017-11-17 06:44:44,182 - streamparse.stdout - INFO - 1
2017-11-17 06:44:44,183 - streamparse.stdout - INFO - uword = 
2017-11-17 06:44:44,183 - streamparse.stdout - INFO - how
2017-11-17 06:44:44,360 - streamparse.stdout - INFO - Could not create tcount
2017-11-17 06:44:44,484 - streamparse.stdout - INFO - could not create table
2017-11-17 06:44:44,484 - streamparse.stdout - INFO - ucount = 
2017-11-17 06:44:44,485 - streamparse.stdout - INFO - 1
2017-11-17 06:44:44,485 - streamparse.stdout - INFO - uword = 
2017-11-17 06:44:44,485 - streamparse.stdout - INFO - they
2017-11-17 06:44:44,680 - streamparse.stdout - INFO - Could not create tcount
2017-11-17 06:44:44,812 - streamparse.stdout - INFO - could not create table
2017-11-17 06:44:44,826 - streamparse.stdout - INFO - ucount = 
2017-11-17 06:44:44,826 - streamparse.stdout - INFO - 1
2017-11-17 06:44:44,826 - streamparse.stdout - INFO - uword = 
2017-11-17 06:44:44,826 - streamparse.stdout - INFO - treat
2017-11-17 06:44:45,014 - streamparse.stdout - INFO - Could not create tcount
2017-11-17 06:44:45,133 - streamparse.stdout - INFO - could not create table
2017-11-17 06:44:45,154 - streamparse.stdout - INFO - ucount = 
2017-11-17 06:44:45,154 - streamparse.stdout - INFO - 1
2017-11-17 06:44:45,155 - streamparse.stdout - INFO - uword = 
2017-11-17 06:44:45,155 - streamparse.stdout - INFO - head
2017-11-17 06:44:45,375 - streamparse.stdout - INFO - Could not create tcount
2017-11-17 06:44:45,508 - streamparse.stdout - INFO - could not create table
2017-11-17 06:44:45,509 - streamparse.stdout - INFO - ucount = 
2017-11-17 06:44:45,510 - streamparse.stdout - INFO - 1
2017-11-17 06:44:45,510 - streamparse.stdout - INFO - uword = 
2017-11-17 06:44:45,510 - streamparse.stdout - INFO - hands*
2017-11-17 06:44:45,739 - streamparse.stdout - INFO - Could not create tcount
2017-11-17 06:44:45,881 - streamparse.stdout - INFO - could not create table
2017-11-17 06:44:45,882 - streamparse.stdout - INFO - ucount = 
2017-11-17 06:44:45,882 - streamparse.stdout - INFO - 2
2017-11-17 06:44:45,883 - streamparse.stdout - INFO - uword = 
2017-11-17 06:44:45,883 - streamparse.stdout - INFO - when
2017-11-17 06:44:46,092 - streamparse.stdout - INFO - Could not create tcount
2017-11-17 06:44:46,249 - streamparse.stdout - INFO - could not create table
2017-11-17 06:44:46,250 - streamparse.stdout - INFO - ucount = 
2017-11-17 06:44:46,250 - streamparse.stdout - INFO - 1
2017-11-17 06:44:46,250 - streamparse.stdout - INFO - uword = 
2017-11-17 06:44:46,250 - streamparse.stdout - INFO - as
2017-11-17 06:44:46,450 - streamparse.stdout - INFO - Could not create tcount
2017-11-17 06:44:46,556 - streamparse.stdout - INFO - could not create table
2017-11-17 06:44:46,557 - streamparse.stdout - INFO - ucount = 
2017-11-17 06:44:46,557 - streamparse.stdout - INFO - 1
2017-11-17 06:44:46,558 - streamparse.stdout - INFO - uword = 
2017-11-17 06:44:46,558 - streamparse.stdout - INFO - now
2017-11-17 06:44:46,718 - streamparse.stdout - INFO - Could not create tcount
2017-11-17 06:44:46,839 - streamparse.stdout - INFO - could not create table
2017-11-17 06:44:46,840 - streamparse.stdout - INFO - ucount = 
2017-11-17 06:44:46,840 - streamparse.stdout - INFO - 1
2017-11-17 06:44:46,840 - streamparse.stdout - INFO - uword = 
2017-11-17 06:44:46,840 - streamparse.stdout - INFO - Got
2017-11-17 06:44:47,026 - streamparse.stdout - INFO - Could not create tcount
2017-11-17 06:44:47,169 - streamparse.stdout - INFO - could not create table
2017-11-17 06:44:47,170 - streamparse.stdout - INFO - ucount = 
2017-11-17 06:44:47,170 - streamparse.stdout - INFO - 1
2017-11-17 06:44:47,170 - streamparse.stdout - INFO - uword = 
2017-11-17 06:44:47,171 - streamparse.stdout - INFO - my
2017-11-17 06:44:47,387 - streamparse.stdout - INFO - Could not create tcount
2017-11-17 06:44:47,540 - streamparse.stdout - INFO - could not create table
2017-11-17 06:44:47,540 - streamparse.stdout - INFO - ucount = 
2017-11-17 06:44:47,541 - streamparse.stdout - INFO - 1
2017-11-17 06:44:47,541 - streamparse.stdout - INFO - uword = 
2017-11-17 06:44:47,541 - streamparse.stdout - INFO - heart
2017-11-17 06:44:47,743 - streamparse.stdout - INFO - Could not create tcount
2017-11-17 06:44:47,866 - streamparse.stdout - INFO - could not create table
2017-11-17 06:44:47,867 - streamparse.stdout - INFO - ucount = 
2017-11-17 06:44:47,867 - streamparse.stdout - INFO - 2
2017-11-17 06:44:47,867 - streamparse.stdout - INFO - uword = 
2017-11-17 06:44:47,867 - streamparse.stdout - INFO - they
2017-11-17 06:44:48,050 - streamparse.stdout - INFO - Could not create tcount
2017-11-17 06:44:48,182 - streamparse.stdout - INFO - could not create table
2017-11-17 06:44:48,182 - streamparse.stdout - INFO - ucount = 
2017-11-17 06:44:48,183 - streamparse.stdout - INFO - 1
2017-11-17 06:44:48,183 - streamparse.stdout - INFO - uword = 
2017-11-17 06:44:48,183 - streamparse.stdout - INFO - think
2017-11-17 06:44:48,359 - streamparse.stdout - INFO - Could not create tcount
2017-11-17 06:44:48,490 - streamparse.stdout - INFO - could not create table
2017-11-17 06:44:48,490 - streamparse.stdout - INFO - ucount = 
2017-11-17 06:44:48,491 - streamparse.stdout - INFO - 1
2017-11-17 06:44:48,491 - streamparse.stdout - INFO - uword = 
2017-11-17 06:44:48,491 - streamparse.stdout - INFO - set
2017-11-17 06:44:48,640 - streamparse.stdout - INFO - Could not create tcount
2017-11-17 06:44:48,755 - streamparse.stdout - INFO - could not create table
2017-11-17 06:44:48,782 - streamparse.stdout - INFO - ucount = 
2017-11-17 06:44:48,782 - streamparse.stdout - INFO - 1
2017-11-17 06:44:48,782 - streamparse.stdout - INFO - uword = 
2017-11-17 06:44:48,783 - streamparse.stdout - INFO - better
2017-11-17 06:44:48,917 - streamparse.stdout - INFO - Could not create tcount
2017-11-17 06:44:49,056 - streamparse.stdout - INFO - could not create table
2017-11-17 06:44:49,057 - streamparse.stdout - INFO - ucount = 
2017-11-17 06:44:49,057 - streamparse.stdout - INFO - 2
2017-11-17 06:44:49,057 - streamparse.stdout - INFO - uword = 
2017-11-17 06:44:49,057 - streamparse.stdout - INFO - Got
2017-11-17 06:44:49,206 - streamparse.stdout - INFO - Could not create tcount
2017-11-17 06:44:49,345 - streamparse.stdout - INFO - could not create table
2017-11-17 06:44:49,346 - streamparse.stdout - INFO - ucount = 
2017-11-17 06:44:49,346 - streamparse.stdout - INFO - 2
2017-11-17 06:44:49,347 - streamparse.stdout - INFO - uword = 
2017-11-17 06:44:49,347 - streamparse.stdout - INFO - there
2017-11-17 06:44:49,489 - streamparse.stdout - INFO - Could not create tcount
2017-11-17 06:44:49,661 - streamparse.stdout - INFO - could not create table
2017-11-17 06:44:49,662 - streamparse.stdout - INFO - ucount = 
2017-11-17 06:44:49,662 - streamparse.stdout - INFO - 3
2017-11-17 06:44:49,663 - streamparse.stdout - INFO - uword = 
2017-11-17 06:44:49,663 - streamparse.stdout - INFO - Got
2017-11-17 06:44:49,841 - streamparse.stdout - INFO - Could not create tcount
2017-11-17 06:44:49,997 - streamparse.stdout - INFO - could not create table
2017-11-17 06:44:49,997 - streamparse.stdout - INFO - ucount = 
2017-11-17 06:44:49,998 - streamparse.stdout - INFO - 2
2017-11-17 06:44:49,998 - streamparse.stdout - INFO - uword = 
2017-11-17 06:44:49,998 - streamparse.stdout - INFO - my
2017-11-17 06:44:50,185 - streamparse.stdout - INFO - Could not create tcount
2017-11-17 06:44:50,323 - streamparse.stdout - INFO - could not create table
2017-11-17 06:44:50,323 - streamparse.stdout - INFO - ucount = 
2017-11-17 06:44:50,323 - streamparse.stdout - INFO - 1
2017-11-17 06:44:50,324 - streamparse.stdout - INFO - uword = 
2017-11-17 06:44:50,324 - streamparse.stdout - INFO - eyes
2017-11-17 06:44:50,471 - streamparse.stdout - INFO - Could not create tcount
2017-11-17 06:44:50,576 - streamparse.stdout - INFO - could not create table
2017-11-17 06:44:50,577 - streamparse.stdout - INFO - ucount = 
2017-11-17 06:44:50,577 - streamparse.stdout - INFO - 2
2017-11-17 06:44:50,577 - streamparse.stdout - INFO - uword = 
2017-11-17 06:44:50,577 - streamparse.stdout - INFO - set
2017-11-17 06:44:50,697 - streamparse.stdout - INFO - Could not create tcount
2017-11-17 06:44:50,769 - streamparse.stdout - INFO - could not create table
2017-11-17 06:44:50,770 - streamparse.stdout - INFO - ucount = 
2017-11-17 06:44:50,770 - streamparse.stdout - INFO - 3
2017-11-17 06:44:50,770 - streamparse.stdout - INFO - uword = 
2017-11-17 06:44:50,770 - streamparse.stdout - INFO - my
2017-11-17 06:44:50,849 - streamparse.stdout - INFO - Could not create tcount
2017-11-17 06:44:50,901 - streamparse.stdout - INFO - could not create table
2017-11-17 06:44:50,902 - streamparse.stdout - INFO - ucount = 
2017-11-17 06:44:50,902 - streamparse.stdout - INFO - 2
2017-11-17 06:44:50,902 - streamparse.stdout - INFO - uword = 
2017-11-17 06:44:50,902 - streamparse.stdout - INFO - heart
2017-11-17 06:44:50,944 - streamparse.stdout - INFO - Could not create tcount
2017-11-17 06:44:50,981 - streamparse.stdout - INFO - could not create table
2017-11-17 06:44:50,981 - streamparse.stdout - INFO - ucount = 
2017-11-17 06:44:50,982 - streamparse.stdout - INFO - 3
2017-11-17 06:44:50,982 - streamparse.stdout - INFO - uword = 
2017-11-17 06:44:50,982 - streamparse.stdout - INFO - set
2017-11-17 06:44:51,054 - streamparse.stdout - INFO - Could not create tcount
2017-11-17 06:44:51,097 - streamparse.stdout - INFO - could not create table
2017-11-17 06:44:51,097 - streamparse.stdout - INFO - ucount = 
2017-11-17 06:44:51,098 - streamparse.stdout - INFO - 4
2017-11-17 06:44:51,098 - streamparse.stdout - INFO - uword = 
2017-11-17 06:44:51,098 - streamparse.stdout - INFO - is
2017-11-17 06:44:51,146 - streamparse.stdout - INFO - Could not create tcount
2017-11-17 06:44:51,185 - streamparse.stdout - INFO - could not create table
2017-11-17 06:44:51,187 - streamparse.stdout - INFO - ucount = 
2017-11-17 06:44:51,187 - streamparse.stdout - INFO - 1
2017-11-17 06:44:51,187 - streamparse.stdout - INFO - uword = 
2017-11-17 06:44:51,187 - streamparse.stdout - INFO - terrorist
2017-11-17 06:44:51,234 - streamparse.stdout - INFO - Could not create tcount
2017-11-17 06:44:51,269 - streamparse.stdout - INFO - could not create table
2017-11-17 06:44:51,270 - streamparse.stdout - INFO - ucount = 
2017-11-17 06:44:51,270 - streamparse.stdout - INFO - 4
2017-11-17 06:44:51,270 - streamparse.stdout - INFO - uword = 
2017-11-17 06:44:51,271 - streamparse.stdout - INFO - Got
2017-11-17 06:44:51,316 - streamparse.stdout - INFO - Could not create tcount
2017-11-17 06:44:51,354 - streamparse.stdout - INFO - could not create table
2017-11-17 06:44:51,354 - streamparse.stdout - INFO - ucount = 
2017-11-17 06:44:51,355 - streamparse.stdout - INFO - 1
2017-11-17 06:44:51,355 - streamparse.stdout - INFO - uword = 
2017-11-17 06:44:51,355 - streamparse.stdout - INFO - attack
2017-11-17 06:44:51,395 - streamparse.stdout - INFO - Could not create tcount
2017-11-17 06:44:51,431 - streamparse.stdout - INFO - could not create table
2017-11-17 06:44:51,432 - streamparse.stdout - INFO - ucount = 
2017-11-17 06:44:51,432 - streamparse.stdout - INFO - 2
2017-11-17 06:44:51,432 - streamparse.stdout - INFO - uword = 
2017-11-17 06:44:51,433 - streamparse.stdout - INFO - don't
2017-11-17 06:44:51,472 - streamparse.stdout - INFO - Could not create tcount
2017-11-17 06:44:51,508 - streamparse.stdout - INFO - could not create table
2017-11-17 06:44:51,508 - streamparse.stdout - INFO - ucount = 
2017-11-17 06:44:51,509 - streamparse.stdout - INFO - 4
2017-11-17 06:44:51,509 - streamparse.stdout - INFO - uword = 
2017-11-17 06:44:51,509 - streamparse.stdout - INFO - my
2017-11-17 06:44:51,547 - streamparse.stdout - INFO - Could not create tcount
2017-11-17 06:44:51,585 - streamparse.stdout - INFO - could not create table
2017-11-17 06:44:51,585 - streamparse.stdout - INFO - ucount = 
2017-11-17 06:44:51,585 - streamparse.stdout - INFO - 2
2017-11-17 06:44:51,586 - streamparse.stdout - INFO - uword = 
2017-11-17 06:44:51,586 - streamparse.stdout - INFO - eyes
2017-11-17 06:44:51,632 - streamparse.stdout - INFO - Could not create tcount
2017-11-17 06:44:51,663 - streamparse.stdout - INFO - could not create table
2017-11-17 06:44:51,664 - streamparse.stdout - INFO - ucount = 
2017-11-17 06:44:51,664 - streamparse.stdout - INFO - 1
2017-11-17 06:44:51,664 - streamparse.stdout - INFO - uword = 
2017-11-17 06:44:51,664 - streamparse.stdout - INFO - love
2017-11-17 06:44:51,708 - streamparse.stdout - INFO - Could not create tcount
2017-11-17 06:44:51,752 - streamparse.stdout - INFO - could not create table
2017-11-17 06:44:51,752 - streamparse.stdout - INFO - ucount = 
2017-11-17 06:44:51,752 - streamparse.stdout - INFO - 1
2017-11-17 06:44:51,753 - streamparse.stdout - INFO - uword = 
2017-11-17 06:44:51,753 - streamparse.stdout - INFO - stop
2017-11-17 06:44:51,805 - streamparse.stdout - INFO - Could not create tcount
2017-11-17 06:44:51,841 - streamparse.stdout - INFO - could not create table
2017-11-17 06:44:51,844 - streamparse.stdout - INFO - ucount = 
2017-11-17 06:44:51,844 - streamparse.stdout - INFO - 4
2017-11-17 06:44:51,844 - streamparse.stdout - INFO - uword = 
2017-11-17 06:44:51,844 - streamparse.stdout - INFO - set
2017-11-17 06:44:51,899 - streamparse.stdout - INFO - Could not create tcount
2017-11-17 06:44:51,940 - streamparse.stdout - INFO - could not create table
2017-11-17 06:44:51,941 - streamparse.stdout - INFO - ucount = 
2017-11-17 06:44:51,941 - streamparse.stdout - INFO - 2
2017-11-17 06:44:51,942 - streamparse.stdout - INFO - uword = 
2017-11-17 06:44:51,942 - streamparse.stdout - INFO - love
2017-11-17 06:44:51,996 - streamparse.stdout - INFO - Could not create tcount
2017-11-17 06:44:52,043 - streamparse.stdout - INFO - could not create table
2017-11-17 06:44:52,043 - streamparse.stdout - INFO - ucount = 
2017-11-17 06:44:52,044 - streamparse.stdout - INFO - 1
2017-11-17 06:44:52,044 - streamparse.stdout - INFO - uword = 
2017-11-17 06:44:52,044 - streamparse.stdout - INFO - come
2017-11-17 06:44:52,085 - streamparse.stdout - INFO - Could not create tcount
2017-11-17 06:44:52,131 - streamparse.stdout - INFO - could not create table
2017-11-17 06:44:52,133 - streamparse.stdout - INFO - ucount = 
2017-11-17 06:44:52,134 - streamparse.stdout - INFO - 1
2017-11-17 06:44:52,134 - streamparse.stdout - INFO - uword = 
2017-11-17 06:44:52,134 - streamparse.stdout - INFO - out
2017-11-17 06:44:52,198 - streamparse.stdout - INFO - Could not create tcount
2017-11-17 06:44:52,240 - streamparse.stdout - INFO - could not create table
2017-11-17 06:44:52,251 - streamparse.stdout - INFO - ucount = 
2017-11-17 06:44:52,252 - streamparse.stdout - INFO - 1
2017-11-17 06:44:52,252 - streamparse.stdout - INFO - uword = 
2017-11-17 06:44:52,252 - streamparse.stdout - INFO - ounce
2017-11-17 06:44:52,291 - streamparse.stdout - INFO - Could not create tcount
2017-11-17 06:44:52,329 - streamparse.stdout - INFO - could not create table
2017-11-17 06:44:52,329 - streamparse.stdout - INFO - ucount = 
2017-11-17 06:44:52,329 - streamparse.stdout - INFO - 3
2017-11-17 06:44:52,330 - streamparse.stdout - INFO - uword = 
2017-11-17 06:44:52,330 - streamparse.stdout - INFO - love
2017-11-17 06:44:52,366 - streamparse.stdout - INFO - Could not create tcount
2017-11-17 06:44:52,397 - streamparse.stdout - INFO - could not create table
2017-11-17 06:44:52,398 - streamparse.stdout - INFO - ucount = 
2017-11-17 06:44:52,399 - streamparse.stdout - INFO - 3
2017-11-17 06:44:52,399 - streamparse.stdout - INFO - uword = 
2017-11-17 06:44:52,399 - streamparse.stdout - INFO - there
2017-11-17 06:44:52,437 - streamparse.stdout - INFO - Could not create tcount
2017-11-17 06:44:52,466 - streamparse.stdout - INFO - could not create table
2017-11-17 06:44:52,473 - streamparse.stdout - INFO - ucount = 
2017-11-17 06:44:52,474 - streamparse.stdout - INFO - 1
2017-11-17 06:44:52,474 - streamparse.stdout - INFO - uword = 
2017-11-17 06:44:52,474 - streamparse.stdout - INFO - Love
2017-11-17 06:44:52,504 - streamparse.stdout - INFO - Could not create tcount
2017-11-17 06:44:52,534 - streamparse.stdout - INFO - could not create table
2017-11-17 06:44:52,535 - streamparse.stdout - INFO - ucount = 
2017-11-17 06:44:52,535 - streamparse.stdout - INFO - 1
2017-11-17 06:44:52,536 - streamparse.stdout - INFO - uword = 
2017-11-17 06:44:52,536 - streamparse.stdout - INFO - have
2017-11-17 06:44:52,591 - streamparse.stdout - INFO - Could not create tcount
2017-11-17 06:44:52,632 - streamparse.stdout - INFO - could not create table
2017-11-17 06:44:52,633 - streamparse.stdout - INFO - ucount = 
2017-11-17 06:44:52,633 - streamparse.stdout - INFO - 2
2017-11-17 06:44:52,633 - streamparse.stdout - INFO - uword = 
2017-11-17 06:44:52,633 - streamparse.stdout - INFO - ounce
2017-11-17 06:44:52,672 - streamparse.stdout - INFO - Could not create tcount
2017-11-17 06:44:52,717 - streamparse.stdout - INFO - could not create table
2017-11-17 06:44:52,717 - streamparse.stdout - INFO - ucount = 
2017-11-17 06:44:52,718 - streamparse.stdout - INFO - 1
2017-11-17 06:44:52,718 - streamparse.stdout - INFO - uword = 
2017-11-17 06:44:52,718 - streamparse.stdout - INFO - who
2017-11-17 06:44:52,755 - streamparse.stdout - INFO - Could not create tcount
2017-11-17 06:44:52,794 - streamparse.stdout - INFO - could not create table
2017-11-17 06:44:52,794 - streamparse.stdout - INFO - ucount = 
2017-11-17 06:44:52,795 - streamparse.stdout - INFO - 1
2017-11-17 06:44:52,795 - streamparse.stdout - INFO - uword = 
2017-11-17 06:44:52,795 - streamparse.stdout - INFO - this
2017-11-17 06:44:52,843 - streamparse.stdout - INFO - Could not create tcount
2017-11-17 06:44:52,882 - streamparse.stdout - INFO - could not create table
2017-11-17 06:44:52,883 - streamparse.stdout - INFO - ucount = 
2017-11-17 06:44:52,883 - streamparse.stdout - INFO - 4
2017-11-17 06:44:52,883 - streamparse.stdout - INFO - uword = 
2017-11-17 06:44:52,883 - streamparse.stdout - INFO - love
2017-11-17 06:44:52,931 - streamparse.stdout - INFO - Could not create tcount
2017-11-17 06:44:52,968 - streamparse.stdout - INFO - could not create table
2017-11-17 06:44:52,968 - streamparse.stdout - INFO - ucount = 
2017-11-17 06:44:52,969 - streamparse.stdout - INFO - 1
2017-11-17 06:44:52,969 - streamparse.stdout - INFO - uword = 
2017-11-17 06:44:52,969 - streamparse.stdout - INFO - are
2017-11-17 06:44:53,018 - streamparse.stdout - INFO - Could not create tcount
2017-11-17 06:44:53,059 - streamparse.stdout - INFO - could not create table
2017-11-17 06:44:53,060 - streamparse.stdout - INFO - ucount = 
2017-11-17 06:44:53,060 - streamparse.stdout - INFO - 2
2017-11-17 06:44:53,060 - streamparse.stdout - INFO - uword = 
2017-11-17 06:44:53,060 - streamparse.stdout - INFO - 2
2017-11-17 06:44:53,127 - streamparse.stdout - INFO - Could not create tcount
2017-11-17 06:44:53,160 - streamparse.stdout - INFO - could not create table
2017-11-17 06:44:53,172 - streamparse.stdout - INFO - ucount = 
2017-11-17 06:44:53,172 - streamparse.stdout - INFO - 2
2017-11-17 06:44:53,172 - streamparse.stdout - INFO - uword = 
2017-11-17 06:44:53,172 - streamparse.stdout - INFO - have
2017-11-17 06:44:53,211 - streamparse.stdout - INFO - Could not create tcount
2017-11-17 06:44:53,246 - streamparse.stdout - INFO - could not create table
2017-11-17 06:44:53,246 - streamparse.stdout - INFO - ucount = 
2017-11-17 06:44:53,247 - streamparse.stdout - INFO - 1
2017-11-17 06:44:53,247 - streamparse.stdout - INFO - uword = 
2017-11-17 06:44:53,247 - streamparse.stdout - INFO - start
2017-11-17 06:44:53,285 - streamparse.stdout - INFO - Could not create tcount
2017-11-17 06:44:53,328 - streamparse.stdout - INFO - could not create table
2017-11-17 06:44:53,329 - streamparse.stdout - INFO - ucount = 
2017-11-17 06:44:53,329 - streamparse.stdout - INFO - 1
2017-11-17 06:44:53,329 - streamparse.stdout - INFO - uword = 
2017-11-17 06:44:53,330 - streamparse.stdout - INFO - crying
2017-11-17 06:44:53,363 - streamparse.stdout - INFO - Could not create tcount
2017-11-17 06:44:53,391 - streamparse.stdout - INFO - could not create table
2017-11-17 06:44:53,400 - streamparse.stdout - INFO - ucount = 
2017-11-17 06:44:53,401 - streamparse.stdout - INFO - 4
2017-11-17 06:44:53,401 - streamparse.stdout - INFO - uword = 
2017-11-17 06:44:53,401 - streamparse.stdout - INFO - &amp
2017-11-17 06:44:53,442 - streamparse.stdout - INFO - Could not create tcount
2017-11-17 06:44:53,485 - streamparse.stdout - INFO - could not create table
2017-11-17 06:44:53,486 - streamparse.stdout - INFO - ucount = 
2017-11-17 06:44:53,486 - streamparse.stdout - INFO - 1
2017-11-17 06:44:53,487 - streamparse.stdout - INFO - uword = 
2017-11-17 06:44:53,487 - streamparse.stdout - INFO - Why
2017-11-17 06:44:53,524 - streamparse.stdout - INFO - Could not create tcount
2017-11-17 06:44:53,551 - streamparse.stdout - INFO - could not create table
2017-11-17 06:44:53,551 - streamparse.stdout - INFO - ucount = 
2017-11-17 06:44:53,552 - streamparse.stdout - INFO - 1
2017-11-17 06:44:53,552 - streamparse.stdout - INFO - uword = 
2017-11-17 06:44:53,552 - streamparse.stdout - INFO - additive
2017-11-17 06:44:53,599 - streamparse.stdout - INFO - Could not create tcount
2017-11-17 06:44:53,635 - streamparse.stdout - INFO - could not create table
2017-11-17 06:44:53,636 - streamparse.stdout - INFO - ucount = 
2017-11-17 06:44:53,636 - streamparse.stdout - INFO - 1
2017-11-17 06:44:53,636 - streamparse.stdout - INFO - uword = 
2017-11-17 06:44:53,636 - streamparse.stdout - INFO - amount
2017-11-17 06:44:53,680 - streamparse.stdout - INFO - Could not create tcount
2017-11-17 06:44:53,721 - streamparse.stdout - INFO - could not create table
2017-11-17 06:44:53,721 - streamparse.stdout - INFO - ucount = 
2017-11-17 06:44:53,721 - streamparse.stdout - INFO - 1
2017-11-17 06:44:53,722 - streamparse.stdout - INFO - uword = 
2017-11-17 06:44:53,722 - streamparse.stdout - INFO - multiplicative
2017-11-17 06:44:53,757 - streamparse.stdout - INFO - Could not create tcount
2017-11-17 06:44:53,805 - streamparse.stdout - INFO - could not create table
2017-11-17 06:44:53,806 - streamparse.stdout - INFO - ucount = 
2017-11-17 06:44:53,806 - streamparse.stdout - INFO - 1
2017-11-17 06:44:53,807 - streamparse.stdout - INFO - uword = 
2017-11-17 06:44:53,807 - streamparse.stdout - INFO - identities
2017-11-17 06:44:53,838 - streamparse.stdout - INFO - Could not create tcount
2017-11-17 06:44:53,867 - streamparse.stdout - INFO - could not create table
2017-11-17 06:44:53,868 - streamparse.stdout - INFO - ucount = 
2017-11-17 06:44:53,868 - streamparse.stdout - INFO - 1
2017-11-17 06:44:53,869 - streamparse.stdout - INFO - uword = 
2017-11-17 06:44:53,869 - streamparse.stdout - INFO - money
2017-11-17 06:44:53,910 - streamparse.stdout - INFO - Could not create tcount
2017-11-17 06:44:53,948 - streamparse.stdout - INFO - could not create table
2017-11-17 06:44:53,949 - streamparse.stdout - INFO - ucount = 
2017-11-17 06:44:53,949 - streamparse.stdout - INFO - 1
2017-11-17 06:44:53,950 - streamparse.stdout - INFO - uword = 
2017-11-17 06:44:53,950 - streamparse.stdout - INFO - field
2017-11-17 06:44:53,981 - streamparse.stdout - INFO - Could not create tcount
2017-11-17 06:44:54,012 - streamparse.stdout - INFO - could not create table
2017-11-17 06:44:54,024 - streamparse.stdout - INFO - ucount = 
2017-11-17 06:44:54,024 - streamparse.stdout - INFO - 2
2017-11-17 06:44:54,024 - streamparse.stdout - INFO - uword = 
2017-11-17 06:44:54,024 - streamparse.stdout - INFO - 4
2017-11-17 06:44:54,057 - streamparse.stdout - INFO - Could not create tcount
2017-11-17 06:44:54,091 - streamparse.stdout - INFO - could not create table
2017-11-17 06:44:54,091 - streamparse.stdout - INFO - ucount = 
2017-11-17 06:44:54,091 - streamparse.stdout - INFO - 5
2017-11-17 06:44:54,092 - streamparse.stdout - INFO - uword = 
2017-11-17 06:44:54,092 - streamparse.stdout - INFO - with
2017-11-17 06:44:54,133 - streamparse.stdout - INFO - Could not create tcount
2017-11-17 06:44:54,164 - streamparse.stdout - INFO - could not create table
2017-11-17 06:44:54,165 - streamparse.stdout - INFO - ucount = 
2017-11-17 06:44:54,165 - streamparse.stdout - INFO - 1
2017-11-17 06:44:54,165 - streamparse.stdout - INFO - uword = 
2017-11-17 06:44:54,166 - streamparse.stdout - INFO - spending
2017-11-17 06:44:54,207 - streamparse.stdout - INFO - Could not create tcount
2017-11-17 06:44:54,237 - streamparse.stdout - INFO - could not create table
2017-11-17 06:44:54,238 - streamparse.stdout - INFO - ucount = 
2017-11-17 06:44:54,238 - streamparse.stdout - INFO - 2
2017-11-17 06:44:54,238 - streamparse.stdout - INFO - uword = 
2017-11-17 06:44:54,238 - streamparse.stdout - INFO - Why
2017-11-17 06:44:54,280 - streamparse.stdout - INFO - Could not create tcount
2017-11-17 06:44:54,316 - streamparse.stdout - INFO - could not create table
2017-11-17 06:44:54,316 - streamparse.stdout - INFO - ucount = 
2017-11-17 06:44:54,317 - streamparse.stdout - INFO - 1
2017-11-17 06:44:54,317 - streamparse.stdout - INFO - uword = 
2017-11-17 06:44:54,317 - streamparse.stdout - INFO - semester
2017-11-17 06:44:54,352 - streamparse.stdout - INFO - Could not create tcount
2017-11-17 06:44:54,379 - streamparse.stdout - INFO - could not create table
2017-11-17 06:44:54,380 - streamparse.stdout - INFO - ucount = 
2017-11-17 06:44:54,381 - streamparse.stdout - INFO - 3
2017-11-17 06:44:54,381 - streamparse.stdout - INFO - uword = 
2017-11-17 06:44:54,381 - streamparse.stdout - INFO - don't
2017-11-17 06:44:54,421 - streamparse.stdout - INFO - Could not create tcount
2017-11-17 06:44:54,452 - streamparse.stdout - INFO - could not create table
2017-11-17 06:44:54,453 - streamparse.stdout - INFO - ucount = 
2017-11-17 06:44:54,453 - streamparse.stdout - INFO - 2
2017-11-17 06:44:54,454 - streamparse.stdout - INFO - uword = 
2017-11-17 06:44:54,454 - streamparse.stdout - INFO - stop
2017-11-17 06:44:54,490 - streamparse.stdout - INFO - Could not create tcount
2017-11-17 06:44:54,520 - streamparse.stdout - INFO - could not create table
2017-11-17 06:44:54,521 - streamparse.stdout - INFO - ucount = 
2017-11-17 06:44:54,521 - streamparse.stdout - INFO - 1
2017-11-17 06:44:54,522 - streamparse.stdout - INFO - uword = 
2017-11-17 06:44:54,522 - streamparse.stdout - INFO - books
2017-11-17 06:44:54,572 - streamparse.stdout - INFO - Could not create tcount
2017-11-17 06:44:54,612 - streamparse.stdout - INFO - could not create table
2017-11-17 06:44:54,613 - streamparse.stdout - INFO - ucount = 
2017-11-17 06:44:54,613 - streamparse.stdout - INFO - 2
2017-11-17 06:44:54,614 - streamparse.stdout - INFO - uword = 
2017-11-17 06:44:54,614 - streamparse.stdout - INFO - additive
2017-11-17 06:44:54,652 - streamparse.stdout - INFO - Could not create tcount
2017-11-17 06:44:54,684 - streamparse.stdout - INFO - could not create table
2017-11-17 06:44:54,696 - streamparse.stdout - INFO - ucount = 
2017-11-17 06:44:54,696 - streamparse.stdout - INFO - 2
2017-11-17 06:44:54,697 - streamparse.stdout - INFO - uword = 
2017-11-17 06:44:54,697 - streamparse.stdout - INFO - multiplicative
2017-11-17 06:44:54,732 - streamparse.stdout - INFO - Could not create tcount
2017-11-17 06:44:54,786 - streamparse.stdout - INFO - could not create table
2017-11-17 06:44:54,786 - streamparse.stdout - INFO - ucount = 
2017-11-17 06:44:54,787 - streamparse.stdout - INFO - 2
2017-11-17 06:44:54,787 - streamparse.stdout - INFO - uword = 
2017-11-17 06:44:54,787 - streamparse.stdout - INFO - identities
2017-11-17 06:44:54,824 - streamparse.stdout - INFO - Could not create tcount
2017-11-17 06:44:54,858 - streamparse.stdout - INFO - could not create table
2017-11-17 06:44:54,868 - streamparse.stdout - INFO - ucount = 
2017-11-17 06:44:54,868 - streamparse.stdout - INFO - 1
2017-11-17 06:44:54,868 - streamparse.stdout - INFO - uword = 
2017-11-17 06:44:54,869 - streamparse.stdout - INFO - HAIL
2017-11-17 06:44:54,904 - streamparse.stdout - INFO - Could not create tcount
2017-11-17 06:44:54,944 - streamparse.stdout - INFO - could not create table
2017-11-17 06:44:54,944 - streamparse.stdout - INFO - ucount = 
2017-11-17 06:44:54,945 - streamparse.stdout - INFO - 2
2017-11-17 06:44:54,945 - streamparse.stdout - INFO - uword = 
2017-11-17 06:44:54,945 - streamparse.stdout - INFO - come
2017-11-17 06:44:54,985 - streamparse.stdout - INFO - Could not create tcount
2017-11-17 06:44:55,012 - streamparse.stdout - INFO - could not create table
2017-11-17 06:44:55,012 - streamparse.stdout - INFO - ucount = 
2017-11-17 06:44:55,013 - streamparse.stdout - INFO - 2
2017-11-17 06:44:55,013 - streamparse.stdout - INFO - uword = 
2017-11-17 06:44:55,013 - streamparse.stdout - INFO - field
2017-11-17 06:44:55,048 - streamparse.stdout - INFO - Could not create tcount
2017-11-17 06:44:55,088 - streamparse.stdout - INFO - could not create table
2017-11-17 06:44:55,089 - streamparse.stdout - INFO - ucount = 
2017-11-17 06:44:55,089 - streamparse.stdout - INFO - 1
2017-11-17 06:44:55,089 - streamparse.stdout - INFO - uword = 
2017-11-17 06:44:55,089 - streamparse.stdout - INFO - EMOJI
2017-11-17 06:44:55,133 - streamparse.stdout - INFO - Could not create tcount
2017-11-17 06:44:55,175 - streamparse.stdout - INFO - could not create table
2017-11-17 06:44:55,176 - streamparse.stdout - INFO - ucount = 
2017-11-17 06:44:55,176 - streamparse.stdout - INFO - 2
2017-11-17 06:44:55,176 - streamparse.stdout - INFO - uword = 
2017-11-17 06:44:55,176 - streamparse.stdout - INFO - out
2017-11-17 06:44:55,216 - streamparse.stdout - INFO - Could not create tcount
2017-11-17 06:44:55,247 - streamparse.stdout - INFO - could not create table
2017-11-17 06:44:55,247 - streamparse.stdout - INFO - ucount = 
2017-11-17 06:44:55,247 - streamparse.stdout - INFO - 4
2017-11-17 06:44:55,248 - streamparse.stdout - INFO - uword = 
2017-11-17 06:44:55,248 - streamparse.stdout - INFO - there
2017-11-17 06:44:55,287 - streamparse.stdout - INFO - Could not create tcount
2017-11-17 06:44:55,321 - streamparse.stdout - INFO - could not create table
2017-11-17 06:44:55,322 - streamparse.stdout - INFO - ucount = 
2017-11-17 06:44:55,322 - streamparse.stdout - INFO - 2
2017-11-17 06:44:55,322 - streamparse.stdout - INFO - uword = 
2017-11-17 06:44:55,322 - streamparse.stdout - INFO - Love
2017-11-17 06:44:55,359 - streamparse.stdout - INFO - Could not create tcount
2017-11-17 06:44:55,395 - streamparse.stdout - INFO - could not create table
2017-11-17 06:44:55,396 - streamparse.stdout - INFO - ucount = 
2017-11-17 06:44:55,396 - streamparse.stdout - INFO - 2
2017-11-17 06:44:55,396 - streamparse.stdout - INFO - uword = 
2017-11-17 06:44:55,397 - streamparse.stdout - INFO - who
2017-11-17 06:44:55,428 - streamparse.stdout - INFO - Could not create tcount
2017-11-17 06:44:55,464 - streamparse.stdout - INFO - could not create table
2017-11-17 06:44:55,465 - streamparse.stdout - INFO - ucount = 
2017-11-17 06:44:55,465 - streamparse.stdout - INFO - 1
2017-11-17 06:44:55,465 - streamparse.stdout - INFO - uword = 
2017-11-17 06:44:55,466 - streamparse.stdout - INFO - didn't
2017-11-17 06:44:55,509 - streamparse.stdout - INFO - Could not create tcount
2017-11-17 06:44:55,534 - streamparse.stdout - INFO - could not create table
2017-11-17 06:44:55,547 - streamparse.stdout - INFO - ucount = 
2017-11-17 06:44:55,547 - streamparse.stdout - INFO - 2
2017-11-17 06:44:55,547 - streamparse.stdout - INFO - uword = 
2017-11-17 06:44:55,547 - streamparse.stdout - INFO - this
2017-11-17 06:44:55,582 - streamparse.stdout - INFO - Could not create tcount
2017-11-17 06:44:55,614 - streamparse.stdout - INFO - could not create table
2017-11-17 06:44:55,615 - streamparse.stdout - INFO - ucount = 
2017-11-17 06:44:55,615 - streamparse.stdout - INFO - 1
2017-11-17 06:44:55,615 - streamparse.stdout - INFO - uword = 
2017-11-17 06:44:55,615 - streamparse.stdout - INFO - want
2017-11-17 06:44:55,654 - streamparse.stdout - INFO - Could not create tcount
2017-11-17 06:44:55,690 - streamparse.stdout - INFO - could not create table
2017-11-17 06:44:55,703 - streamparse.stdout - INFO - ucount = 
2017-11-17 06:44:55,704 - streamparse.stdout - INFO - 1
2017-11-17 06:44:55,704 - streamparse.stdout - INFO - uword = 
2017-11-17 06:44:55,704 - streamparse.stdout - INFO - get
2017-11-17 06:44:55,739 - streamparse.stdout - INFO - Could not create tcount
2017-11-17 06:44:55,779 - streamparse.stdout - INFO - could not create table
2017-11-17 06:44:55,780 - streamparse.stdout - INFO - ucount = 
2017-11-17 06:44:55,780 - streamparse.stdout - INFO - 1
2017-11-17 06:44:55,780 - streamparse.stdout - INFO - uword = 
2017-11-17 06:44:55,781 - streamparse.stdout - INFO - Who
2017-11-17 06:44:55,827 - streamparse.stdout - INFO - Could not create tcount
2017-11-17 06:44:55,860 - streamparse.stdout - INFO - could not create table
2017-11-17 06:44:55,860 - streamparse.stdout - INFO - ucount = 
2017-11-17 06:44:55,861 - streamparse.stdout - INFO - 1
2017-11-17 06:44:55,861 - streamparse.stdout - INFO - uword = 
2017-11-17 06:44:55,861 - streamparse.stdout - INFO - gives
2017-11-17 06:44:55,902 - streamparse.stdout - INFO - Could not create tcount
2017-11-17 06:44:55,937 - streamparse.stdout - INFO - could not create table
2017-11-17 06:44:55,938 - streamparse.stdout - INFO - ucount = 
2017-11-17 06:44:55,938 - streamparse.stdout - INFO - 1
2017-11-17 06:44:55,938 - streamparse.stdout - INFO - uword = 
2017-11-17 06:44:55,938 - streamparse.stdout - INFO - shit!!!!
2017-11-17 06:44:55,992 - streamparse.stdout - INFO - Could not create tcount
2017-11-17 06:44:56,046 - streamparse.stdout - INFO - could not create table
2017-11-17 06:44:56,047 - streamparse.stdout - INFO - ucount = 
2017-11-17 06:44:56,053 - streamparse.stdout - INFO - 2
2017-11-17 06:44:56,053 - streamparse.stdout - INFO - uword = 
2017-11-17 06:44:56,053 - streamparse.stdout - INFO - are
2017-11-17 06:44:56,094 - streamparse.stdout - INFO - Could not create tcount
2017-11-17 06:44:56,126 - streamparse.stdout - INFO - could not create table
2017-11-17 06:44:56,139 - streamparse.stdout - INFO - ucount = 
2017-11-17 06:44:56,139 - streamparse.stdout - INFO - 1
2017-11-17 06:44:56,140 - streamparse.stdout - INFO - uword = 
2017-11-17 06:44:56,140 - streamparse.stdout - INFO - sending
2017-11-17 06:44:56,172 - streamparse.stdout - INFO - Could not create tcount
2017-11-17 06:44:56,206 - streamparse.stdout - INFO - could not create table
2017-11-17 06:44:56,215 - streamparse.stdout - INFO - ucount = 
2017-11-17 06:44:56,215 - streamparse.stdout - INFO - 1
2017-11-17 06:44:56,215 - streamparse.stdout - INFO - uword = 
2017-11-17 06:44:56,215 - streamparse.stdout - INFO - got
2017-11-17 06:44:56,248 - streamparse.stdout - INFO - Could not create tcount
2017-11-17 06:44:56,281 - streamparse.stdout - INFO - could not create table
2017-11-17 06:44:56,288 - streamparse.stdout - INFO - ucount = 
2017-11-17 06:44:56,288 - streamparse.stdout - INFO - 1
2017-11-17 06:44:56,288 - streamparse.stdout - INFO - uword = 
2017-11-17 06:44:56,289 - streamparse.stdout - INFO - week
2017-11-17 06:44:56,323 - streamparse.stdout - INFO - Could not create tcount
2017-11-17 06:44:56,368 - streamparse.stdout - INFO - could not create table
2017-11-17 06:44:56,369 - streamparse.stdout - INFO - ucount = 
2017-11-17 06:44:56,369 - streamparse.stdout - INFO - 2
2017-11-17 06:44:56,369 - streamparse.stdout - INFO - uword = 
2017-11-17 06:44:56,370 - streamparse.stdout - INFO - money
2017-11-17 06:44:56,407 - streamparse.stdout - INFO - Could not create tcount
2017-11-17 06:44:56,438 - streamparse.stdout - INFO - could not create table
2017-11-17 06:44:56,445 - streamparse.stdout - INFO - ucount = 
2017-11-17 06:44:56,446 - streamparse.stdout - INFO - 1
2017-11-17 06:44:56,446 - streamparse.stdout - INFO - uword = 
2017-11-17 06:44:56,446 - streamparse.stdout - INFO - genocidal
2017-11-17 06:44:56,487 - streamparse.stdout - INFO - Could not create tcount
2017-11-17 06:44:56,515 - streamparse.stdout - INFO - could not create table
2017-11-17 06:44:56,515 - streamparse.stdout - INFO - ucount = 
2017-11-17 06:44:56,516 - streamparse.stdout - INFO - 3
2017-11-17 06:44:56,516 - streamparse.stdout - INFO - uword = 
2017-11-17 06:44:56,516 - streamparse.stdout - INFO - me
2017-11-17 06:44:56,551 - streamparse.stdout - INFO - Could not create tcount
2017-11-17 06:44:56,585 - streamparse.stdout - INFO - could not create table
2017-11-17 06:44:56,585 - streamparse.stdout - INFO - ucount = 
2017-11-17 06:44:56,585 - streamparse.stdout - INFO - 1
2017-11-17 06:44:56,586 - streamparse.stdout - INFO - uword = 
2017-11-17 06:44:56,586 - streamparse.stdout - INFO - NEXT!
2017-11-17 06:44:56,621 - streamparse.stdout - INFO - Could not create tcount
2017-11-17 06:44:56,654 - streamparse.stdout - INFO - could not create table
2017-11-17 06:44:56,655 - streamparse.stdout - INFO - ucount = 
2017-11-17 06:44:56,655 - streamparse.stdout - INFO - 1
2017-11-17 06:44:56,656 - streamparse.stdout - INFO - uword = 
2017-11-17 06:44:56,656 - streamparse.stdout - INFO - maybe
2017-11-17 06:44:56,691 - streamparse.stdout - INFO - Could not create tcount
2017-11-17 06:44:56,722 - streamparse.stdout - INFO - could not create table
2017-11-17 06:44:56,730 - streamparse.stdout - INFO - ucount = 
2017-11-17 06:44:56,730 - streamparse.stdout - INFO - 3
2017-11-17 06:44:56,731 - streamparse.stdout - INFO - uword = 
2017-11-17 06:44:56,731 - streamparse.stdout - INFO - they
2017-11-17 06:44:56,760 - streamparse.stdout - INFO - Could not create tcount
2017-11-17 06:44:56,799 - streamparse.stdout - INFO - could not create table
2017-11-17 06:44:56,800 - streamparse.stdout - INFO - ucount = 
2017-11-17 06:44:56,800 - streamparse.stdout - INFO - 2
2017-11-17 06:44:56,800 - streamparse.stdout - INFO - uword = 
2017-11-17 06:44:56,800 - streamparse.stdout - INFO - get
2017-11-17 06:44:56,845 - streamparse.stdout - INFO - Could not create tcount
2017-11-17 06:44:56,883 - streamparse.stdout - INFO - could not create table
2017-11-17 06:44:56,884 - streamparse.stdout - INFO - ucount = 
2017-11-17 06:44:56,884 - streamparse.stdout - INFO - 3
2017-11-17 06:44:56,884 - streamparse.stdout - INFO - uword = 
2017-11-17 06:44:56,885 - streamparse.stdout - INFO - stop
2017-11-17 06:44:56,919 - streamparse.stdout - INFO - Could not create tcount
2017-11-17 06:44:56,950 - streamparse.stdout - INFO - could not create table
2017-11-17 06:44:56,951 - streamparse.stdout - INFO - ucount = 
2017-11-17 06:44:56,951 - streamparse.stdout - INFO - 1
2017-11-17 06:44:56,951 - streamparse.stdout - INFO - uword = 
2017-11-17 06:44:56,952 - streamparse.stdout - INFO - HOLY
2017-11-17 06:44:56,991 - streamparse.stdout - INFO - Could not create tcount
2017-11-17 06:44:57,027 - streamparse.stdout - INFO - could not create table
2017-11-17 06:44:57,028 - streamparse.stdout - INFO - ucount = 
2017-11-17 06:44:57,028 - streamparse.stdout - INFO - 1
2017-11-17 06:44:57,028 - streamparse.stdout - INFO - uword = 
2017-11-17 06:44:57,029 - streamparse.stdout - INFO - best
2017-11-17 06:44:57,062 - streamparse.stdout - INFO - Could not create tcount
2017-11-17 06:44:57,093 - streamparse.stdout - INFO - could not create table
2017-11-17 06:44:57,093 - streamparse.stdout - INFO - ucount = 
2017-11-17 06:44:57,094 - streamparse.stdout - INFO - 1
2017-11-17 06:44:57,094 - streamparse.stdout - INFO - uword = 
2017-11-17 06:44:57,094 - streamparse.stdout - INFO - CRAP
2017-11-17 06:44:57,124 - streamparse.stdout - INFO - Could not create tcount
2017-11-17 06:44:57,160 - streamparse.stdout - INFO - could not create table
2017-11-17 06:44:57,172 - streamparse.stdout - INFO - ucount = 
2017-11-17 06:44:57,173 - streamparse.stdout - INFO - 1
2017-11-17 06:44:57,173 - streamparse.stdout - INFO - uword = 
2017-11-17 06:44:57,173 - streamparse.stdout - INFO - New
2017-11-17 06:44:57,213 - streamparse.stdout - INFO - Could not create tcount
2017-11-17 06:44:57,246 - streamparse.stdout - INFO - could not create table
2017-11-17 06:44:57,247 - streamparse.stdout - INFO - ucount = 
2017-11-17 06:44:57,247 - streamparse.stdout - INFO - 2
2017-11-17 06:44:57,247 - streamparse.stdout - INFO - uword = 
2017-11-17 06:44:57,247 - streamparse.stdout - INFO - so
2017-11-17 06:44:57,280 - streamparse.stdout - INFO - Could not create tcount
2017-11-17 06:44:57,315 - streamparse.stdout - INFO - could not create table
2017-11-17 06:44:57,316 - streamparse.stdout - INFO - ucount = 
2017-11-17 06:44:57,316 - streamparse.stdout - INFO - 1
2017-11-17 06:44:57,316 - streamparse.stdout - INFO - uword = 
2017-11-17 06:44:57,316 - streamparse.stdout - INFO - (CBO
2017-11-17 06:44:57,349 - streamparse.stdout - INFO - Could not create tcount
2017-11-17 06:44:57,391 - streamparse.stdout - INFO - could not create table
2017-11-17 06:44:57,392 - streamparse.stdout - INFO - ucount = 
2017-11-17 06:44:57,392 - streamparse.stdout - INFO - 3
2017-11-17 06:44:57,392 - streamparse.stdout - INFO - uword = 
2017-11-17 06:44:57,393 - streamparse.stdout - INFO - this
2017-11-17 06:44:57,436 - streamparse.stdout - INFO - Could not create tcount
2017-11-17 06:44:57,470 - streamparse.stdout - INFO - could not create table
2017-11-17 06:44:57,470 - streamparse.stdout - INFO - ucount = 
2017-11-17 06:44:57,470 - streamparse.stdout - INFO - 1
2017-11-17 06:44:57,471 - streamparse.stdout - INFO - uword = 
2017-11-17 06:44:57,471 - streamparse.stdout - INFO - woman
2017-11-17 06:44:57,505 - streamparse.stdout - INFO - Could not create tcount
2017-11-17 06:44:57,538 - streamparse.stdout - INFO - could not create table
2017-11-17 06:44:57,538 - streamparse.stdout - INFO - ucount = 
2017-11-17 06:44:57,539 - streamparse.stdout - INFO - 1
2017-11-17 06:44:57,539 - streamparse.stdout - INFO - uword = 
2017-11-17 06:44:57,539 - streamparse.stdout - INFO - has
2017-11-17 06:44:57,576 - streamparse.stdout - INFO - Could not create tcount
2017-11-17 06:44:57,608 - streamparse.stdout - INFO - could not create table
2017-11-17 06:44:57,608 - streamparse.stdout - INFO - ucount = 
2017-11-17 06:44:57,609 - streamparse.stdout - INFO - 3
2017-11-17 06:44:57,609 - streamparse.stdout - INFO - uword = 
2017-11-17 06:44:57,609 - streamparse.stdout - INFO - are
2017-11-17 06:44:57,645 - streamparse.stdout - INFO - Could not create tcount
2017-11-17 06:44:57,681 - streamparse.stdout - INFO - could not create table
2017-11-17 06:44:57,682 - streamparse.stdout - INFO - ucount = 
2017-11-17 06:44:57,682 - streamparse.stdout - INFO - 3
2017-11-17 06:44:57,682 - streamparse.stdout - INFO - uword = 
2017-11-17 06:44:57,683 - streamparse.stdout - INFO - out
2017-11-17 06:44:57,717 - streamparse.stdout - INFO - Could not create tcount
2017-11-17 06:44:57,753 - streamparse.stdout - INFO - could not create table
2017-11-17 06:44:57,754 - streamparse.stdout - INFO - ucount = 
2017-11-17 06:44:57,754 - streamparse.stdout - INFO - 1
2017-11-17 06:44:57,754 - streamparse.stdout - INFO - uword = 
2017-11-17 06:44:57,754 - streamparse.stdout - INFO - HEY
2017-11-17 06:44:57,790 - streamparse.stdout - INFO - Could not create tcount
2017-11-17 06:44:57,824 - streamparse.stdout - INFO - could not create table
2017-11-17 06:44:57,825 - streamparse.stdout - INFO - ucount = 
2017-11-17 06:44:57,825 - streamparse.stdout - INFO - 1
2017-11-17 06:44:57,826 - streamparse.stdout - INFO - uword = 
2017-11-17 06:44:57,826 - streamparse.stdout - INFO - loose
2017-11-17 06:44:57,875 - streamparse.stdout - INFO - Could not create tcount
2017-11-17 06:44:57,911 - streamparse.stdout - INFO - could not create table
2017-11-17 06:44:57,912 - streamparse.stdout - INFO - ucount = 
2017-11-17 06:44:57,912 - streamparse.stdout - INFO - 1
2017-11-17 06:44:57,912 - streamparse.stdout - INFO - uword = 
2017-11-17 06:44:57,913 - streamparse.stdout - INFO - Senate's
2017-11-17 06:44:57,944 - streamparse.stdout - INFO - Could not create tcount
2017-11-17 06:44:57,982 - streamparse.stdout - INFO - could not create table
2017-11-17 06:44:57,983 - streamparse.stdout - INFO - ucount = 
2017-11-17 06:44:57,983 - streamparse.stdout - INFO - 2
2017-11-17 06:44:57,983 - streamparse.stdout - INFO - uword = 
2017-11-17 06:44:57,984 - streamparse.stdout - INFO - HEY
2017-11-17 06:44:58,019 - streamparse.stdout - INFO - Could not create tcount
2017-11-17 06:44:58,059 - streamparse.stdout - INFO - could not create table
2017-11-17 06:44:58,059 - streamparse.stdout - INFO - ucount = 
2017-11-17 06:44:58,060 - streamparse.stdout - INFO - 2
2017-11-17 06:44:58,060 - streamparse.stdout - INFO - uword = 
2017-11-17 06:44:58,060 - streamparse.stdout - INFO - think
2017-11-17 06:44:58,100 - streamparse.stdout - INFO - Could not create tcount
2017-11-17 06:44:58,141 - streamparse.stdout - INFO - could not create table
2017-11-17 06:44:58,141 - streamparse.stdout - INFO - ucount = 
2017-11-17 06:44:58,142 - streamparse.stdout - INFO - 3
2017-11-17 06:44:58,142 - streamparse.stdout - INFO - uword = 
2017-11-17 06:44:58,142 - streamparse.stdout - INFO - HEY
2017-11-17 06:44:58,181 - streamparse.stdout - INFO - Could not create tcount
2017-11-17 06:44:58,219 - streamparse.stdout - INFO - could not create table
2017-11-17 06:44:58,220 - streamparse.stdout - INFO - ucount = 
2017-11-17 06:44:58,220 - streamparse.stdout - INFO - 3
2017-11-17 06:44:58,220 - streamparse.stdout - INFO - uword = 
2017-11-17 06:44:58,220 - streamparse.stdout - INFO - new
2017-11-17 06:44:58,253 - streamparse.stdout - INFO - Could not create tcount
2017-11-17 06:44:58,290 - streamparse.stdout - INFO - could not create table
2017-11-17 06:44:58,291 - streamparse.stdout - INFO - ucount = 
2017-11-17 06:44:58,291 - streamparse.stdout - INFO - 2
2017-11-17 06:44:58,291 - streamparse.stdout - INFO - uword = 
2017-11-17 06:44:58,292 - streamparse.stdout - INFO - version
2017-11-17 06:44:58,326 - streamparse.stdout - INFO - Could not create tcount
2017-11-17 06:44:58,362 - streamparse.stdout - INFO - could not create table
2017-11-17 06:44:58,365 - streamparse.stdout - INFO - ucount = 
2017-11-17 06:44:58,365 - streamparse.stdout - INFO - 3
2017-11-17 06:44:58,365 - streamparse.stdout - INFO - uword = 
2017-11-17 06:44:58,365 - streamparse.stdout - INFO - have
2017-11-17 06:44:58,409 - streamparse.stdout - INFO - Could not create tcount
2017-11-17 06:44:58,436 - streamparse.stdout - INFO - could not create table
2017-11-17 06:44:58,437 - streamparse.stdout - INFO - ucount = 
2017-11-17 06:44:58,437 - streamparse.stdout - INFO - 4
2017-11-17 06:44:58,437 - streamparse.stdout - INFO - uword = 
2017-11-17 06:44:58,438 - streamparse.stdout - INFO - they
2017-11-17 06:44:58,485 - streamparse.stdout - INFO - Could not create tcount
2017-11-17 06:44:58,515 - streamparse.stdout - INFO - could not create table
2017-11-17 06:44:58,516 - streamparse.stdout - INFO - ucount = 
2017-11-17 06:44:58,516 - streamparse.stdout - INFO - 4
2017-11-17 06:44:58,516 - streamparse.stdout - INFO - uword = 
2017-11-17 06:44:58,517 - streamparse.stdout - INFO - are
2017-11-17 06:44:58,559 - streamparse.stdout - INFO - Could not create tcount
2017-11-17 06:44:58,588 - streamparse.stdout - INFO - could not create table
2017-11-17 06:44:58,595 - streamparse.stdout - INFO - ucount = 
2017-11-17 06:44:58,596 - streamparse.stdout - INFO - 1
2017-11-17 06:44:58,596 - streamparse.stdout - INFO - uword = 
2017-11-17 06:44:58,596 - streamparse.stdout - INFO - WONT
2017-11-17 06:44:58,637 - streamparse.stdout - INFO - Could not create tcount
2017-11-17 06:44:58,669 - streamparse.stdout - INFO - could not create table
2017-11-17 06:44:58,670 - streamparse.stdout - INFO - ucount = 
2017-11-17 06:44:58,670 - streamparse.stdout - INFO - 2
2017-11-17 06:44:58,670 - streamparse.stdout - INFO - uword = 
2017-11-17 06:44:58,671 - streamparse.stdout - INFO - got
2017-11-17 06:44:58,719 - streamparse.stdout - INFO - Could not create tcount
2017-11-17 06:44:58,750 - streamparse.stdout - INFO - could not create table
2017-11-17 06:44:58,751 - streamparse.stdout - INFO - ucount = 
2017-11-17 06:44:58,751 - streamparse.stdout - INFO - 1
2017-11-17 06:44:58,751 - streamparse.stdout - INFO - uword = 
2017-11-17 06:44:58,751 - streamparse.stdout - INFO - just
2017-11-17 06:44:58,799 - streamparse.stdout - INFO - Could not create tcount
2017-11-17 06:44:58,832 - streamparse.stdout - INFO - could not create table
2017-11-17 06:44:58,833 - streamparse.stdout - INFO - ucount = 
2017-11-17 06:44:58,833 - streamparse.stdout - INFO - 1
2017-11-17 06:44:58,834 - streamparse.stdout - INFO - uword = 
2017-11-17 06:44:58,834 - streamparse.stdout - INFO - died
2017-11-17 06:44:58,876 - streamparse.stdout - INFO - Could not create tcount
2017-11-17 06:44:58,915 - streamparse.stdout - INFO - could not create table
2017-11-17 06:44:58,926 - streamparse.stdout - INFO - ucount = 
2017-11-17 06:44:58,926 - streamparse.stdout - INFO - 1
2017-11-17 06:44:58,927 - streamparse.stdout - INFO - uword = 
2017-11-17 06:44:58,927 - streamparse.stdout - INFO - JUST
2017-11-17 06:44:58,963 - streamparse.stdout - INFO - Could not create tcount
2017-11-17 06:44:59,004 - streamparse.stdout - INFO - could not create table
2017-11-17 06:44:59,005 - streamparse.stdout - INFO - ucount = 
2017-11-17 06:44:59,005 - streamparse.stdout - INFO - 2
2017-11-17 06:44:59,005 - streamparse.stdout - INFO - uword = 
2017-11-17 06:44:59,005 - streamparse.stdout - INFO - start
2017-11-17 06:44:59,043 - streamparse.stdout - INFO - Could not create tcount
2017-11-17 06:44:59,092 - streamparse.stdout - INFO - could not create table
2017-11-17 06:44:59,092 - streamparse.stdout - INFO - ucount = 
2017-11-17 06:44:59,093 - streamparse.stdout - INFO - 2
2017-11-17 06:44:59,093 - streamparse.stdout - INFO - uword = 
2017-11-17 06:44:59,093 - streamparse.stdout - INFO - didn't
2017-11-17 06:44:59,142 - streamparse.stdout - INFO - Could not create tcount
2017-11-17 06:44:59,181 - streamparse.stdout - INFO - could not create table
2017-11-17 06:44:59,181 - streamparse.stdout - INFO - ucount = 
2017-11-17 06:44:59,182 - streamparse.stdout - INFO - 2
2017-11-17 06:44:59,182 - streamparse.stdout - INFO - uword = 
2017-11-17 06:44:59,182 - streamparse.stdout - INFO - crying
2017-11-17 06:44:59,225 - streamparse.stdout - INFO - Could not create tcount
2017-11-17 06:44:59,253 - streamparse.stdout - INFO - could not create table
2017-11-17 06:44:59,253 - streamparse.stdout - INFO - ucount = 
2017-11-17 06:44:59,254 - streamparse.stdout - INFO - 2
2017-11-17 06:44:59,254 - streamparse.stdout - INFO - uword = 
2017-11-17 06:44:59,254 - streamparse.stdout - INFO - amount
2017-11-17 06:44:59,289 - streamparse.stdout - INFO - Could not create tcount
2017-11-17 06:44:59,325 - streamparse.stdout - INFO - could not create table
2017-11-17 06:44:59,326 - streamparse.stdout - INFO - ucount = 
2017-11-17 06:44:59,326 - streamparse.stdout - INFO - 2
2017-11-17 06:44:59,326 - streamparse.stdout - INFO - uword = 
2017-11-17 06:44:59,326 - streamparse.stdout - INFO - want
2017-11-17 06:44:59,366 - streamparse.stdout - INFO - Could not create tcount
2017-11-17 06:44:59,397 - streamparse.stdout - INFO - could not create table
2017-11-17 06:44:59,397 - streamparse.stdout - INFO - ucount = 
2017-11-17 06:44:59,398 - streamparse.stdout - INFO - 3
2017-11-17 06:44:59,398 - streamparse.stdout - INFO - uword = 
2017-11-17 06:44:59,398 - streamparse.stdout - INFO - get
2017-11-17 06:44:59,437 - streamparse.stdout - INFO - Could not create tcount
2017-11-17 06:44:59,467 - streamparse.stdout - INFO - could not create table
2017-11-17 06:44:59,468 - streamparse.stdout - INFO - ucount = 
2017-11-17 06:44:59,468 - streamparse.stdout - INFO - 4
2017-11-17 06:44:59,468 - streamparse.stdout - INFO - uword = 
2017-11-17 06:44:59,468 - streamparse.stdout - INFO - me
2017-11-17 06:44:59,506 - streamparse.stdout - INFO - Could not create tcount
2017-11-17 06:44:59,538 - streamparse.stdout - INFO - could not create table
2017-11-17 06:44:59,541 - streamparse.stdout - INFO - ucount = 
2017-11-17 06:44:59,541 - streamparse.stdout - INFO - 1
2017-11-17 06:44:59,541 - streamparse.stdout - INFO - uword = 
2017-11-17 06:44:59,541 - streamparse.stdout - INFO - Guys
2017-11-17 06:44:59,582 - streamparse.stdout - INFO - Could not create tcount
2017-11-17 06:44:59,618 - streamparse.stdout - INFO - could not create table
2017-11-17 06:44:59,619 - streamparse.stdout - INFO - ucount = 
2017-11-17 06:44:59,619 - streamparse.stdout - INFO - 1
2017-11-17 06:44:59,619 - streamparse.stdout - INFO - uword = 
2017-11-17 06:44:59,619 - streamparse.stdout - INFO - check
2017-11-17 06:44:59,658 - streamparse.stdout - INFO - Could not create tcount
2017-11-17 06:44:59,690 - streamparse.stdout - INFO - could not create table
2017-11-17 06:44:59,691 - streamparse.stdout - INFO - ucount = 
2017-11-17 06:44:59,691 - streamparse.stdout - INFO - 3
2017-11-17 06:44:59,691 - streamparse.stdout - INFO - uword = 
2017-11-17 06:44:59,692 - streamparse.stdout - INFO - money
2017-11-17 06:44:59,732 - streamparse.stdout - INFO - Could not create tcount
2017-11-17 06:44:59,760 - streamparse.stdout - INFO - could not create table
2017-11-17 06:44:59,761 - streamparse.stdout - INFO - ucount = 
2017-11-17 06:44:59,761 - streamparse.stdout - INFO - 2
2017-11-17 06:44:59,761 - streamparse.stdout - INFO - uword = 
2017-11-17 06:44:59,762 - streamparse.stdout - INFO - sending
2017-11-17 06:44:59,804 - streamparse.stdout - INFO - Could not create tcount
2017-11-17 06:44:59,836 - streamparse.stdout - INFO - could not create table
2017-11-17 06:44:59,837 - streamparse.stdout - INFO - ucount = 
2017-11-17 06:44:59,838 - streamparse.stdout - INFO - 4
2017-11-17 06:44:59,838 - streamparse.stdout - INFO - uword = 
2017-11-17 06:44:59,838 - streamparse.stdout - INFO - money
2017-11-17 06:44:59,876 - streamparse.stdout - INFO - Could not create tcount
2017-11-17 06:44:59,918 - streamparse.stdout - INFO - could not create table
2017-11-17 06:44:59,919 - streamparse.stdout - INFO - ucount = 
2017-11-17 06:44:59,919 - streamparse.stdout - INFO - 2
2017-11-17 06:44:59,919 - streamparse.stdout - INFO - uword = 
2017-11-17 06:44:59,919 - streamparse.stdout - INFO - spending
2017-11-17 06:44:59,958 - streamparse.stdout - INFO - Could not create tcount
2017-11-17 06:44:59,993 - streamparse.stdout - INFO - could not create table
2017-11-17 06:44:59,994 - streamparse.stdout - INFO - ucount = 
2017-11-17 06:44:59,994 - streamparse.stdout - INFO - 4
2017-11-17 06:44:59,994 - streamparse.stdout - INFO - uword = 
2017-11-17 06:44:59,994 - streamparse.stdout - INFO - out
2017-11-17 06:45:00,033 - streamparse.stdout - INFO - Could not create tcount
2017-11-17 06:45:00,064 - streamparse.stdout - INFO - could not create table
2017-11-17 06:45:00,064 - streamparse.stdout - INFO - ucount = 
2017-11-17 06:45:00,064 - streamparse.stdout - INFO - 1
2017-11-17 06:45:00,065 - streamparse.stdout - INFO - uword = 
2017-11-17 06:45:00,065 - streamparse.stdout - INFO - collection
2017-11-17 06:45:00,103 - streamparse.stdout - INFO - Could not create tcount
2017-11-17 06:45:00,135 - streamparse.stdout - INFO - could not create table
2017-11-17 06:45:00,135 - streamparse.stdout - INFO - ucount = 
2017-11-17 06:45:00,136 - streamparse.stdout - INFO - 2
2017-11-17 06:45:00,136 - streamparse.stdout - INFO - uword = 
2017-11-17 06:45:00,136 - streamparse.stdout - INFO - semester
2017-11-17 06:45:00,172 - streamparse.stdout - INFO - Could not create tcount
2017-11-17 06:45:00,204 - streamparse.stdout - INFO - could not create table
2017-11-17 06:45:00,204 - streamparse.stdout - INFO - ucount = 
2017-11-17 06:45:00,205 - streamparse.stdout - INFO - 2
2017-11-17 06:45:00,205 - streamparse.stdout - INFO - uword = 
2017-11-17 06:45:00,205 - streamparse.stdout - INFO - genocidal
2017-11-17 06:45:00,245 - streamparse.stdout - INFO - Could not create tcount
2017-11-17 06:45:00,280 - streamparse.stdout - INFO - could not create table
2017-11-17 06:45:00,281 - streamparse.stdout - INFO - ucount = 
2017-11-17 06:45:00,281 - streamparse.stdout - INFO - 2
2017-11-17 06:45:00,281 - streamparse.stdout - INFO - uword = 
2017-11-17 06:45:00,281 - streamparse.stdout - INFO - books
2017-11-17 06:45:00,329 - streamparse.stdout - INFO - Could not create tcount
2017-11-17 06:45:00,361 - streamparse.stdout - INFO - could not create table
2017-11-17 06:45:00,362 - streamparse.stdout - INFO - ucount = 
2017-11-17 06:45:00,362 - streamparse.stdout - INFO - 2
2017-11-17 06:45:00,362 - streamparse.stdout - INFO - uword = 
2017-11-17 06:45:00,362 - streamparse.stdout - INFO - maybe
2017-11-17 06:45:00,401 - streamparse.stdout - INFO - Could not create tcount
2017-11-17 06:45:00,439 - streamparse.stdout - INFO - could not create table
2017-11-17 06:45:00,440 - streamparse.stdout - INFO - ucount = 
2017-11-17 06:45:00,440 - streamparse.stdout - INFO - 2
2017-11-17 06:45:00,441 - streamparse.stdout - INFO - uword = 
2017-11-17 06:45:00,441 - streamparse.stdout - INFO - Who
2017-11-17 06:45:00,483 - streamparse.stdout - INFO - Could not create tcount
2017-11-17 06:45:00,515 - streamparse.stdout - INFO - could not create table
2017-11-17 06:45:00,516 - streamparse.stdout - INFO - ucount = 
2017-11-17 06:45:00,516 - streamparse.stdout - INFO - 5
2017-11-17 06:45:00,517 - streamparse.stdout - INFO - uword = 
2017-11-17 06:45:00,517 - streamparse.stdout - INFO - they
2017-11-17 06:45:00,557 - streamparse.stdout - INFO - Could not create tcount
2017-11-17 06:45:00,591 - streamparse.stdout - INFO - could not create table
2017-11-17 06:45:00,592 - streamparse.stdout - INFO - ucount = 
2017-11-17 06:45:00,592 - streamparse.stdout - INFO - 2
2017-11-17 06:45:00,593 - streamparse.stdout - INFO - uword = 
2017-11-17 06:45:00,593 - streamparse.stdout - INFO - gives
2017-11-17 06:45:00,648 - streamparse.stdout - INFO - Could not create tcount
2017-11-17 06:45:00,685 - streamparse.stdout - INFO - could not create table
2017-11-17 06:45:00,686 - streamparse.stdout - INFO - ucount = 
2017-11-17 06:45:00,686 - streamparse.stdout - INFO - 1
2017-11-17 06:45:00,687 - streamparse.stdout - INFO - uword = 
2017-11-17 06:45:00,687 - streamparse.stdout - INFO - one
2017-11-17 06:45:00,734 - streamparse.stdout - INFO - Could not create tcount
2017-11-17 06:45:00,772 - streamparse.stdout - INFO - could not create table
2017-11-17 06:45:00,781 - streamparse.stdout - INFO - ucount = 
2017-11-17 06:45:00,782 - streamparse.stdout - INFO - 2
2017-11-17 06:45:00,782 - streamparse.stdout - INFO - uword = 
2017-11-17 06:45:00,782 - streamparse.stdout - INFO - shit!!!!
2017-11-17 06:45:00,833 - streamparse.stdout - INFO - Could not create tcount
2017-11-17 06:45:00,875 - streamparse.stdout - INFO - could not create table
2017-11-17 06:45:00,875 - streamparse.stdout - INFO - ucount = 
2017-11-17 06:45:00,876 - streamparse.stdout - INFO - 4
2017-11-17 06:45:00,876 - streamparse.stdout - INFO - uword = 
2017-11-17 06:45:00,876 - streamparse.stdout - INFO - stop
2017-11-17 06:45:00,922 - streamparse.stdout - INFO - Could not create tcount
2017-11-17 06:45:00,972 - streamparse.stdout - INFO - could not create table
2017-11-17 06:45:00,973 - streamparse.stdout - INFO - ucount = 
2017-11-17 06:45:00,973 - streamparse.stdout - INFO - 1
2017-11-17 06:45:00,974 - streamparse.stdout - INFO - uword = 
2017-11-17 06:45:00,974 - streamparse.stdout - INFO - yall
2017-11-17 06:45:01,029 - streamparse.stdout - INFO - Could not create tcount
2017-11-17 06:45:01,077 - streamparse.stdout - INFO - could not create table
2017-11-17 06:45:01,077 - streamparse.stdout - INFO - ucount = 
2017-11-17 06:45:01,078 - streamparse.stdout - INFO - 1
2017-11-17 06:45:01,078 - streamparse.stdout - INFO - uword = 
2017-11-17 06:45:01,078 - streamparse.stdout - INFO - eat
2017-11-17 06:45:01,133 - streamparse.stdout - INFO - Could not create tcount
2017-11-17 06:45:01,179 - streamparse.stdout - INFO - could not create table
2017-11-17 06:45:01,180 - streamparse.stdout - INFO - ucount = 
2017-11-17 06:45:01,180 - streamparse.stdout - INFO - 5
2017-11-17 06:45:01,181 - streamparse.stdout - INFO - uword = 
2017-11-17 06:45:01,181 - streamparse.stdout - INFO - me
2017-11-17 06:45:01,235 - streamparse.stdout - INFO - Could not create tcount
2017-11-17 06:45:01,267 - streamparse.stdout - INFO - could not create table
2017-11-17 06:45:01,268 - streamparse.stdout - INFO - ucount = 
2017-11-17 06:45:01,268 - streamparse.stdout - INFO - 2
2017-11-17 06:45:01,268 - streamparse.stdout - INFO - uword = 
2017-11-17 06:45:01,268 - streamparse.stdout - INFO - NEXT!
2017-11-17 06:45:01,324 - streamparse.stdout - INFO - Could not create tcount
2017-11-17 06:45:01,365 - streamparse.stdout - INFO - could not create table
2017-11-17 06:45:01,367 - streamparse.stdout - INFO - ucount = 
2017-11-17 06:45:01,368 - streamparse.stdout - INFO - 1
2017-11-17 06:45:01,368 - streamparse.stdout - INFO - uword = 
2017-11-17 06:45:01,368 - streamparse.stdout - INFO - puts
2017-11-17 06:45:01,410 - streamparse.stdout - INFO - Could not create tcount
2017-11-17 06:45:01,458 - streamparse.stdout - INFO - could not create table
2017-11-17 06:45:01,459 - streamparse.stdout - INFO - ucount = 
2017-11-17 06:45:01,460 - streamparse.stdout - INFO - 5
2017-11-17 06:45:01,460 - streamparse.stdout - INFO - uword = 
2017-11-17 06:45:01,460 - streamparse.stdout - INFO - out
2017-11-17 06:45:01,509 - streamparse.stdout - INFO - Could not create tcount
2017-11-17 06:45:01,539 - streamparse.stdout - INFO - could not create table
2017-11-17 06:45:01,540 - streamparse.stdout - INFO - ucount = 
2017-11-17 06:45:01,540 - streamparse.stdout - INFO - 1
2017-11-17 06:45:01,540 - streamparse.stdout - INFO - uword = 
2017-11-17 06:45:01,540 - streamparse.stdout - INFO - built
2017-11-17 06:45:01,579 - streamparse.stdout - INFO - Could not create tcount
2017-11-17 06:45:01,615 - streamparse.stdout - INFO - could not create table
2017-11-17 06:45:01,616 - streamparse.stdout - INFO - ucount = 
2017-11-17 06:45:01,616 - streamparse.stdout - INFO - 1
2017-11-17 06:45:01,616 - streamparse.stdout - INFO - uword = 
2017-11-17 06:45:01,617 - streamparse.stdout - INFO - even
2017-11-17 06:45:01,659 - streamparse.stdout - INFO - Could not create tcount
2017-11-17 06:45:01,704 - streamparse.stdout - INFO - could not create table
2017-11-17 06:45:01,705 - streamparse.stdout - INFO - ucount = 
2017-11-17 06:45:01,706 - streamparse.stdout - INFO - 1
2017-11-17 06:45:01,706 - streamparse.stdout - INFO - uword = 
2017-11-17 06:45:01,706 - streamparse.stdout - INFO - its
2017-11-17 06:45:01,755 - streamparse.stdout - INFO - Could not create tcount
2017-11-17 06:45:01,797 - streamparse.stdout - INFO - could not create table
2017-11-17 06:45:01,797 - streamparse.stdout - INFO - ucount = 
2017-11-17 06:45:01,798 - streamparse.stdout - INFO - 1
2017-11-17 06:45:01,798 - streamparse.stdout - INFO - uword = 
2017-11-17 06:45:01,798 - streamparse.stdout - INFO - Chennai
2017-11-17 06:45:01,865 - streamparse.stdout - INFO - Could not create tcount
2017-11-17 06:45:01,932 - streamparse.stdout - INFO - could not create table
2017-11-17 06:45:01,933 - streamparse.stdout - INFO - ucount = 
2017-11-17 06:45:01,934 - streamparse.stdout - INFO - 3
2017-11-17 06:45:01,934 - streamparse.stdout - INFO - uword = 
2017-11-17 06:45:01,934 - streamparse.stdout - INFO - got
2017-11-17 06:45:01,994 - streamparse.stdout - INFO - Could not create tcount
2017-11-17 06:45:02,060 - streamparse.stdout - INFO - could not create table
2017-11-17 06:45:02,063 - streamparse.stdout - INFO - ucount = 
2017-11-17 06:45:02,063 - streamparse.stdout - INFO - 4
2017-11-17 06:45:02,063 - streamparse.stdout - INFO - uword = 
2017-11-17 06:45:02,063 - streamparse.stdout - INFO - new
