2017-11-17 19:44:23,238 - requests_oauthlib.oauth1_auth - DEBUG - Signing request <PreparedRequest [POST]> using client <Client nonce=None, signature_method=HMAC-SHA1, realm=None, encoding=utf-8, timestamp=None, resource_owner_secret=****, decoding=None, verifier=None, signature_type=AUTH_HEADER, rsa_key=None, resource_owner_key=928428833476313088-5vt6Db05MJ9cNtJqLu1NVnjnzl9huoC, client_secret=****, callback_uri=None, client_key=Glu9EiLpkRC53SjiSnUok61lk>
2017-11-17 19:44:23,238 - requests_oauthlib.oauth1_auth - DEBUG - Including body in call to sign: True
2017-11-17 19:44:23,242 - oauthlib.oauth1.rfc5849 - DEBUG - Collected params: [(u'delimited', u'length'), (u'oauth_nonce', u'20283668041150365851510947863'), (u'oauth_timestamp', u'1510947863'), (u'oauth_consumer_key', u'Glu9EiLpkRC53SjiSnUok61lk'), (u'oauth_signature_method', u'HMAC-SHA1'), (u'oauth_version', u'1.0'), (u'oauth_token', u'928428833476313088-5vt6Db05MJ9cNtJqLu1NVnjnzl9huoC'), (u'track', u'a,the,i,you,u'), (u'language', u'en')]
2017-11-17 19:44:23,243 - oauthlib.oauth1.rfc5849 - DEBUG - Normalized params: delimited=length&language=en&oauth_consumer_key=Glu9EiLpkRC53SjiSnUok61lk&oauth_nonce=20283668041150365851510947863&oauth_signature_method=HMAC-SHA1&oauth_timestamp=1510947863&oauth_token=928428833476313088-5vt6Db05MJ9cNtJqLu1NVnjnzl9huoC&oauth_version=1.0&track=a%2Cthe%2Ci%2Cyou%2Cu
2017-11-17 19:44:23,246 - oauthlib.oauth1.rfc5849 - DEBUG - Normalized URI: https://stream.twitter.com/1.1/statuses/filter.json
2017-11-17 19:44:23,246 - oauthlib.oauth1.rfc5849 - DEBUG - Signing: signature base string: POST&https%3A%2F%2Fstream.twitter.com%2F1.1%2Fstatuses%2Ffilter.json&delimited%3Dlength%26language%3Den%26oauth_consumer_key%3DGlu9EiLpkRC53SjiSnUok61lk%26oauth_nonce%3D20283668041150365851510947863%26oauth_signature_method%3DHMAC-SHA1%26oauth_timestamp%3D1510947863%26oauth_token%3D928428833476313088-5vt6Db05MJ9cNtJqLu1NVnjnzl9huoC%26oauth_version%3D1.0%26track%3Da%252Cthe%252Ci%252Cyou%252Cu
2017-11-17 19:44:23,246 - oauthlib.oauth1.rfc5849 - DEBUG - Signature: wOmNdmtkLwCjAJLAWonqmhPDDf8=
2017-11-17 19:44:23,249 - requests_oauthlib.oauth1_auth - DEBUG - Updated url: https://stream.twitter.com/1.1/statuses/filter.json?delimited=length
2017-11-17 19:44:23,249 - requests_oauthlib.oauth1_auth - DEBUG - Updated headers: {u'Content-Length': u'39', u'Content-Type': u'application/x-www-form-urlencoded', u'Authorization': u'OAuth oauth_nonce="20283668041150365851510947863", oauth_timestamp="1510947863", oauth_version="1.0", oauth_signature_method="HMAC-SHA1", oauth_consumer_key="Glu9EiLpkRC53SjiSnUok61lk", oauth_token="928428833476313088-5vt6Db05MJ9cNtJqLu1NVnjnzl9huoC", oauth_signature="wOmNdmtkLwCjAJLAWonqmhPDDf8%3D"'}
2017-11-17 19:44:23,253 - requests_oauthlib.oauth1_auth - DEBUG - Updated body: u'track=a%2Cthe%2Ci%2Cyou%2Cu&language=en'
2017-11-17 19:44:23,255 - requests.packages.urllib3.connectionpool - INFO - Starting new HTTPS connection (1): stream.twitter.com
2017-11-17 19:44:23,523 - requests.packages.urllib3.connectionpool - DEBUG - "POST /1.1/statuses/filter.json?delimited=length HTTP/1.1" 420 36
2017-11-17 19:45:23,630 - requests_oauthlib.oauth1_auth - DEBUG - Signing request <PreparedRequest [POST]> using client <Client nonce=None, signature_method=HMAC-SHA1, realm=None, encoding=utf-8, timestamp=None, resource_owner_secret=****, decoding=None, verifier=None, signature_type=AUTH_HEADER, rsa_key=None, resource_owner_key=928428833476313088-5vt6Db05MJ9cNtJqLu1NVnjnzl9huoC, client_secret=****, callback_uri=None, client_key=Glu9EiLpkRC53SjiSnUok61lk>
2017-11-17 19:45:23,631 - requests_oauthlib.oauth1_auth - DEBUG - Including body in call to sign: True
2017-11-17 19:45:23,632 - oauthlib.oauth1.rfc5849 - DEBUG - Collected params: [(u'delimited', u'length'), (u'oauth_nonce', u'52830955152725132621510947923'), (u'oauth_timestamp', u'1510947923'), (u'oauth_consumer_key', u'Glu9EiLpkRC53SjiSnUok61lk'), (u'oauth_signature_method', u'HMAC-SHA1'), (u'oauth_version', u'1.0'), (u'oauth_token', u'928428833476313088-5vt6Db05MJ9cNtJqLu1NVnjnzl9huoC'), (u'track', u'a,the,i,you,u'), (u'language', u'en')]
2017-11-17 19:45:23,634 - oauthlib.oauth1.rfc5849 - DEBUG - Normalized params: delimited=length&language=en&oauth_consumer_key=Glu9EiLpkRC53SjiSnUok61lk&oauth_nonce=52830955152725132621510947923&oauth_signature_method=HMAC-SHA1&oauth_timestamp=1510947923&oauth_token=928428833476313088-5vt6Db05MJ9cNtJqLu1NVnjnzl9huoC&oauth_version=1.0&track=a%2Cthe%2Ci%2Cyou%2Cu
2017-11-17 19:45:23,635 - oauthlib.oauth1.rfc5849 - DEBUG - Normalized URI: https://stream.twitter.com/1.1/statuses/filter.json
2017-11-17 19:45:23,635 - oauthlib.oauth1.rfc5849 - DEBUG - Signing: signature base string: POST&https%3A%2F%2Fstream.twitter.com%2F1.1%2Fstatuses%2Ffilter.json&delimited%3Dlength%26language%3Den%26oauth_consumer_key%3DGlu9EiLpkRC53SjiSnUok61lk%26oauth_nonce%3D52830955152725132621510947923%26oauth_signature_method%3DHMAC-SHA1%26oauth_timestamp%3D1510947923%26oauth_token%3D928428833476313088-5vt6Db05MJ9cNtJqLu1NVnjnzl9huoC%26oauth_version%3D1.0%26track%3Da%252Cthe%252Ci%252Cyou%252Cu
2017-11-17 19:45:23,635 - oauthlib.oauth1.rfc5849 - DEBUG - Signature: DxzWKoqZ5krcX7ndrDGLFP47nFg=
2017-11-17 19:45:23,636 - requests_oauthlib.oauth1_auth - DEBUG - Updated url: https://stream.twitter.com/1.1/statuses/filter.json?delimited=length
2017-11-17 19:45:23,636 - requests_oauthlib.oauth1_auth - DEBUG - Updated headers: {u'Content-Length': u'39', u'Content-Type': u'application/x-www-form-urlencoded', u'Authorization': u'OAuth oauth_nonce="52830955152725132621510947923", oauth_timestamp="1510947923", oauth_version="1.0", oauth_signature_method="HMAC-SHA1", oauth_consumer_key="Glu9EiLpkRC53SjiSnUok61lk", oauth_token="928428833476313088-5vt6Db05MJ9cNtJqLu1NVnjnzl9huoC", oauth_signature="DxzWKoqZ5krcX7ndrDGLFP47nFg%3D"'}
2017-11-17 19:45:23,636 - requests_oauthlib.oauth1_auth - DEBUG - Updated body: u'track=a%2Cthe%2Ci%2Cyou%2Cu&language=en'
2017-11-17 19:45:23,639 - requests.packages.urllib3.connectionpool - INFO - Starting new HTTPS connection (2): stream.twitter.com
2017-11-17 19:45:26,031 - requests.packages.urllib3.connectionpool - DEBUG - "POST /1.1/statuses/filter.json?delimited=length HTTP/1.1" 200 None
