2017-11-17 06:15:20,762 - requests_oauthlib.oauth1_auth - DEBUG - Signing request <PreparedRequest [POST]> using client <Client nonce=None, signature_method=HMAC-SHA1, realm=None, encoding=utf-8, timestamp=None, resource_owner_secret=****, decoding=None, verifier=None, signature_type=AUTH_HEADER, rsa_key=None, resource_owner_key=928428833476313088-5vt6Db05MJ9cNtJqLu1NVnjnzl9huoC, client_secret=****, callback_uri=None, client_key=Glu9EiLpkRC53SjiSnUok61lk>
2017-11-17 06:15:20,765 - requests_oauthlib.oauth1_auth - DEBUG - Including body in call to sign: True
2017-11-17 06:15:20,769 - oauthlib.oauth1.rfc5849 - DEBUG - Collected params: [(u'delimited', u'length'), (u'oauth_nonce', u'68193779471725721371510899320'), (u'oauth_timestamp', u'1510899320'), (u'oauth_consumer_key', u'Glu9EiLpkRC53SjiSnUok61lk'), (u'oauth_signature_method', u'HMAC-SHA1'), (u'oauth_version', u'1.0'), (u'oauth_token', u'928428833476313088-5vt6Db05MJ9cNtJqLu1NVnjnzl9huoC'), (u'track', u'a,the,i,you,u'), (u'language', u'en')]
2017-11-17 06:15:20,770 - oauthlib.oauth1.rfc5849 - DEBUG - Normalized params: delimited=length&language=en&oauth_consumer_key=Glu9EiLpkRC53SjiSnUok61lk&oauth_nonce=68193779471725721371510899320&oauth_signature_method=HMAC-SHA1&oauth_timestamp=1510899320&oauth_token=928428833476313088-5vt6Db05MJ9cNtJqLu1NVnjnzl9huoC&oauth_version=1.0&track=a%2Cthe%2Ci%2Cyou%2Cu
2017-11-17 06:15:20,770 - oauthlib.oauth1.rfc5849 - DEBUG - Normalized URI: https://stream.twitter.com/1.1/statuses/filter.json
2017-11-17 06:15:20,770 - oauthlib.oauth1.rfc5849 - DEBUG - Signing: signature base string: POST&https%3A%2F%2Fstream.twitter.com%2F1.1%2Fstatuses%2Ffilter.json&delimited%3Dlength%26language%3Den%26oauth_consumer_key%3DGlu9EiLpkRC53SjiSnUok61lk%26oauth_nonce%3D68193779471725721371510899320%26oauth_signature_method%3DHMAC-SHA1%26oauth_timestamp%3D1510899320%26oauth_token%3D928428833476313088-5vt6Db05MJ9cNtJqLu1NVnjnzl9huoC%26oauth_version%3D1.0%26track%3Da%252Cthe%252Ci%252Cyou%252Cu
2017-11-17 06:15:20,772 - oauthlib.oauth1.rfc5849 - DEBUG - Signature: dkdZYBgkqFf6Cpns5k1RSuiTe2I=
2017-11-17 06:15:20,774 - requests_oauthlib.oauth1_auth - DEBUG - Updated url: https://stream.twitter.com/1.1/statuses/filter.json?delimited=length
2017-11-17 06:15:20,774 - requests_oauthlib.oauth1_auth - DEBUG - Updated headers: {u'Content-Length': u'39', u'Content-Type': u'application/x-www-form-urlencoded', u'Authorization': u'OAuth oauth_nonce="68193779471725721371510899320", oauth_timestamp="1510899320", oauth_version="1.0", oauth_signature_method="HMAC-SHA1", oauth_consumer_key="Glu9EiLpkRC53SjiSnUok61lk", oauth_token="928428833476313088-5vt6Db05MJ9cNtJqLu1NVnjnzl9huoC", oauth_signature="dkdZYBgkqFf6Cpns5k1RSuiTe2I%3D"'}
2017-11-17 06:15:20,774 - requests_oauthlib.oauth1_auth - DEBUG - Updated body: u'track=a%2Cthe%2Ci%2Cyou%2Cu&language=en'
2017-11-17 06:15:20,781 - requests.packages.urllib3.connectionpool - INFO - Starting new HTTPS connection (1): stream.twitter.com
2017-11-17 06:15:20,980 - requests.packages.urllib3.connectionpool - DEBUG - "POST /1.1/statuses/filter.json?delimited=length HTTP/1.1" 420 36
2017-11-17 06:15:22,031 - streamparse.storm.component - ERROR - Received EOF while trying to read stdin from Storm, pipe appears to be broken, exiting.
2017-11-17 06:16:21,040 - requests_oauthlib.oauth1_auth - DEBUG - Signing request <PreparedRequest [POST]> using client <Client nonce=None, signature_method=HMAC-SHA1, realm=None, encoding=utf-8, timestamp=None, resource_owner_secret=****, decoding=None, verifier=None, signature_type=AUTH_HEADER, rsa_key=None, resource_owner_key=928428833476313088-5vt6Db05MJ9cNtJqLu1NVnjnzl9huoC, client_secret=****, callback_uri=None, client_key=Glu9EiLpkRC53SjiSnUok61lk>
2017-11-17 06:16:21,040 - requests_oauthlib.oauth1_auth - DEBUG - Including body in call to sign: True
2017-11-17 06:16:21,041 - oauthlib.oauth1.rfc5849 - DEBUG - Collected params: [(u'delimited', u'length'), (u'oauth_nonce', u'50136744943038323841510899381'), (u'oauth_timestamp', u'1510899381'), (u'oauth_consumer_key', u'Glu9EiLpkRC53SjiSnUok61lk'), (u'oauth_signature_method', u'HMAC-SHA1'), (u'oauth_version', u'1.0'), (u'oauth_token', u'928428833476313088-5vt6Db05MJ9cNtJqLu1NVnjnzl9huoC'), (u'track', u'a,the,i,you,u'), (u'language', u'en')]
2017-11-17 06:16:21,042 - oauthlib.oauth1.rfc5849 - DEBUG - Normalized params: delimited=length&language=en&oauth_consumer_key=Glu9EiLpkRC53SjiSnUok61lk&oauth_nonce=50136744943038323841510899381&oauth_signature_method=HMAC-SHA1&oauth_timestamp=1510899381&oauth_token=928428833476313088-5vt6Db05MJ9cNtJqLu1NVnjnzl9huoC&oauth_version=1.0&track=a%2Cthe%2Ci%2Cyou%2Cu
2017-11-17 06:16:21,042 - oauthlib.oauth1.rfc5849 - DEBUG - Normalized URI: https://stream.twitter.com/1.1/statuses/filter.json
2017-11-17 06:16:21,042 - oauthlib.oauth1.rfc5849 - DEBUG - Signing: signature base string: POST&https%3A%2F%2Fstream.twitter.com%2F1.1%2Fstatuses%2Ffilter.json&delimited%3Dlength%26language%3Den%26oauth_consumer_key%3DGlu9EiLpkRC53SjiSnUok61lk%26oauth_nonce%3D50136744943038323841510899381%26oauth_signature_method%3DHMAC-SHA1%26oauth_timestamp%3D1510899381%26oauth_token%3D928428833476313088-5vt6Db05MJ9cNtJqLu1NVnjnzl9huoC%26oauth_version%3D1.0%26track%3Da%252Cthe%252Ci%252Cyou%252Cu
2017-11-17 06:16:21,043 - oauthlib.oauth1.rfc5849 - DEBUG - Signature: nFa5uRoyu1SDOSRH8VksV+Nj8Sc=
2017-11-17 06:16:21,043 - requests_oauthlib.oauth1_auth - DEBUG - Updated url: https://stream.twitter.com/1.1/statuses/filter.json?delimited=length
2017-11-17 06:16:21,043 - requests_oauthlib.oauth1_auth - DEBUG - Updated headers: {u'Content-Length': u'39', u'Content-Type': u'application/x-www-form-urlencoded', u'Authorization': u'OAuth oauth_nonce="50136744943038323841510899381", oauth_timestamp="1510899381", oauth_version="1.0", oauth_signature_method="HMAC-SHA1", oauth_consumer_key="Glu9EiLpkRC53SjiSnUok61lk", oauth_token="928428833476313088-5vt6Db05MJ9cNtJqLu1NVnjnzl9huoC", oauth_signature="nFa5uRoyu1SDOSRH8VksV%2BNj8Sc%3D"'}
2017-11-17 06:16:21,043 - requests_oauthlib.oauth1_auth - DEBUG - Updated body: u'track=a%2Cthe%2Ci%2Cyou%2Cu&language=en'
2017-11-17 06:16:21,044 - requests.packages.urllib3.connectionpool - INFO - Starting new HTTPS connection (2): stream.twitter.com
2017-11-17 06:16:21,372 - requests.packages.urllib3.connectionpool - DEBUG - "POST /1.1/statuses/filter.json?delimited=length HTTP/1.1" 200 None
