2017-11-17 06:41:44,924 - requests_oauthlib.oauth1_auth - DEBUG - Signing request <PreparedRequest [POST]> using client <Client nonce=None, signature_method=HMAC-SHA1, realm=None, encoding=utf-8, timestamp=None, resource_owner_secret=****, decoding=None, verifier=None, signature_type=AUTH_HEADER, rsa_key=None, resource_owner_key=928428833476313088-5vt6Db05MJ9cNtJqLu1NVnjnzl9huoC, client_secret=****, callback_uri=None, client_key=Glu9EiLpkRC53SjiSnUok61lk>
2017-11-17 06:41:44,934 - requests_oauthlib.oauth1_auth - DEBUG - Including body in call to sign: True
2017-11-17 06:41:44,936 - oauthlib.oauth1.rfc5849 - DEBUG - Collected params: [(u'delimited', u'length'), (u'oauth_nonce', u'183568102578324922171510900904'), (u'oauth_timestamp', u'1510900904'), (u'oauth_consumer_key', u'Glu9EiLpkRC53SjiSnUok61lk'), (u'oauth_signature_method', u'HMAC-SHA1'), (u'oauth_version', u'1.0'), (u'oauth_token', u'928428833476313088-5vt6Db05MJ9cNtJqLu1NVnjnzl9huoC'), (u'track', u'a,the,i,you,u'), (u'language', u'en')]
2017-11-17 06:41:44,936 - oauthlib.oauth1.rfc5849 - DEBUG - Normalized params: delimited=length&language=en&oauth_consumer_key=Glu9EiLpkRC53SjiSnUok61lk&oauth_nonce=183568102578324922171510900904&oauth_signature_method=HMAC-SHA1&oauth_timestamp=1510900904&oauth_token=928428833476313088-5vt6Db05MJ9cNtJqLu1NVnjnzl9huoC&oauth_version=1.0&track=a%2Cthe%2Ci%2Cyou%2Cu
2017-11-17 06:41:44,937 - oauthlib.oauth1.rfc5849 - DEBUG - Normalized URI: https://stream.twitter.com/1.1/statuses/filter.json
2017-11-17 06:41:44,939 - oauthlib.oauth1.rfc5849 - DEBUG - Signing: signature base string: POST&https%3A%2F%2Fstream.twitter.com%2F1.1%2Fstatuses%2Ffilter.json&delimited%3Dlength%26language%3Den%26oauth_consumer_key%3DGlu9EiLpkRC53SjiSnUok61lk%26oauth_nonce%3D183568102578324922171510900904%26oauth_signature_method%3DHMAC-SHA1%26oauth_timestamp%3D1510900904%26oauth_token%3D928428833476313088-5vt6Db05MJ9cNtJqLu1NVnjnzl9huoC%26oauth_version%3D1.0%26track%3Da%252Cthe%252Ci%252Cyou%252Cu
2017-11-17 06:41:44,940 - oauthlib.oauth1.rfc5849 - DEBUG - Signature: Y/wYFUli8IDvFaZVVSFfuLyPTr0=
2017-11-17 06:41:44,940 - requests_oauthlib.oauth1_auth - DEBUG - Updated url: https://stream.twitter.com/1.1/statuses/filter.json?delimited=length
2017-11-17 06:41:44,940 - requests_oauthlib.oauth1_auth - DEBUG - Updated headers: {u'Content-Length': u'39', u'Content-Type': u'application/x-www-form-urlencoded', u'Authorization': u'OAuth oauth_nonce="183568102578324922171510900904", oauth_timestamp="1510900904", oauth_version="1.0", oauth_signature_method="HMAC-SHA1", oauth_consumer_key="Glu9EiLpkRC53SjiSnUok61lk", oauth_token="928428833476313088-5vt6Db05MJ9cNtJqLu1NVnjnzl9huoC", oauth_signature="Y%2FwYFUli8IDvFaZVVSFfuLyPTr0%3D"'}
2017-11-17 06:41:44,941 - requests_oauthlib.oauth1_auth - DEBUG - Updated body: u'track=a%2Cthe%2Ci%2Cyou%2Cu&language=en'
2017-11-17 06:41:44,952 - requests.packages.urllib3.connectionpool - INFO - Starting new HTTPS connection (1): stream.twitter.com
2017-11-17 06:41:45,118 - requests.packages.urllib3.connectionpool - DEBUG - "POST /1.1/statuses/filter.json?delimited=length HTTP/1.1" 420 36
2017-11-17 06:41:46,453 - streamparse.storm.component - ERROR - Received EOF while trying to read stdin from Storm, pipe appears to be broken, exiting.
2017-11-17 06:42:45,177 - requests_oauthlib.oauth1_auth - DEBUG - Signing request <PreparedRequest [POST]> using client <Client nonce=None, signature_method=HMAC-SHA1, realm=None, encoding=utf-8, timestamp=None, resource_owner_secret=****, decoding=None, verifier=None, signature_type=AUTH_HEADER, rsa_key=None, resource_owner_key=928428833476313088-5vt6Db05MJ9cNtJqLu1NVnjnzl9huoC, client_secret=****, callback_uri=None, client_key=Glu9EiLpkRC53SjiSnUok61lk>
2017-11-17 06:42:45,178 - requests_oauthlib.oauth1_auth - DEBUG - Including body in call to sign: True
2017-11-17 06:42:45,179 - oauthlib.oauth1.rfc5849 - DEBUG - Collected params: [(u'delimited', u'length'), (u'oauth_nonce', u'35476949451055315921510900965'), (u'oauth_timestamp', u'1510900965'), (u'oauth_consumer_key', u'Glu9EiLpkRC53SjiSnUok61lk'), (u'oauth_signature_method', u'HMAC-SHA1'), (u'oauth_version', u'1.0'), (u'oauth_token', u'928428833476313088-5vt6Db05MJ9cNtJqLu1NVnjnzl9huoC'), (u'track', u'a,the,i,you,u'), (u'language', u'en')]
2017-11-17 06:42:45,179 - oauthlib.oauth1.rfc5849 - DEBUG - Normalized params: delimited=length&language=en&oauth_consumer_key=Glu9EiLpkRC53SjiSnUok61lk&oauth_nonce=35476949451055315921510900965&oauth_signature_method=HMAC-SHA1&oauth_timestamp=1510900965&oauth_token=928428833476313088-5vt6Db05MJ9cNtJqLu1NVnjnzl9huoC&oauth_version=1.0&track=a%2Cthe%2Ci%2Cyou%2Cu
2017-11-17 06:42:45,180 - oauthlib.oauth1.rfc5849 - DEBUG - Normalized URI: https://stream.twitter.com/1.1/statuses/filter.json
2017-11-17 06:42:45,180 - oauthlib.oauth1.rfc5849 - DEBUG - Signing: signature base string: POST&https%3A%2F%2Fstream.twitter.com%2F1.1%2Fstatuses%2Ffilter.json&delimited%3Dlength%26language%3Den%26oauth_consumer_key%3DGlu9EiLpkRC53SjiSnUok61lk%26oauth_nonce%3D35476949451055315921510900965%26oauth_signature_method%3DHMAC-SHA1%26oauth_timestamp%3D1510900965%26oauth_token%3D928428833476313088-5vt6Db05MJ9cNtJqLu1NVnjnzl9huoC%26oauth_version%3D1.0%26track%3Da%252Cthe%252Ci%252Cyou%252Cu
2017-11-17 06:42:45,180 - oauthlib.oauth1.rfc5849 - DEBUG - Signature: INU9IJu9E9NPeiiuvSr9lhPQsMM=
2017-11-17 06:42:45,181 - requests_oauthlib.oauth1_auth - DEBUG - Updated url: https://stream.twitter.com/1.1/statuses/filter.json?delimited=length
2017-11-17 06:42:45,181 - requests_oauthlib.oauth1_auth - DEBUG - Updated headers: {u'Content-Length': u'39', u'Content-Type': u'application/x-www-form-urlencoded', u'Authorization': u'OAuth oauth_nonce="35476949451055315921510900965", oauth_timestamp="1510900965", oauth_version="1.0", oauth_signature_method="HMAC-SHA1", oauth_consumer_key="Glu9EiLpkRC53SjiSnUok61lk", oauth_token="928428833476313088-5vt6Db05MJ9cNtJqLu1NVnjnzl9huoC", oauth_signature="INU9IJu9E9NPeiiuvSr9lhPQsMM%3D"'}
2017-11-17 06:42:45,181 - requests_oauthlib.oauth1_auth - DEBUG - Updated body: u'track=a%2Cthe%2Ci%2Cyou%2Cu&language=en'
2017-11-17 06:42:45,182 - requests.packages.urllib3.connectionpool - INFO - Starting new HTTPS connection (2): stream.twitter.com
2017-11-17 06:42:45,283 - requests.packages.urllib3.connectionpool - DEBUG - "POST /1.1/statuses/filter.json?delimited=length HTTP/1.1" 200 None
