2017-11-17 06:44:20,184 - streamparse.stdout - INFO - Could not create tcount
2017-11-17 06:44:20,321 - streamparse.stdout - INFO - could not create table
2017-11-17 06:44:20,322 - streamparse.stdout - INFO - ucount = 
2017-11-17 06:44:20,322 - streamparse.stdout - INFO - 1
2017-11-17 06:44:20,323 - streamparse.stdout - INFO - uword = 
2017-11-17 06:44:20,323 - streamparse.stdout - INFO - the
2017-11-17 06:44:20,447 - streamparse.stdout - INFO - Could not create tcount
2017-11-17 06:44:20,635 - streamparse.stdout - INFO - could not create table
2017-11-17 06:44:20,636 - streamparse.stdout - INFO - ucount = 
2017-11-17 06:44:20,636 - streamparse.stdout - INFO - 1
2017-11-17 06:44:20,637 - streamparse.stdout - INFO - uword = 
2017-11-17 06:44:20,637 - streamparse.stdout - INFO - Series
2017-11-17 06:44:20,823 - streamparse.stdout - INFO - Could not create tcount
2017-11-17 06:44:20,944 - streamparse.stdout - INFO - could not create table
2017-11-17 06:44:20,945 - streamparse.stdout - INFO - ucount = 
2017-11-17 06:44:20,945 - streamparse.stdout - INFO - 2
2017-11-17 06:44:20,945 - streamparse.stdout - INFO - uword = 
2017-11-17 06:44:20,945 - streamparse.stdout - INFO - the
2017-11-17 06:44:21,146 - streamparse.stdout - INFO - Could not create tcount
2017-11-17 06:44:21,282 - streamparse.stdout - INFO - could not create table
2017-11-17 06:44:21,283 - streamparse.stdout - INFO - ucount = 
2017-11-17 06:44:21,283 - streamparse.stdout - INFO - 1
2017-11-17 06:44:21,283 - streamparse.stdout - INFO - uword = 
2017-11-17 06:44:21,284 - streamparse.stdout - INFO - at
2017-11-17 06:44:21,448 - streamparse.stdout - INFO - Could not create tcount
2017-11-17 06:44:21,606 - streamparse.stdout - INFO - could not create table
2017-11-17 06:44:21,609 - streamparse.stdout - INFO - ucount = 
2017-11-17 06:44:21,609 - streamparse.stdout - INFO - 1
2017-11-17 06:44:21,609 - streamparse.stdout - INFO - uword = 
2017-11-17 06:44:21,609 - streamparse.stdout - INFO - reach
2017-11-17 06:44:21,744 - streamparse.stdout - INFO - Could not create tcount
2017-11-17 06:44:21,891 - streamparse.stdout - INFO - could not create table
2017-11-17 06:44:21,891 - streamparse.stdout - INFO - ucount = 
2017-11-17 06:44:21,891 - streamparse.stdout - INFO - 1
2017-11-17 06:44:21,892 - streamparse.stdout - INFO - uword = 
2017-11-17 06:44:21,892 - streamparse.stdout - INFO - 10mil
2017-11-17 06:44:22,046 - streamparse.stdout - INFO - Could not create tcount
2017-11-17 06:44:22,181 - streamparse.stdout - INFO - could not create table
2017-11-17 06:44:22,182 - streamparse.stdout - INFO - ucount = 
2017-11-17 06:44:22,182 - streamparse.stdout - INFO - 1
2017-11-17 06:44:22,183 - streamparse.stdout - INFO - uword = 
2017-11-17 06:44:22,183 - streamparse.stdout - INFO - on
2017-11-17 06:44:22,273 - streamparse.stdout - INFO - Could not create tcount
2017-11-17 06:44:22,460 - streamparse.stdout - INFO - could not create table
2017-11-17 06:44:22,471 - streamparse.stdout - INFO - ucount = 
2017-11-17 06:44:22,471 - streamparse.stdout - INFO - 1
2017-11-17 06:44:22,472 - streamparse.stdout - INFO - uword = 
2017-11-17 06:44:22,472 - streamparse.stdout - INFO - Psychology
2017-11-17 06:44:22,687 - streamparse.stdout - INFO - Could not create tcount
2017-11-17 06:44:22,834 - streamparse.stdout - INFO - could not create table
2017-11-17 06:44:22,835 - streamparse.stdout - INFO - ucount = 
2017-11-17 06:44:22,835 - streamparse.stdout - INFO - 1
2017-11-17 06:44:22,835 - streamparse.stdout - INFO - uword = 
2017-11-17 06:44:22,835 - streamparse.stdout - INFO - makes
2017-11-17 06:44:23,059 - streamparse.stdout - INFO - Could not create tcount
2017-11-17 06:44:23,154 - streamparse.stdout - INFO - could not create table
2017-11-17 06:44:23,162 - streamparse.stdout - INFO - ucount = 
2017-11-17 06:44:23,163 - streamparse.stdout - INFO - 1
2017-11-17 06:44:23,163 - streamparse.stdout - INFO - uword = 
2017-11-17 06:44:23,163 - streamparse.stdout - INFO - angry
2017-11-17 06:44:23,374 - streamparse.stdout - INFO - Could not create tcount
2017-11-17 06:44:23,572 - streamparse.stdout - INFO - could not create table
2017-11-17 06:44:23,573 - streamparse.stdout - INFO - ucount = 
2017-11-17 06:44:23,573 - streamparse.stdout - INFO - 1
2017-11-17 06:44:23,573 - streamparse.stdout - INFO - uword = 
2017-11-17 06:44:23,573 - streamparse.stdout - INFO - and
2017-11-17 06:44:23,797 - streamparse.stdout - INFO - Could not create tcount
2017-11-17 06:44:23,955 - streamparse.stdout - INFO - could not create table
2017-11-17 06:44:23,956 - streamparse.stdout - INFO - ucount = 
2017-11-17 06:44:23,956 - streamparse.stdout - INFO - 1
2017-11-17 06:44:23,956 - streamparse.stdout - INFO - uword = 
2017-11-17 06:44:23,956 - streamparse.stdout - INFO - stressed
2017-11-17 06:44:24,185 - streamparse.stdout - INFO - Could not create tcount
2017-11-17 06:44:24,320 - streamparse.stdout - INFO - could not create table
2017-11-17 06:44:24,320 - streamparse.stdout - INFO - ucount = 
2017-11-17 06:44:24,321 - streamparse.stdout - INFO - 1
2017-11-17 06:44:24,321 - streamparse.stdout - INFO - uword = 
2017-11-17 06:44:24,321 - streamparse.stdout - INFO - but
2017-11-17 06:44:24,581 - streamparse.stdout - INFO - Could not create tcount
2017-11-17 06:44:24,739 - streamparse.stdout - INFO - could not create table
2017-11-17 06:44:24,740 - streamparse.stdout - INFO - ucount = 
2017-11-17 06:44:24,740 - streamparse.stdout - INFO - 1
2017-11-17 06:44:24,740 - streamparse.stdout - INFO - uword = 
2017-11-17 06:44:24,741 - streamparse.stdout - INFO - cool
2017-11-17 06:44:24,946 - streamparse.stdout - INFO - Could not create tcount
2017-11-17 06:44:25,046 - streamparse.stdout - INFO - could not create table
2017-11-17 06:44:25,088 - streamparse.stdout - INFO - ucount = 
2017-11-17 06:44:25,089 - streamparse.stdout - INFO - 1
2017-11-17 06:44:25,089 - streamparse.stdout - INFO - uword = 
2017-11-17 06:44:25,089 - streamparse.stdout - INFO - place
2017-11-17 06:44:25,327 - streamparse.stdout - INFO - Could not create tcount
2017-11-17 06:44:25,450 - streamparse.stdout - INFO - could not create table
2017-11-17 06:44:25,451 - streamparse.stdout - INFO - ucount = 
2017-11-17 06:44:25,451 - streamparse.stdout - INFO - 1
2017-11-17 06:44:25,451 - streamparse.stdout - INFO - uword = 
2017-11-17 06:44:25,451 - streamparse.stdout - INFO - before
2017-11-17 06:44:25,650 - streamparse.stdout - INFO - Could not create tcount
2017-11-17 06:44:25,785 - streamparse.stdout - INFO - could not create table
2017-11-17 06:44:25,786 - streamparse.stdout - INFO - ucount = 
2017-11-17 06:44:25,786 - streamparse.stdout - INFO - 1
2017-11-17 06:44:25,786 - streamparse.stdout - INFO - uword = 
2017-11-17 06:44:25,786 - streamparse.stdout - INFO - Especially
2017-11-17 06:44:26,008 - streamparse.stdout - INFO - Could not create tcount
2017-11-17 06:44:26,092 - streamparse.stdout - INFO - could not create table
2017-11-17 06:44:26,093 - streamparse.stdout - INFO - ucount = 
2017-11-17 06:44:26,093 - streamparse.stdout - INFO - 3
2017-11-17 06:44:26,093 - streamparse.stdout - INFO - uword = 
2017-11-17 06:44:26,094 - streamparse.stdout - INFO - the
2017-11-17 06:44:26,274 - streamparse.stdout - INFO - Could not create tcount
2017-11-17 06:44:26,459 - streamparse.stdout - INFO - could not create table
2017-11-17 06:44:26,460 - streamparse.stdout - INFO - ucount = 
2017-11-17 06:44:26,460 - streamparse.stdout - INFO - 1
2017-11-17 06:44:26,460 - streamparse.stdout - INFO - uword = 
2017-11-17 06:44:26,460 - streamparse.stdout - INFO - that
2017-11-17 06:44:26,682 - streamparse.stdout - INFO - Could not create tcount
2017-11-17 06:44:26,892 - streamparse.stdout - INFO - could not create table
2017-11-17 06:44:26,893 - streamparse.stdout - INFO - ucount = 
2017-11-17 06:44:26,893 - streamparse.stdout - INFO - 1
2017-11-17 06:44:26,894 - streamparse.stdout - INFO - uword = 
2017-11-17 06:44:26,894 - streamparse.stdout - INFO - ranting
2017-11-17 06:44:27,115 - streamparse.stdout - INFO - Could not create tcount
2017-11-17 06:44:27,260 - streamparse.stdout - INFO - could not create table
2017-11-17 06:44:27,261 - streamparse.stdout - INFO - ucount = 
2017-11-17 06:44:27,261 - streamparse.stdout - INFO - 1
2017-11-17 06:44:27,261 - streamparse.stdout - INFO - uword = 
2017-11-17 06:44:27,261 - streamparse.stdout - INFO - doing
2017-11-17 06:44:27,494 - streamparse.stdout - INFO - Could not create tcount
2017-11-17 06:44:27,619 - streamparse.stdout - INFO - could not create table
2017-11-17 06:44:27,658 - streamparse.stdout - INFO - ucount = 
2017-11-17 06:44:27,658 - streamparse.stdout - INFO - 1
2017-11-17 06:44:27,658 - streamparse.stdout - INFO - uword = 
2017-11-17 06:44:27,658 - streamparse.stdout - INFO - lol
2017-11-17 06:44:27,882 - streamparse.stdout - INFO - Could not create tcount
2017-11-17 06:44:27,965 - streamparse.stdout - INFO - could not create table
2017-11-17 06:44:28,012 - streamparse.stdout - INFO - ucount = 
2017-11-17 06:44:28,012 - streamparse.stdout - INFO - 1
2017-11-17 06:44:28,013 - streamparse.stdout - INFO - uword = 
2017-11-17 06:44:28,013 - streamparse.stdout - INFO - about
2017-11-17 06:44:28,185 - streamparse.stdout - INFO - Could not create tcount
2017-11-17 06:44:28,380 - streamparse.stdout - INFO - could not create table
2017-11-17 06:44:28,380 - streamparse.stdout - INFO - ucount = 
2017-11-17 06:44:28,380 - streamparse.stdout - INFO - 1
2017-11-17 06:44:28,381 - streamparse.stdout - INFO - uword = 
2017-11-17 06:44:28,381 - streamparse.stdout - INFO - all
2017-11-17 06:44:28,617 - streamparse.stdout - INFO - Could not create tcount
2017-11-17 06:44:28,760 - streamparse.stdout - INFO - could not create table
2017-11-17 06:44:28,793 - streamparse.stdout - INFO - ucount = 
2017-11-17 06:44:28,793 - streamparse.stdout - INFO - 4
2017-11-17 06:44:28,793 - streamparse.stdout - INFO - uword = 
2017-11-17 06:44:28,793 - streamparse.stdout - INFO - the
2017-11-17 06:44:29,032 - streamparse.stdout - INFO - Could not create tcount
2017-11-17 06:44:29,192 - streamparse.stdout - INFO - could not create table
2017-11-17 06:44:29,192 - streamparse.stdout - INFO - ucount = 
2017-11-17 06:44:29,193 - streamparse.stdout - INFO - 1
2017-11-17 06:44:29,193 - streamparse.stdout - INFO - uword = 
2017-11-17 06:44:29,193 - streamparse.stdout - INFO - nothing
2017-11-17 06:44:29,423 - streamparse.stdout - INFO - Could not create tcount
2017-11-17 06:44:29,554 - streamparse.stdout - INFO - could not create table
2017-11-17 06:44:29,555 - streamparse.stdout - INFO - ucount = 
2017-11-17 06:44:29,555 - streamparse.stdout - INFO - 1
2017-11-17 06:44:29,555 - streamparse.stdout - INFO - uword = 
2017-11-17 06:44:29,555 - streamparse.stdout - INFO - left
2017-11-17 06:44:29,817 - streamparse.stdout - INFO - Could not create tcount
2017-11-17 06:44:29,947 - streamparse.stdout - INFO - could not create table
2017-11-17 06:44:29,948 - streamparse.stdout - INFO - ucount = 
2017-11-17 06:44:29,948 - streamparse.stdout - INFO - 1
2017-11-17 06:44:29,949 - streamparse.stdout - INFO - uword = 
2017-11-17 06:44:29,949 - streamparse.stdout - INFO - to
2017-11-17 06:44:30,166 - streamparse.stdout - INFO - Could not create tcount
2017-11-17 06:44:30,322 - streamparse.stdout - INFO - could not create table
2017-11-17 06:44:30,323 - streamparse.stdout - INFO - ucount = 
2017-11-17 06:44:30,323 - streamparse.stdout - INFO - 1
2017-11-17 06:44:30,324 - streamparse.stdout - INFO - uword = 
2017-11-17 06:44:30,324 - streamparse.stdout - INFO - I
2017-11-17 06:44:30,545 - streamparse.stdout - INFO - Could not create tcount
2017-11-17 06:44:30,714 - streamparse.stdout - INFO - could not create table
2017-11-17 06:44:30,714 - streamparse.stdout - INFO - ucount = 
2017-11-17 06:44:30,715 - streamparse.stdout - INFO - 1
2017-11-17 06:44:30,715 - streamparse.stdout - INFO - uword = 
2017-11-17 06:44:30,715 - streamparse.stdout - INFO - say
2017-11-17 06:44:30,951 - streamparse.stdout - INFO - Could not create tcount
2017-11-17 06:44:31,157 - streamparse.stdout - INFO - could not create table
2017-11-17 06:44:31,158 - streamparse.stdout - INFO - ucount = 
2017-11-17 06:44:31,158 - streamparse.stdout - INFO - 2
2017-11-17 06:44:31,159 - streamparse.stdout - INFO - uword = 
2017-11-17 06:44:31,159 - streamparse.stdout - INFO - nothing
2017-11-17 06:44:31,428 - streamparse.stdout - INFO - Could not create tcount
2017-11-17 06:44:31,585 - streamparse.stdout - INFO - could not create table
2017-11-17 06:44:31,585 - streamparse.stdout - INFO - ucount = 
2017-11-17 06:44:31,586 - streamparse.stdout - INFO - 1
2017-11-17 06:44:31,586 - streamparse.stdout - INFO - uword = 
2017-11-17 06:44:31,586 - streamparse.stdout - INFO - a
2017-11-17 06:44:31,863 - streamparse.stdout - INFO - Could not create tcount
2017-11-17 06:44:32,035 - streamparse.stdout - INFO - could not create table
2017-11-17 06:44:32,036 - streamparse.stdout - INFO - ucount = 
2017-11-17 06:44:32,036 - streamparse.stdout - INFO - 1
2017-11-17 06:44:32,036 - streamparse.stdout - INFO - uword = 
2017-11-17 06:44:32,036 - streamparse.stdout - INFO - in
2017-11-17 06:44:32,281 - streamparse.stdout - INFO - Could not create tcount
2017-11-17 06:44:32,332 - streamparse.stdout - INFO - could not create table
2017-11-17 06:44:32,332 - streamparse.stdout - INFO - ucount = 
2017-11-17 06:44:32,333 - streamparse.stdout - INFO - 1
2017-11-17 06:44:32,333 - streamparse.stdout - INFO - uword = 
2017-11-17 06:44:32,333 - streamparse.stdout - INFO - mean
2017-11-17 06:44:32,653 - streamparse.stdout - INFO - Could not create tcount
2017-11-17 06:44:32,736 - streamparse.stdout - INFO - could not create table
2017-11-17 06:44:32,737 - streamparse.stdout - INFO - ucount = 
2017-11-17 06:44:32,738 - streamparse.stdout - INFO - 1
2017-11-17 06:44:32,738 - streamparse.stdout - INFO - uword = 
2017-11-17 06:44:32,738 - streamparse.stdout - INFO - Zimbabwe
2017-11-17 06:44:33,003 - streamparse.stdout - INFO - Could not create tcount
2017-11-17 06:44:33,152 - streamparse.stdout - INFO - could not create table
2017-11-17 06:44:33,153 - streamparse.stdout - INFO - ucount = 
2017-11-17 06:44:33,153 - streamparse.stdout - INFO - 2
2017-11-17 06:44:33,153 - streamparse.stdout - INFO - uword = 
2017-11-17 06:44:33,153 - streamparse.stdout - INFO - lol
2017-11-17 06:44:33,437 - streamparse.stdout - INFO - Could not create tcount
2017-11-17 06:44:33,577 - streamparse.stdout - INFO - could not create table
2017-11-17 06:44:33,588 - streamparse.stdout - INFO - ucount = 
2017-11-17 06:44:33,589 - streamparse.stdout - INFO - 1
2017-11-17 06:44:33,589 - streamparse.stdout - INFO - uword = 
2017-11-17 06:44:33,589 - streamparse.stdout - INFO - A
2017-11-17 06:44:34,349 - streamparse.stdout - INFO - Could not create tcount
2017-11-17 06:44:34,375 - streamparse.stdout - INFO - could not create table
2017-11-17 06:44:34,455 - streamparse.stdout - INFO - ucount = 
2017-11-17 06:44:34,455 - streamparse.stdout - INFO - 1
2017-11-17 06:44:34,455 - streamparse.stdout - INFO - uword = 
2017-11-17 06:44:34,456 - streamparse.stdout - INFO - up
2017-11-17 06:44:34,674 - streamparse.stdout - INFO - Could not create tcount
2017-11-17 06:44:34,858 - streamparse.stdout - INFO - could not create table
2017-11-17 06:44:34,859 - streamparse.stdout - INFO - ucount = 
2017-11-17 06:44:34,859 - streamparse.stdout - INFO - 2
2017-11-17 06:44:34,859 - streamparse.stdout - INFO - uword = 
2017-11-17 06:44:34,860 - streamparse.stdout - INFO - I
2017-11-17 06:44:35,116 - streamparse.stdout - INFO - Could not create tcount
2017-11-17 06:44:35,223 - streamparse.stdout - INFO - could not create table
2017-11-17 06:44:35,225 - streamparse.stdout - INFO - ucount = 
2017-11-17 06:44:35,225 - streamparse.stdout - INFO - 1
2017-11-17 06:44:35,226 - streamparse.stdout - INFO - uword = 
2017-11-17 06:44:35,226 - streamparse.stdout - INFO - reboot
2017-11-17 06:44:35,435 - streamparse.stdout - INFO - Could not create tcount
2017-11-17 06:44:35,543 - streamparse.stdout - INFO - could not create table
2017-11-17 06:44:35,544 - streamparse.stdout - INFO - ucount = 
2017-11-17 06:44:35,544 - streamparse.stdout - INFO - 1
2017-11-17 06:44:35,544 - streamparse.stdout - INFO - uword = 
2017-11-17 06:44:35,544 - streamparse.stdout - INFO - know
2017-11-17 06:44:35,718 - streamparse.stdout - INFO - Could not create tcount
2017-11-17 06:44:35,806 - streamparse.stdout - INFO - could not create table
2017-11-17 06:44:35,836 - streamparse.stdout - INFO - ucount = 
2017-11-17 06:44:35,837 - streamparse.stdout - INFO - 1
2017-11-17 06:44:35,837 - streamparse.stdout - INFO - uword = 
2017-11-17 06:44:35,837 - streamparse.stdout - INFO - Hi
2017-11-17 06:44:35,991 - streamparse.stdout - INFO - Could not create tcount
2017-11-17 06:44:36,077 - streamparse.stdout - INFO - could not create table
2017-11-17 06:44:36,078 - streamparse.stdout - INFO - ucount = 
2017-11-17 06:44:36,078 - streamparse.stdout - INFO - 2
2017-11-17 06:44:36,078 - streamparse.stdout - INFO - uword = 
2017-11-17 06:44:36,078 - streamparse.stdout - INFO - and
2017-11-17 06:44:36,323 - streamparse.stdout - INFO - Could not create tcount
2017-11-17 06:44:36,460 - streamparse.stdout - INFO - could not create table
2017-11-17 06:44:36,461 - streamparse.stdout - INFO - ucount = 
2017-11-17 06:44:36,461 - streamparse.stdout - INFO - 1
2017-11-17 06:44:36,461 - streamparse.stdout - INFO - uword = 
2017-11-17 06:44:36,461 - streamparse.stdout - INFO - necessary
2017-11-17 06:44:36,689 - streamparse.stdout - INFO - Could not create tcount
2017-11-17 06:44:36,793 - streamparse.stdout - INFO - could not create table
2017-11-17 06:44:36,814 - streamparse.stdout - INFO - ucount = 
2017-11-17 06:44:36,814 - streamparse.stdout - INFO - 1
2017-11-17 06:44:36,814 - streamparse.stdout - INFO - uword = 
2017-11-17 06:44:36,815 - streamparse.stdout - INFO - Podcart
2017-11-17 06:44:36,959 - streamparse.stdout - INFO - Could not create tcount
2017-11-17 06:44:37,095 - streamparse.stdout - INFO - could not create table
2017-11-17 06:44:37,096 - streamparse.stdout - INFO - ucount = 
2017-11-17 06:44:37,096 - streamparse.stdout - INFO - 1
2017-11-17 06:44:37,096 - streamparse.stdout - INFO - uword = 
2017-11-17 06:44:37,096 - streamparse.stdout - INFO - remember
2017-11-17 06:44:37,262 - streamparse.stdout - INFO - Could not create tcount
2017-11-17 06:44:37,391 - streamparse.stdout - INFO - could not create table
2017-11-17 06:44:37,392 - streamparse.stdout - INFO - ucount = 
2017-11-17 06:44:37,392 - streamparse.stdout - INFO - 1
2017-11-17 06:44:37,392 - streamparse.stdout - INFO - uword = 
2017-11-17 06:44:37,393 - streamparse.stdout - INFO - not
2017-11-17 06:44:37,573 - streamparse.stdout - INFO - Could not create tcount
2017-11-17 06:44:37,720 - streamparse.stdout - INFO - could not create table
2017-11-17 06:44:37,721 - streamparse.stdout - INFO - ucount = 
2017-11-17 06:44:37,721 - streamparse.stdout - INFO - 1
2017-11-17 06:44:37,721 - streamparse.stdout - INFO - uword = 
2017-11-17 06:44:37,721 - streamparse.stdout - INFO - music
2017-11-17 06:44:37,876 - streamparse.stdout - INFO - Could not create tcount
2017-11-17 06:44:37,974 - streamparse.stdout - INFO - could not create table
2017-11-17 06:44:37,990 - streamparse.stdout - INFO - ucount = 
2017-11-17 06:44:37,990 - streamparse.stdout - INFO - 1
2017-11-17 06:44:37,990 - streamparse.stdout - INFO - uword = 
2017-11-17 06:44:37,991 - streamparse.stdout - INFO - Refresh
2017-11-17 06:44:38,164 - streamparse.stdout - INFO - Could not create tcount
2017-11-17 06:44:38,229 - streamparse.stdout - INFO - could not create table
2017-11-17 06:44:38,235 - streamparse.stdout - INFO - ucount = 
2017-11-17 06:44:38,236 - streamparse.stdout - INFO - 2
2017-11-17 06:44:38,236 - streamparse.stdout - INFO - uword = 
2017-11-17 06:44:38,236 - streamparse.stdout - INFO - a
2017-11-17 06:44:38,437 - streamparse.stdout - INFO - Could not create tcount
2017-11-17 06:44:38,561 - streamparse.stdout - INFO - could not create table
2017-11-17 06:44:38,562 - streamparse.stdout - INFO - ucount = 
2017-11-17 06:44:38,562 - streamparse.stdout - INFO - 1
2017-11-17 06:44:38,563 - streamparse.stdout - INFO - uword = 
2017-11-17 06:44:38,563 - streamparse.stdout - INFO - fruity
2017-11-17 06:44:38,752 - streamparse.stdout - INFO - Could not create tcount
2017-11-17 06:44:38,857 - streamparse.stdout - INFO - could not create table
2017-11-17 06:44:38,858 - streamparse.stdout - INFO - ucount = 
2017-11-17 06:44:38,858 - streamparse.stdout - INFO - 2
2017-11-17 06:44:38,858 - streamparse.stdout - INFO - uword = 
2017-11-17 06:44:38,858 - streamparse.stdout - INFO - to
2017-11-17 06:44:39,027 - streamparse.stdout - INFO - Could not create tcount
2017-11-17 06:44:39,143 - streamparse.stdout - INFO - could not create table
2017-11-17 06:44:39,143 - streamparse.stdout - INFO - ucount = 
2017-11-17 06:44:39,143 - streamparse.stdout - INFO - 1
2017-11-17 06:44:39,144 - streamparse.stdout - INFO - uword = 
2017-11-17 06:44:39,144 - streamparse.stdout - INFO - like
2017-11-17 06:44:39,330 - streamparse.stdout - INFO - Could not create tcount
2017-11-17 06:44:39,460 - streamparse.stdout - INFO - could not create table
2017-11-17 06:44:39,461 - streamparse.stdout - INFO - ucount = 
2017-11-17 06:44:39,461 - streamparse.stdout - INFO - 1
2017-11-17 06:44:39,462 - streamparse.stdout - INFO - uword = 
2017-11-17 06:44:39,462 - streamparse.stdout - INFO - Try
2017-11-17 06:44:39,650 - streamparse.stdout - INFO - Could not create tcount
2017-11-17 06:44:39,767 - streamparse.stdout - INFO - could not create table
2017-11-17 06:44:39,768 - streamparse.stdout - INFO - ucount = 
2017-11-17 06:44:39,768 - streamparse.stdout - INFO - 1
2017-11-17 06:44:39,768 - streamparse.stdout - INFO - uword = 
2017-11-17 06:44:39,769 - streamparse.stdout - INFO - Youth
2017-11-17 06:44:39,924 - streamparse.stdout - INFO - Could not create tcount
2017-11-17 06:44:40,058 - streamparse.stdout - INFO - could not create table
2017-11-17 06:44:40,059 - streamparse.stdout - INFO - ucount = 
2017-11-17 06:44:40,059 - streamparse.stdout - INFO - 1
2017-11-17 06:44:40,059 - streamparse.stdout - INFO - uword = 
2017-11-17 06:44:40,059 - streamparse.stdout - INFO - mixed
2017-11-17 06:44:40,223 - streamparse.stdout - INFO - Could not create tcount
2017-11-17 06:44:40,345 - streamparse.stdout - INFO - could not create table
2017-11-17 06:44:40,363 - streamparse.stdout - INFO - ucount = 
2017-11-17 06:44:40,364 - streamparse.stdout - INFO - 1
2017-11-17 06:44:40,364 - streamparse.stdout - INFO - uword = 
2017-11-17 06:44:40,364 - streamparse.stdout - INFO - win!
2017-11-17 06:44:40,556 - streamparse.stdout - INFO - Could not create tcount
2017-11-17 06:44:40,657 - streamparse.stdout - INFO - could not create table
2017-11-17 06:44:40,667 - streamparse.stdout - INFO - ucount = 
2017-11-17 06:44:40,668 - streamparse.stdout - INFO - 1
2017-11-17 06:44:40,668 - streamparse.stdout - INFO - uword = 
2017-11-17 06:44:40,668 - streamparse.stdout - INFO - for
2017-11-17 06:44:40,850 - streamparse.stdout - INFO - Could not create tcount
2017-11-17 06:44:40,973 - streamparse.stdout - INFO - could not create table
2017-11-17 06:44:40,983 - streamparse.stdout - INFO - ucount = 
2017-11-17 06:44:40,984 - streamparse.stdout - INFO - 1
2017-11-17 06:44:40,984 - streamparse.stdout - INFO - uword = 
2017-11-17 06:44:40,984 - streamparse.stdout - INFO - s
2017-11-17 06:44:41,201 - streamparse.stdout - INFO - Could not create tcount
2017-11-17 06:44:41,319 - streamparse.stdout - INFO - could not create table
2017-11-17 06:44:41,324 - streamparse.stdout - INFO - ucount = 
2017-11-17 06:44:41,324 - streamparse.stdout - INFO - 1
2017-11-17 06:44:41,325 - streamparse.stdout - INFO - uword = 
2017-11-17 06:44:41,325 - streamparse.stdout - INFO - flavored
2017-11-17 06:44:41,525 - streamparse.stdout - INFO - Could not create tcount
2017-11-17 06:44:41,660 - streamparse.stdout - INFO - could not create table
2017-11-17 06:44:41,661 - streamparse.stdout - INFO - ucount = 
2017-11-17 06:44:41,661 - streamparse.stdout - INFO - 1
2017-11-17 06:44:41,661 - streamparse.stdout - INFO - uword = 
2017-11-17 06:44:41,662 - streamparse.stdout - INFO - water
2017-11-17 06:44:41,908 - streamparse.stdout - INFO - Could not create tcount
2017-11-17 06:44:42,012 - streamparse.stdout - INFO - could not create table
2017-11-17 06:44:42,013 - streamparse.stdout - INFO - ucount = 
2017-11-17 06:44:42,013 - streamparse.stdout - INFO - 1
2017-11-17 06:44:42,013 - streamparse.stdout - INFO - uword = 
2017-11-17 06:44:42,014 - streamparse.stdout - INFO - drinks
2017-11-17 06:44:42,225 - streamparse.stdout - INFO - Could not create tcount
2017-11-17 06:44:42,336 - streamparse.stdout - INFO - could not create table
2017-11-17 06:44:42,336 - streamparse.stdout - INFO - ucount = 
2017-11-17 06:44:42,337 - streamparse.stdout - INFO - 1
2017-11-17 06:44:42,337 - streamparse.stdout - INFO - uword = 
2017-11-17 06:44:42,337 - streamparse.stdout - INFO - The
2017-11-17 06:44:42,525 - streamparse.stdout - INFO - Could not create tcount
2017-11-17 06:44:42,633 - streamparse.stdout - INFO - could not create table
2017-11-17 06:44:42,634 - streamparse.stdout - INFO - ucount = 
2017-11-17 06:44:42,634 - streamparse.stdout - INFO - 1
2017-11-17 06:44:42,634 - streamparse.stdout - INFO - uword = 
2017-11-17 06:44:42,634 - streamparse.stdout - INFO - Ramones
2017-11-17 06:44:42,803 - streamparse.stdout - INFO - Could not create tcount
2017-11-17 06:44:42,904 - streamparse.stdout - INFO - could not create table
2017-11-17 06:44:42,931 - streamparse.stdout - INFO - ucount = 
2017-11-17 06:44:42,931 - streamparse.stdout - INFO - 3
2017-11-17 06:44:42,932 - streamparse.stdout - INFO - uword = 
2017-11-17 06:44:42,932 - streamparse.stdout - INFO - a
2017-11-17 06:44:43,134 - streamparse.stdout - INFO - Could not create tcount
2017-11-17 06:44:43,238 - streamparse.stdout - INFO - could not create table
2017-11-17 06:44:43,240 - streamparse.stdout - INFO - ucount = 
2017-11-17 06:44:43,240 - streamparse.stdout - INFO - 3
2017-11-17 06:44:43,240 - streamparse.stdout - INFO - uword = 
2017-11-17 06:44:43,240 - streamparse.stdout - INFO - to
2017-11-17 06:44:43,426 - streamparse.stdout - INFO - Could not create tcount
2017-11-17 06:44:43,547 - streamparse.stdout - INFO - could not create table
2017-11-17 06:44:43,558 - streamparse.stdout - INFO - ucount = 
2017-11-17 06:44:43,558 - streamparse.stdout - INFO - 1
2017-11-17 06:44:43,558 - streamparse.stdout - INFO - uword = 
2017-11-17 06:44:43,558 - streamparse.stdout - INFO - vitamins
2017-11-17 06:44:43,748 - streamparse.stdout - INFO - Could not create tcount
2017-11-17 06:44:43,845 - streamparse.stdout - INFO - could not create table
2017-11-17 06:44:43,846 - streamparse.stdout - INFO - ucount = 
2017-11-17 06:44:43,846 - streamparse.stdout - INFO - 1
2017-11-17 06:44:43,846 - streamparse.stdout - INFO - uword = 
2017-11-17 06:44:43,846 - streamparse.stdout - INFO - tickets
2017-11-17 06:44:44,040 - streamparse.stdout - INFO - Could not create tcount
2017-11-17 06:44:44,172 - streamparse.stdout - INFO - could not create table
2017-11-17 06:44:44,173 - streamparse.stdout - INFO - ucount = 
2017-11-17 06:44:44,173 - streamparse.stdout - INFO - 2
2017-11-17 06:44:44,174 - streamparse.stdout - INFO - uword = 
2017-11-17 06:44:44,174 - streamparse.stdout - INFO - A
2017-11-17 06:44:44,394 - streamparse.stdout - INFO - Could not create tcount
2017-11-17 06:44:44,509 - streamparse.stdout - INFO - could not create table
2017-11-17 06:44:44,510 - streamparse.stdout - INFO - ucount = 
2017-11-17 06:44:44,510 - streamparse.stdout - INFO - 1
2017-11-17 06:44:44,511 - streamparse.stdout - INFO - uword = 
2017-11-17 06:44:44,511 - streamparse.stdout - INFO - +
2017-11-17 06:44:44,721 - streamparse.stdout - INFO - Could not create tcount
2017-11-17 06:44:44,834 - streamparse.stdout - INFO - could not create table
2017-11-17 06:44:44,835 - streamparse.stdout - INFO - ucount = 
2017-11-17 06:44:44,836 - streamparse.stdout - INFO - 1
2017-11-17 06:44:44,836 - streamparse.stdout - INFO - uword = 
2017-11-17 06:44:44,836 - streamparse.stdout - INFO - taco
2017-11-17 06:44:45,082 - streamparse.stdout - INFO - Could not create tcount
2017-11-17 06:44:45,173 - streamparse.stdout - INFO - could not create table
2017-11-17 06:44:45,175 - streamparse.stdout - INFO - ucount = 
2017-11-17 06:44:45,175 - streamparse.stdout - INFO - 1
2017-11-17 06:44:45,176 - streamparse.stdout - INFO - uword = 
2017-11-17 06:44:45,176 - streamparse.stdout - INFO - Davis
2017-11-17 06:44:45,395 - streamparse.stdout - INFO - Could not create tcount
2017-11-17 06:44:45,519 - streamparse.stdout - INFO - could not create table
2017-11-17 06:44:45,520 - streamparse.stdout - INFO - ucount = 
2017-11-17 06:44:45,520 - streamparse.stdout - INFO - 1
2017-11-17 06:44:45,520 - streamparse.stdout - INFO - uword = 
2017-11-17 06:44:45,520 - streamparse.stdout - INFO - of
2017-11-17 06:44:45,718 - streamparse.stdout - INFO - Could not create tcount
2017-11-17 06:44:45,868 - streamparse.stdout - INFO - could not create table
2017-11-17 06:44:45,869 - streamparse.stdout - INFO - ucount = 
2017-11-17 06:44:45,869 - streamparse.stdout - INFO - 1
2017-11-17 06:44:45,869 - streamparse.stdout - INFO - uword = 
2017-11-17 06:44:45,870 - streamparse.stdout - INFO - Atlas
2017-11-17 06:44:46,019 - streamparse.stdout - INFO - Could not create tcount
2017-11-17 06:44:46,169 - streamparse.stdout - INFO - could not create table
2017-11-17 06:44:46,170 - streamparse.stdout - INFO - ucount = 
2017-11-17 06:44:46,170 - streamparse.stdout - INFO - 1
2017-11-17 06:44:46,171 - streamparse.stdout - INFO - uword = 
2017-11-17 06:44:46,171 - streamparse.stdout - INFO - designed
2017-11-17 06:44:46,277 - streamparse.stdout - INFO - Could not create tcount
2017-11-17 06:44:46,466 - streamparse.stdout - INFO - could not create table
2017-11-17 06:44:46,467 - streamparse.stdout - INFO - ucount = 
2017-11-17 06:44:46,467 - streamparse.stdout - INFO - 1
2017-11-17 06:44:46,468 - streamparse.stdout - INFO - uword = 
2017-11-17 06:44:46,468 - streamparse.stdout - INFO - greet
2017-11-17 06:44:46,598 - streamparse.stdout - INFO - Could not create tcount
2017-11-17 06:44:46,716 - streamparse.stdout - INFO - could not create table
2017-11-17 06:44:46,717 - streamparse.stdout - INFO - ucount = 
2017-11-17 06:44:46,717 - streamparse.stdout - INFO - 4
2017-11-17 06:44:46,717 - streamparse.stdout - INFO - uword = 
2017-11-17 06:44:46,718 - streamparse.stdout - INFO - to
2017-11-17 06:44:46,864 - streamparse.stdout - INFO - Could not create tcount
2017-11-17 06:44:47,002 - streamparse.stdout - INFO - could not create table
2017-11-17 06:44:47,002 - streamparse.stdout - INFO - ucount = 
2017-11-17 06:44:47,003 - streamparse.stdout - INFO - 2
2017-11-17 06:44:47,003 - streamparse.stdout - INFO - uword = 
2017-11-17 06:44:47,003 - streamparse.stdout - INFO - about
2017-11-17 06:44:47,192 - streamparse.stdout - INFO - Could not create tcount
2017-11-17 06:44:47,328 - streamparse.stdout - INFO - could not create table
2017-11-17 06:44:47,328 - streamparse.stdout - INFO - ucount = 
2017-11-17 06:44:47,329 - streamparse.stdout - INFO - 1
2017-11-17 06:44:47,329 - streamparse.stdout - INFO - uword = 
2017-11-17 06:44:47,329 - streamparse.stdout - INFO - outdoors
2017-11-17 06:44:47,551 - streamparse.stdout - INFO - Could not create tcount
2017-11-17 06:44:47,712 - streamparse.stdout - INFO - could not create table
2017-11-17 06:44:47,713 - streamparse.stdout - INFO - ucount = 
2017-11-17 06:44:47,713 - streamparse.stdout - INFO - 3
2017-11-17 06:44:47,713 - streamparse.stdout - INFO - uword = 
2017-11-17 06:44:47,713 - streamparse.stdout - INFO - and
2017-11-17 06:44:47,938 - streamparse.stdout - INFO - Could not create tcount
2017-11-17 06:44:48,064 - streamparse.stdout - INFO - could not create table
2017-11-17 06:44:48,065 - streamparse.stdout - INFO - ucount = 
2017-11-17 06:44:48,065 - streamparse.stdout - INFO - 1
2017-11-17 06:44:48,065 - streamparse.stdout - INFO - uword = 
2017-11-17 06:44:48,066 - streamparse.stdout - INFO - buildings
2017-11-17 06:44:48,245 - streamparse.stdout - INFO - Could not create tcount
2017-11-17 06:44:48,365 - streamparse.stdout - INFO - could not create table
2017-11-17 06:44:48,366 - streamparse.stdout - INFO - ucount = 
2017-11-17 06:44:48,366 - streamparse.stdout - INFO - 1
2017-11-17 06:44:48,366 - streamparse.stdout - INFO - uword = 
2017-11-17 06:44:48,367 - streamparse.stdout - INFO - It
2017-11-17 06:44:48,511 - streamparse.stdout - INFO - Could not create tcount
2017-11-17 06:44:48,652 - streamparse.stdout - INFO - could not create table
2017-11-17 06:44:48,653 - streamparse.stdout - INFO - ucount = 
2017-11-17 06:44:48,653 - streamparse.stdout - INFO - 1
2017-11-17 06:44:48,653 - streamparse.stdout - INFO - uword = 
2017-11-17 06:44:48,653 - streamparse.stdout - INFO - institutions
2017-11-17 06:44:48,819 - streamparse.stdout - INFO - Could not create tcount
2017-11-17 06:44:48,975 - streamparse.stdout - INFO - could not create table
2017-11-17 06:44:48,975 - streamparse.stdout - INFO - ucount = 
2017-11-17 06:44:48,976 - streamparse.stdout - INFO - 1
2017-11-17 06:44:48,976 - streamparse.stdout - INFO - uword = 
2017-11-17 06:44:48,976 - streamparse.stdout - INFO - being
2017-11-17 06:44:49,156 - streamparse.stdout - INFO - Could not create tcount
2017-11-17 06:44:49,331 - streamparse.stdout - INFO - could not create table
2017-11-17 06:44:49,331 - streamparse.stdout - INFO - ucount = 
2017-11-17 06:44:49,332 - streamparse.stdout - INFO - 1
2017-11-17 06:44:49,332 - streamparse.stdout - INFO - uword = 
2017-11-17 06:44:49,332 - streamparse.stdout - INFO - Deorro
2017-11-17 06:44:49,561 - streamparse.stdout - INFO - Could not create tcount
2017-11-17 06:44:49,715 - streamparse.stdout - INFO - could not create table
2017-11-17 06:44:49,716 - streamparse.stdout - INFO - ucount = 
2017-11-17 06:44:49,716 - streamparse.stdout - INFO - 1
2017-11-17 06:44:49,716 - streamparse.stdout - INFO - uword = 
2017-11-17 06:44:49,717 - streamparse.stdout - INFO - tomorrow
2017-11-17 06:44:49,925 - streamparse.stdout - INFO - Could not create tcount
2017-11-17 06:44:50,086 - streamparse.stdout - INFO - could not create table
2017-11-17 06:44:50,087 - streamparse.stdout - INFO - ucount = 
2017-11-17 06:44:50,087 - streamparse.stdout - INFO - 2
2017-11-17 06:44:50,087 - streamparse.stdout - INFO - uword = 
2017-11-17 06:44:50,087 - streamparse.stdout - INFO - at
2017-11-17 06:44:50,264 - streamparse.stdout - INFO - Could not create tcount
2017-11-17 06:44:50,363 - streamparse.stdout - INFO - could not create table
2017-11-17 06:44:50,364 - streamparse.stdout - INFO - ucount = 
2017-11-17 06:44:50,364 - streamparse.stdout - INFO - 1
2017-11-17 06:44:50,364 - streamparse.stdout - INFO - uword = 
2017-11-17 06:44:50,364 - streamparse.stdout - INFO - Crazy
2017-11-17 06:44:50,489 - streamparse.stdout - INFO - Could not create tcount
2017-11-17 06:44:50,616 - streamparse.stdout - INFO - could not create table
2017-11-17 06:44:50,617 - streamparse.stdout - INFO - ucount = 
2017-11-17 06:44:50,617 - streamparse.stdout - INFO - 1
2017-11-17 06:44:50,618 - streamparse.stdout - INFO - uword = 
2017-11-17 06:44:50,618 - streamparse.stdout - INFO - specialized
2017-11-17 06:44:50,740 - streamparse.stdout - INFO - Could not create tcount
2017-11-17 06:44:50,831 - streamparse.stdout - INFO - could not create table
2017-11-17 06:44:50,831 - streamparse.stdout - INFO - ucount = 
2017-11-17 06:44:50,832 - streamparse.stdout - INFO - 2
2017-11-17 06:44:50,832 - streamparse.stdout - INFO - uword = 
2017-11-17 06:44:50,832 - streamparse.stdout - INFO - for
2017-11-17 06:44:50,896 - streamparse.stdout - INFO - Could not create tcount
2017-11-17 06:44:50,935 - streamparse.stdout - INFO - could not create table
2017-11-17 06:44:50,937 - streamparse.stdout - INFO - ucount = 
2017-11-17 06:44:50,938 - streamparse.stdout - INFO - 1
2017-11-17 06:44:50,938 - streamparse.stdout - INFO - uword = 
2017-11-17 06:44:50,938 - streamparse.stdout - INFO - JKIA
2017-11-17 06:44:50,977 - streamparse.stdout - INFO - Could not create tcount
2017-11-17 06:44:51,029 - streamparse.stdout - INFO - could not create table
2017-11-17 06:44:51,030 - streamparse.stdout - INFO - ucount = 
2017-11-17 06:44:51,030 - streamparse.stdout - INFO - 2
2017-11-17 06:44:51,031 - streamparse.stdout - INFO - uword = 
2017-11-17 06:44:51,031 - streamparse.stdout - INFO - in
2017-11-17 06:44:51,076 - streamparse.stdout - INFO - Could not create tcount
2017-11-17 06:44:51,117 - streamparse.stdout - INFO - could not create table
2017-11-17 06:44:51,119 - streamparse.stdout - INFO - ucount = 
2017-11-17 06:44:51,120 - streamparse.stdout - INFO - 1
2017-11-17 06:44:51,120 - streamparse.stdout - INFO - uword = 
2017-11-17 06:44:51,120 - streamparse.stdout - INFO - you
2017-11-17 06:44:51,160 - streamparse.stdout - INFO - Could not create tcount
2017-11-17 06:44:51,201 - streamparse.stdout - INFO - could not create table
2017-11-17 06:44:51,207 - streamparse.stdout - INFO - ucount = 
2017-11-17 06:44:51,208 - streamparse.stdout - INFO - 3
2017-11-17 06:44:51,208 - streamparse.stdout - INFO - uword = 
2017-11-17 06:44:51,208 - streamparse.stdout - INFO - at
2017-11-17 06:44:51,252 - streamparse.stdout - INFO - Could not create tcount
2017-11-17 06:44:51,287 - streamparse.stdout - INFO - could not create table
2017-11-17 06:44:51,289 - streamparse.stdout - INFO - ucount = 
2017-11-17 06:44:51,289 - streamparse.stdout - INFO - 3
2017-11-17 06:44:51,289 - streamparse.stdout - INFO - uword = 
2017-11-17 06:44:51,289 - streamparse.stdout - INFO - in
2017-11-17 06:44:51,332 - streamparse.stdout - INFO - Could not create tcount
2017-11-17 06:44:51,371 - streamparse.stdout - INFO - could not create table
2017-11-17 06:44:51,372 - streamparse.stdout - INFO - ucount = 
2017-11-17 06:44:51,372 - streamparse.stdout - INFO - 4
2017-11-17 06:44:51,372 - streamparse.stdout - INFO - uword = 
2017-11-17 06:44:51,373 - streamparse.stdout - INFO - a
2017-11-17 06:44:51,403 - streamparse.stdout - INFO - Could not create tcount
2017-11-17 06:44:51,438 - streamparse.stdout - INFO - could not create table
2017-11-17 06:44:51,439 - streamparse.stdout - INFO - ucount = 
2017-11-17 06:44:51,440 - streamparse.stdout - INFO - 1
2017-11-17 06:44:51,440 - streamparse.stdout - INFO - uword = 
2017-11-17 06:44:51,440 - streamparse.stdout - INFO - You
2017-11-17 06:44:51,483 - streamparse.stdout - INFO - Could not create tcount
2017-11-17 06:44:51,518 - streamparse.stdout - INFO - could not create table
2017-11-17 06:44:51,519 - streamparse.stdout - INFO - ucount = 
2017-11-17 06:44:51,519 - streamparse.stdout - INFO - 1
2017-11-17 06:44:51,519 - streamparse.stdout - INFO - uword = 
2017-11-17 06:44:51,520 - streamparse.stdout - INFO - may
2017-11-17 06:44:51,560 - streamparse.stdout - INFO - Could not create tcount
2017-11-17 06:44:51,594 - streamparse.stdout - INFO - could not create table
2017-11-17 06:44:51,595 - streamparse.stdout - INFO - ucount = 
2017-11-17 06:44:51,595 - streamparse.stdout - INFO - 2
2017-11-17 06:44:51,595 - streamparse.stdout - INFO - uword = 
2017-11-17 06:44:51,595 - streamparse.stdout - INFO - on
2017-11-17 06:44:51,627 - streamparse.stdout - INFO - Could not create tcount
2017-11-17 06:44:51,666 - streamparse.stdout - INFO - could not create table
2017-11-17 06:44:51,667 - streamparse.stdout - INFO - ucount = 
2017-11-17 06:44:51,667 - streamparse.stdout - INFO - 2
2017-11-17 06:44:51,667 - streamparse.stdout - INFO - uword = 
2017-11-17 06:44:51,668 - streamparse.stdout - INFO - you
2017-11-17 06:44:51,704 - streamparse.stdout - INFO - Could not create tcount
2017-11-17 06:44:51,746 - streamparse.stdout - INFO - could not create table
2017-11-17 06:44:51,747 - streamparse.stdout - INFO - ucount = 
2017-11-17 06:44:51,747 - streamparse.stdout - INFO - 1
2017-11-17 06:44:51,747 - streamparse.stdout - INFO - uword = 
2017-11-17 06:44:51,748 - streamparse.stdout - INFO - position
2017-11-17 06:44:51,800 - streamparse.stdout - INFO - Could not create tcount
2017-11-17 06:44:51,850 - streamparse.stdout - INFO - could not create table
2017-11-17 06:44:51,851 - streamparse.stdout - INFO - ucount = 
2017-11-17 06:44:51,851 - streamparse.stdout - INFO - 5
2017-11-17 06:44:51,851 - streamparse.stdout - INFO - uword = 
2017-11-17 06:44:51,852 - streamparse.stdout - INFO - a
2017-11-17 06:44:51,895 - streamparse.stdout - INFO - Could not create tcount
2017-11-17 06:44:51,936 - streamparse.stdout - INFO - could not create table
2017-11-17 06:44:51,953 - streamparse.stdout - INFO - ucount = 
2017-11-17 06:44:51,954 - streamparse.stdout - INFO - 3
2017-11-17 06:44:51,954 - streamparse.stdout - INFO - uword = 
2017-11-17 06:44:51,954 - streamparse.stdout - INFO - on
2017-11-17 06:44:51,989 - streamparse.stdout - INFO - Could not create tcount
2017-11-17 06:44:52,032 - streamparse.stdout - INFO - could not create table
2017-11-17 06:44:52,034 - streamparse.stdout - INFO - ucount = 
2017-11-17 06:44:52,035 - streamparse.stdout - INFO - 3
2017-11-17 06:44:52,035 - streamparse.stdout - INFO - uword = 
2017-11-17 06:44:52,035 - streamparse.stdout - INFO - you
2017-11-17 06:44:52,077 - streamparse.stdout - INFO - Could not create tcount
2017-11-17 06:44:52,125 - streamparse.stdout - INFO - could not create table
2017-11-17 06:44:52,127 - streamparse.stdout - INFO - ucount = 
2017-11-17 06:44:52,128 - streamparse.stdout - INFO - 4
2017-11-17 06:44:52,128 - streamparse.stdout - INFO - uword = 
2017-11-17 06:44:52,128 - streamparse.stdout - INFO - on
2017-11-17 06:44:52,188 - streamparse.stdout - INFO - Could not create tcount
2017-11-17 06:44:52,233 - streamparse.stdout - INFO - could not create table
2017-11-17 06:44:52,234 - streamparse.stdout - INFO - ucount = 
2017-11-17 06:44:52,235 - streamparse.stdout - INFO - 4
2017-11-17 06:44:52,235 - streamparse.stdout - INFO - uword = 
2017-11-17 06:44:52,235 - streamparse.stdout - INFO - you
2017-11-17 06:44:52,284 - streamparse.stdout - INFO - Could not create tcount
2017-11-17 06:44:52,317 - streamparse.stdout - INFO - could not create table
2017-11-17 06:44:52,317 - streamparse.stdout - INFO - ucount = 
2017-11-17 06:44:52,317 - streamparse.stdout - INFO - 1
2017-11-17 06:44:52,318 - streamparse.stdout - INFO - uword = 
2017-11-17 06:44:52,318 - streamparse.stdout - INFO - If
2017-11-17 06:44:52,357 - streamparse.stdout - INFO - Could not create tcount
2017-11-17 06:44:52,389 - streamparse.stdout - INFO - could not create table
2017-11-17 06:44:52,389 - streamparse.stdout - INFO - ucount = 
2017-11-17 06:44:52,390 - streamparse.stdout - INFO - 5
2017-11-17 06:44:52,390 - streamparse.stdout - INFO - uword = 
2017-11-17 06:44:52,390 - streamparse.stdout - INFO - you
2017-11-17 06:44:52,429 - streamparse.stdout - INFO - Could not create tcount
2017-11-17 06:44:52,458 - streamparse.stdout - INFO - could not create table
2017-11-17 06:44:52,466 - streamparse.stdout - INFO - ucount = 
2017-11-17 06:44:52,467 - streamparse.stdout - INFO - 1
2017-11-17 06:44:52,467 - streamparse.stdout - INFO - uword = 
2017-11-17 06:44:52,467 - streamparse.stdout - INFO - Dedicated
2017-11-17 06:44:52,507 - streamparse.stdout - INFO - Could not create tcount
2017-11-17 06:44:52,537 - streamparse.stdout - INFO - could not create table
2017-11-17 06:44:52,537 - streamparse.stdout - INFO - ucount = 
2017-11-17 06:44:52,538 - streamparse.stdout - INFO - 1
2017-11-17 06:44:52,538 - streamparse.stdout - INFO - uword = 
2017-11-17 06:44:52,538 - streamparse.stdout - INFO - every
2017-11-17 06:44:52,583 - streamparse.stdout - INFO - Could not create tcount
2017-11-17 06:44:52,623 - streamparse.stdout - INFO - could not create table
2017-11-17 06:44:52,625 - streamparse.stdout - INFO - ucount = 
2017-11-17 06:44:52,626 - streamparse.stdout - INFO - 1
2017-11-17 06:44:52,626 - streamparse.stdout - INFO - uword = 
2017-11-17 06:44:52,626 - streamparse.stdout - INFO - song
2017-11-17 06:44:52,679 - streamparse.stdout - INFO - Could not create tcount
2017-11-17 06:44:52,722 - streamparse.stdout - INFO - could not create table
2017-11-17 06:44:52,723 - streamparse.stdout - INFO - ucount = 
2017-11-17 06:44:52,723 - streamparse.stdout - INFO - 1
2017-11-17 06:44:52,723 - streamparse.stdout - INFO - uword = 
2017-11-17 06:44:52,723 - streamparse.stdout - INFO - touching
2017-11-17 06:44:52,761 - streamparse.stdout - INFO - Could not create tcount
2017-11-17 06:44:52,800 - streamparse.stdout - INFO - could not create table
2017-11-17 06:44:52,800 - streamparse.stdout - INFO - ucount = 
2017-11-17 06:44:52,800 - streamparse.stdout - INFO - 1
2017-11-17 06:44:52,801 - streamparse.stdout - INFO - uword = 
2017-11-17 06:44:52,801 - streamparse.stdout - INFO - girls
2017-11-17 06:44:52,835 - streamparse.stdout - INFO - Could not create tcount
2017-11-17 06:44:52,884 - streamparse.stdout - INFO - could not create table
2017-11-17 06:44:52,885 - streamparse.stdout - INFO - ucount = 
2017-11-17 06:44:52,885 - streamparse.stdout - INFO - 5
2017-11-17 06:44:52,885 - streamparse.stdout - INFO - uword = 
2017-11-17 06:44:52,886 - streamparse.stdout - INFO - on
2017-11-17 06:44:52,934 - streamparse.stdout - INFO - Could not create tcount
2017-11-17 06:44:52,965 - streamparse.stdout - INFO - could not create table
2017-11-17 06:44:52,966 - streamparse.stdout - INFO - ucount = 
2017-11-17 06:44:52,966 - streamparse.stdout - INFO - 6
2017-11-17 06:44:52,966 - streamparse.stdout - INFO - uword = 
2017-11-17 06:44:52,966 - streamparse.stdout - INFO - you
2017-11-17 06:44:53,015 - streamparse.stdout - INFO - Could not create tcount
2017-11-17 06:44:53,064 - streamparse.stdout - INFO - could not create table
2017-11-17 06:44:53,065 - streamparse.stdout - INFO - ucount = 
2017-11-17 06:44:53,065 - streamparse.stdout - INFO - 2
2017-11-17 06:44:53,066 - streamparse.stdout - INFO - uword = 
2017-11-17 06:44:53,066 - streamparse.stdout - INFO - Dedicated
2017-11-17 06:44:53,124 - streamparse.stdout - INFO - Could not create tcount
2017-11-17 06:44:53,162 - streamparse.stdout - INFO - could not create table
2017-11-17 06:44:53,162 - streamparse.stdout - INFO - ucount = 
2017-11-17 06:44:53,163 - streamparse.stdout - INFO - 5
2017-11-17 06:44:53,163 - streamparse.stdout - INFO - uword = 
2017-11-17 06:44:53,163 - streamparse.stdout - INFO - to
2017-11-17 06:44:53,216 - streamparse.stdout - INFO - Could not create tcount
2017-11-17 06:44:53,256 - streamparse.stdout - INFO - could not create table
2017-11-17 06:44:53,257 - streamparse.stdout - INFO - ucount = 
2017-11-17 06:44:53,257 - streamparse.stdout - INFO - 7
2017-11-17 06:44:53,258 - streamparse.stdout - INFO - uword = 
2017-11-17 06:44:53,258 - streamparse.stdout - INFO - you
2017-11-17 06:44:53,293 - streamparse.stdout - INFO - Could not create tcount
2017-11-17 06:44:53,322 - streamparse.stdout - INFO - could not create table
2017-11-17 06:44:53,325 - streamparse.stdout - INFO - ucount = 
2017-11-17 06:44:53,325 - streamparse.stdout - INFO - 1
2017-11-17 06:44:53,325 - streamparse.stdout - INFO - uword = 
2017-11-17 06:44:53,325 - streamparse.stdout - INFO - Dedicate
2017-11-17 06:44:53,367 - streamparse.stdout - INFO - Could not create tcount
2017-11-17 06:44:53,393 - streamparse.stdout - INFO - could not create table
2017-11-17 06:44:53,395 - streamparse.stdout - INFO - ucount = 
2017-11-17 06:44:53,396 - streamparse.stdout - INFO - 2
2017-11-17 06:44:53,396 - streamparse.stdout - INFO - uword = 
2017-11-17 06:44:53,396 - streamparse.stdout - INFO - every
2017-11-17 06:44:53,433 - streamparse.stdout - INFO - Could not create tcount
2017-11-17 06:44:53,474 - streamparse.stdout - INFO - could not create table
2017-11-17 06:44:53,475 - streamparse.stdout - INFO - ucount = 
2017-11-17 06:44:53,475 - streamparse.stdout - INFO - 1
2017-11-17 06:44:53,475 - streamparse.stdout - INFO - uword = 
2017-11-17 06:44:53,476 - streamparse.stdout - INFO - I'm
2017-11-17 06:44:53,518 - streamparse.stdout - INFO - Could not create tcount
2017-11-17 06:44:53,555 - streamparse.stdout - INFO - could not create table
2017-11-17 06:44:53,556 - streamparse.stdout - INFO - ucount = 
2017-11-17 06:44:53,556 - streamparse.stdout - INFO - 1
2017-11-17 06:44:53,556 - streamparse.stdout - INFO - uword = 
2017-11-17 06:44:53,556 - streamparse.stdout - INFO - gonna
2017-11-17 06:44:53,594 - streamparse.stdout - INFO - Could not create tcount
2017-11-17 06:44:53,629 - streamparse.stdout - INFO - could not create table
2017-11-17 06:44:53,629 - streamparse.stdout - INFO - ucount = 
2017-11-17 06:44:53,629 - streamparse.stdout - INFO - 3
2017-11-17 06:44:53,630 - streamparse.stdout - INFO - uword = 
2017-11-17 06:44:53,630 - streamparse.stdout - INFO - every
2017-11-17 06:44:53,671 - streamparse.stdout - INFO - Could not create tcount
2017-11-17 06:44:53,710 - streamparse.stdout - INFO - could not create table
2017-11-17 06:44:53,711 - streamparse.stdout - INFO - ucount = 
2017-11-17 06:44:53,711 - streamparse.stdout - INFO - 2
2017-11-17 06:44:53,712 - streamparse.stdout - INFO - uword = 
2017-11-17 06:44:53,712 - streamparse.stdout - INFO - song
2017-11-17 06:44:53,752 - streamparse.stdout - INFO - Could not create tcount
2017-11-17 06:44:53,793 - streamparse.stdout - INFO - could not create table
2017-11-17 06:44:53,793 - streamparse.stdout - INFO - ucount = 
2017-11-17 06:44:53,794 - streamparse.stdout - INFO - 2
2017-11-17 06:44:53,794 - streamparse.stdout - INFO - uword = 
2017-11-17 06:44:53,794 - streamparse.stdout - INFO - of
2017-11-17 06:44:53,832 - streamparse.stdout - INFO - Could not create tcount
2017-11-17 06:44:53,873 - streamparse.stdout - INFO - could not create table
2017-11-17 06:44:53,874 - streamparse.stdout - INFO - ucount = 
2017-11-17 06:44:53,874 - streamparse.stdout - INFO - 1
2017-11-17 06:44:53,874 - streamparse.stdout - INFO - uword = 
2017-11-17 06:44:53,874 - streamparse.stdout - INFO - male
2017-11-17 06:44:53,905 - streamparse.stdout - INFO - Could not create tcount
2017-11-17 06:44:53,939 - streamparse.stdout - INFO - could not create table
2017-11-17 06:44:53,940 - streamparse.stdout - INFO - ucount = 
2017-11-17 06:44:53,940 - streamparse.stdout - INFO - 1
2017-11-17 06:44:53,940 - streamparse.stdout - INFO - uword = 
2017-11-17 06:44:53,940 - streamparse.stdout - INFO - performers
2017-11-17 06:44:53,976 - streamparse.stdout - INFO - Could not create tcount
2017-11-17 06:44:54,008 - streamparse.stdout - INFO - could not create table
2017-11-17 06:44:54,009 - streamparse.stdout - INFO - ucount = 
2017-11-17 06:44:54,009 - streamparse.stdout - INFO - 6
2017-11-17 06:44:54,009 - streamparse.stdout - INFO - uword = 
2017-11-17 06:44:54,010 - streamparse.stdout - INFO - to
2017-11-17 06:44:54,050 - streamparse.stdout - INFO - Could not create tcount
2017-11-17 06:44:54,080 - streamparse.stdout - INFO - could not create table
2017-11-17 06:44:54,081 - streamparse.stdout - INFO - ucount = 
2017-11-17 06:44:54,081 - streamparse.stdout - INFO - 8
2017-11-17 06:44:54,082 - streamparse.stdout - INFO - uword = 
2017-11-17 06:44:54,082 - streamparse.stdout - INFO - you
2017-11-17 06:44:54,121 - streamparse.stdout - INFO - Could not create tcount
2017-11-17 06:44:54,155 - streamparse.stdout - INFO - could not create table
2017-11-17 06:44:54,157 - streamparse.stdout - INFO - ucount = 
2017-11-17 06:44:54,157 - streamparse.stdout - INFO - 2
2017-11-17 06:44:54,157 - streamparse.stdout - INFO - uword = 
2017-11-17 06:44:54,157 - streamparse.stdout - INFO - Dedicate
2017-11-17 06:44:54,194 - streamparse.stdout - INFO - Could not create tcount
2017-11-17 06:44:54,228 - streamparse.stdout - INFO - could not create table
2017-11-17 06:44:54,229 - streamparse.stdout - INFO - ucount = 
2017-11-17 06:44:54,229 - streamparse.stdout - INFO - 1
2017-11-17 06:44:54,229 - streamparse.stdout - INFO - uword = 
2017-11-17 06:44:54,229 - streamparse.stdout - INFO - i
2017-11-17 06:44:54,267 - streamparse.stdout - INFO - Could not create tcount
2017-11-17 06:44:54,301 - streamparse.stdout - INFO - could not create table
2017-11-17 06:44:54,302 - streamparse.stdout - INFO - ucount = 
2017-11-17 06:44:54,302 - streamparse.stdout - INFO - 3
2017-11-17 06:44:54,302 - streamparse.stdout - INFO - uword = 
2017-11-17 06:44:54,302 - streamparse.stdout - INFO - for
2017-11-17 06:44:54,344 - streamparse.stdout - INFO - Could not create tcount
2017-11-17 06:44:54,376 - streamparse.stdout - INFO - could not create table
2017-11-17 06:44:54,376 - streamparse.stdout - INFO - ucount = 
2017-11-17 06:44:54,376 - streamparse.stdout - INFO - 4
2017-11-17 06:44:54,377 - streamparse.stdout - INFO - uword = 
2017-11-17 06:44:54,377 - streamparse.stdout - INFO - every
2017-11-17 06:44:54,417 - streamparse.stdout - INFO - Could not create tcount
2017-11-17 06:44:54,457 - streamparse.stdout - INFO - could not create table
2017-11-17 06:44:54,458 - streamparse.stdout - INFO - ucount = 
2017-11-17 06:44:54,458 - streamparse.stdout - INFO - 3
2017-11-17 06:44:54,458 - streamparse.stdout - INFO - uword = 
2017-11-17 06:44:54,458 - streamparse.stdout - INFO - of
2017-11-17 06:44:54,495 - streamparse.stdout - INFO - Could not create tcount
2017-11-17 06:44:54,526 - streamparse.stdout - INFO - could not create table
2017-11-17 06:44:54,526 - streamparse.stdout - INFO - ucount = 
2017-11-17 06:44:54,526 - streamparse.stdout - INFO - 1
2017-11-17 06:44:54,527 - streamparse.stdout - INFO - uword = 
2017-11-17 06:44:54,527 - streamparse.stdout - INFO - do
2017-11-17 06:44:54,566 - streamparse.stdout - INFO - Could not create tcount
2017-11-17 06:44:54,601 - streamparse.stdout - INFO - could not create table
2017-11-17 06:44:54,602 - streamparse.stdout - INFO - ucount = 
2017-11-17 06:44:54,602 - streamparse.stdout - INFO - 9
2017-11-17 06:44:54,602 - streamparse.stdout - INFO - uword = 
2017-11-17 06:44:54,602 - streamparse.stdout - INFO - you
2017-11-17 06:44:54,646 - streamparse.stdout - INFO - Could not create tcount
2017-11-17 06:44:54,685 - streamparse.stdout - INFO - could not create table
2017-11-17 06:44:54,686 - streamparse.stdout - INFO - ucount = 
2017-11-17 06:44:54,686 - streamparse.stdout - INFO - 1
2017-11-17 06:44:54,686 - streamparse.stdout - INFO - uword = 
2017-11-17 06:44:54,686 - streamparse.stdout - INFO - 1
2017-11-17 06:44:54,726 - streamparse.stdout - INFO - Could not create tcount
2017-11-17 06:44:54,770 - streamparse.stdout - INFO - could not create table
2017-11-17 06:44:54,771 - streamparse.stdout - INFO - ucount = 
2017-11-17 06:44:54,771 - streamparse.stdout - INFO - 1
2017-11-17 06:44:54,771 - streamparse.stdout - INFO - uword = 
2017-11-17 06:44:54,771 - streamparse.stdout - INFO - Like
2017-11-17 06:44:54,820 - streamparse.stdout - INFO - Could not create tcount
2017-11-17 06:44:54,850 - streamparse.stdout - INFO - could not create table
2017-11-17 06:44:54,859 - streamparse.stdout - INFO - ucount = 
2017-11-17 06:44:54,859 - streamparse.stdout - INFO - 2
2017-11-17 06:44:54,859 - streamparse.stdout - INFO - uword = 
2017-11-17 06:44:54,860 - streamparse.stdout - INFO - i
2017-11-17 06:44:54,898 - streamparse.stdout - INFO - Could not create tcount
2017-11-17 06:44:54,935 - streamparse.stdout - INFO - could not create table
2017-11-17 06:44:54,936 - streamparse.stdout - INFO - ucount = 
2017-11-17 06:44:54,936 - streamparse.stdout - INFO - 1
2017-11-17 06:44:54,936 - streamparse.stdout - INFO - uword = 
2017-11-17 06:44:54,936 - streamparse.stdout - INFO - Concerts
2017-11-17 06:44:54,974 - streamparse.stdout - INFO - Could not create tcount
2017-11-17 06:44:55,008 - streamparse.stdout - INFO - could not create table
2017-11-17 06:44:55,009 - streamparse.stdout - INFO - ucount = 
2017-11-17 06:44:55,009 - streamparse.stdout - INFO - 1
2017-11-17 06:44:55,009 - streamparse.stdout - INFO - uword = 
2017-11-17 06:44:55,010 - streamparse.stdout - INFO - About
2017-11-17 06:44:55,054 - streamparse.stdout - INFO - Could not create tcount
2017-11-17 06:44:55,084 - streamparse.stdout - INFO - could not create table
2017-11-17 06:44:55,084 - streamparse.stdout - INFO - ucount = 
2017-11-17 06:44:55,085 - streamparse.stdout - INFO - 1
2017-11-17 06:44:55,085 - streamparse.stdout - INFO - uword = 
2017-11-17 06:44:55,085 - streamparse.stdout - INFO - Follow
2017-11-17 06:44:55,125 - streamparse.stdout - INFO - Could not create tcount
2017-11-17 06:44:55,170 - streamparse.stdout - INFO - could not create table
2017-11-17 06:44:55,170 - streamparse.stdout - INFO - ucount = 
2017-11-17 06:44:55,171 - streamparse.stdout - INFO - 2
2017-11-17 06:44:55,171 - streamparse.stdout - INFO - uword = 
2017-11-17 06:44:55,172 - streamparse.stdout - INFO - all
2017-11-17 06:44:55,210 - streamparse.stdout - INFO - Could not create tcount
2017-11-17 06:44:55,243 - streamparse.stdout - INFO - could not create table
2017-11-17 06:44:55,251 - streamparse.stdout - INFO - ucount = 
2017-11-17 06:44:55,252 - streamparse.stdout - INFO - 4
2017-11-17 06:44:55,252 - streamparse.stdout - INFO - uword = 
2017-11-17 06:44:55,252 - streamparse.stdout - INFO - for
2017-11-17 06:44:55,283 - streamparse.stdout - INFO - Could not create tcount
2017-11-17 06:44:55,315 - streamparse.stdout - INFO - could not create table
2017-11-17 06:44:55,316 - streamparse.stdout - INFO - ucount = 
2017-11-17 06:44:55,316 - streamparse.stdout - INFO - 7
2017-11-17 06:44:55,316 - streamparse.stdout - INFO - uword = 
2017-11-17 06:44:55,316 - streamparse.stdout - INFO - to
2017-11-17 06:44:55,354 - streamparse.stdout - INFO - Could not create tcount
2017-11-17 06:44:55,388 - streamparse.stdout - INFO - could not create table
2017-11-17 06:44:55,389 - streamparse.stdout - INFO - ucount = 
2017-11-17 06:44:55,389 - streamparse.stdout - INFO - 2
2017-11-17 06:44:55,389 - streamparse.stdout - INFO - uword = 
2017-11-17 06:44:55,390 - streamparse.stdout - INFO - that
2017-11-17 06:44:55,431 - streamparse.stdout - INFO - Could not create tcount
2017-11-17 06:44:55,470 - streamparse.stdout - INFO - could not create table
2017-11-17 06:44:55,471 - streamparse.stdout - INFO - ucount = 
2017-11-17 06:44:55,471 - streamparse.stdout - INFO - 2
2017-11-17 06:44:55,471 - streamparse.stdout - INFO - uword = 
2017-11-17 06:44:55,472 - streamparse.stdout - INFO - Like
2017-11-17 06:44:55,502 - streamparse.stdout - INFO - Could not create tcount
2017-11-17 06:44:55,538 - streamparse.stdout - INFO - could not create table
2017-11-17 06:44:55,539 - streamparse.stdout - INFO - ucount = 
2017-11-17 06:44:55,540 - streamparse.stdout - INFO - 10
2017-11-17 06:44:55,540 - streamparse.stdout - INFO - uword = 
2017-11-17 06:44:55,540 - streamparse.stdout - INFO - you
2017-11-17 06:44:55,576 - streamparse.stdout - INFO - Could not create tcount
2017-11-17 06:44:55,607 - streamparse.stdout - INFO - could not create table
2017-11-17 06:44:55,608 - streamparse.stdout - INFO - ucount = 
2017-11-17 06:44:55,608 - streamparse.stdout - INFO - 1
2017-11-17 06:44:55,608 - streamparse.stdout - INFO - uword = 
2017-11-17 06:44:55,609 - streamparse.stdout - INFO - must
2017-11-17 06:44:55,649 - streamparse.stdout - INFO - Could not create tcount
2017-11-17 06:44:55,692 - streamparse.stdout - INFO - could not create table
2017-11-17 06:44:55,693 - streamparse.stdout - INFO - ucount = 
2017-11-17 06:44:55,693 - streamparse.stdout - INFO - 1
2017-11-17 06:44:55,693 - streamparse.stdout - INFO - uword = 
2017-11-17 06:44:55,693 - streamparse.stdout - INFO - Bc
2017-11-17 06:44:55,742 - streamparse.stdout - INFO - Could not create tcount
2017-11-17 06:44:55,799 - streamparse.stdout - INFO - could not create table
2017-11-17 06:44:55,800 - streamparse.stdout - INFO - ucount = 
2017-11-17 06:44:55,800 - streamparse.stdout - INFO - 4
2017-11-17 06:44:55,801 - streamparse.stdout - INFO - uword = 
2017-11-17 06:44:55,801 - streamparse.stdout - INFO - of
2017-11-17 06:44:55,844 - streamparse.stdout - INFO - Could not create tcount
2017-11-17 06:44:55,878 - streamparse.stdout - INFO - could not create table
2017-11-17 06:44:55,885 - streamparse.stdout - INFO - ucount = 
2017-11-17 06:44:55,885 - streamparse.stdout - INFO - 1
2017-11-17 06:44:55,886 - streamparse.stdout - INFO - uword = 
2017-11-17 06:44:55,886 - streamparse.stdout - INFO - 3
2017-11-17 06:44:55,919 - streamparse.stdout - INFO - Could not create tcount
2017-11-17 06:44:55,961 - streamparse.stdout - INFO - could not create table
2017-11-17 06:44:55,962 - streamparse.stdout - INFO - ucount = 
2017-11-17 06:44:55,962 - streamparse.stdout - INFO - 2
2017-11-17 06:44:55,962 - streamparse.stdout - INFO - uword = 
2017-11-17 06:44:55,962 - streamparse.stdout - INFO - Follow
2017-11-17 06:44:56,013 - streamparse.stdout - INFO - Could not create tcount
2017-11-17 06:44:56,063 - streamparse.stdout - INFO - could not create table
2017-11-17 06:44:56,064 - streamparse.stdout - INFO - ucount = 
2017-11-17 06:44:56,064 - streamparse.stdout - INFO - 1
2017-11-17 06:44:56,065 - streamparse.stdout - INFO - uword = 
2017-11-17 06:44:56,065 - streamparse.stdout - INFO - back
2017-11-17 06:44:56,100 - streamparse.stdout - INFO - Could not create tcount
2017-11-17 06:44:56,134 - streamparse.stdout - INFO - could not create table
2017-11-17 06:44:56,135 - streamparse.stdout - INFO - ucount = 
2017-11-17 06:44:56,135 - streamparse.stdout - INFO - 1
2017-11-17 06:44:56,135 - streamparse.stdout - INFO - uword = 
2017-11-17 06:44:56,135 - streamparse.stdout - INFO - be
2017-11-17 06:44:56,178 - streamparse.stdout - INFO - Could not create tcount
2017-11-17 06:44:56,209 - streamparse.stdout - INFO - could not create table
2017-11-17 06:44:56,210 - streamparse.stdout - INFO - ucount = 
2017-11-17 06:44:56,210 - streamparse.stdout - INFO - 5
2017-11-17 06:44:56,210 - streamparse.stdout - INFO - uword = 
2017-11-17 06:44:56,210 - streamparse.stdout - INFO - the
2017-11-17 06:44:56,253 - streamparse.stdout - INFO - Could not create tcount
2017-11-17 06:44:56,283 - streamparse.stdout - INFO - could not create table
2017-11-17 06:44:56,284 - streamparse.stdout - INFO - ucount = 
2017-11-17 06:44:56,284 - streamparse.stdout - INFO - 4
2017-11-17 06:44:56,284 - streamparse.stdout - INFO - uword = 
2017-11-17 06:44:56,284 - streamparse.stdout - INFO - and
2017-11-17 06:44:56,328 - streamparse.stdout - INFO - Could not create tcount
2017-11-17 06:44:56,361 - streamparse.stdout - INFO - could not create table
2017-11-17 06:44:56,362 - streamparse.stdout - INFO - ucount = 
2017-11-17 06:44:56,362 - streamparse.stdout - INFO - 6
2017-11-17 06:44:56,362 - streamparse.stdout - INFO - uword = 
2017-11-17 06:44:56,362 - streamparse.stdout - INFO - the
2017-11-17 06:44:56,401 - streamparse.stdout - INFO - Could not create tcount
2017-11-17 06:44:56,432 - streamparse.stdout - INFO - could not create table
2017-11-17 06:44:56,432 - streamparse.stdout - INFO - ucount = 
2017-11-17 06:44:56,433 - streamparse.stdout - INFO - 5
2017-11-17 06:44:56,433 - streamparse.stdout - INFO - uword = 
2017-11-17 06:44:56,433 - streamparse.stdout - INFO - of
2017-11-17 06:44:56,471 - streamparse.stdout - INFO - Could not create tcount
2017-11-17 06:44:56,504 - streamparse.stdout - INFO - could not create table
2017-11-17 06:44:56,505 - streamparse.stdout - INFO - ucount = 
2017-11-17 06:44:56,505 - streamparse.stdout - INFO - 3
2017-11-17 06:44:56,505 - streamparse.stdout - INFO - uword = 
2017-11-17 06:44:56,506 - streamparse.stdout - INFO - all
2017-11-17 06:44:56,544 - streamparse.stdout - INFO - Could not create tcount
2017-11-17 06:44:56,575 - streamparse.stdout - INFO - could not create table
2017-11-17 06:44:56,576 - streamparse.stdout - INFO - ucount = 
2017-11-17 06:44:56,576 - streamparse.stdout - INFO - 3
2017-11-17 06:44:56,577 - streamparse.stdout - INFO - uword = 
2017-11-17 06:44:56,577 - streamparse.stdout - INFO - that
2017-11-17 06:44:56,614 - streamparse.stdout - INFO - Could not create tcount
2017-11-17 06:44:56,648 - streamparse.stdout - INFO - could not create table
2017-11-17 06:44:56,648 - streamparse.stdout - INFO - ucount = 
2017-11-17 06:44:56,649 - streamparse.stdout - INFO - 4
2017-11-17 06:44:56,649 - streamparse.stdout - INFO - uword = 
2017-11-17 06:44:56,649 - streamparse.stdout - INFO - in
2017-11-17 06:44:56,685 - streamparse.stdout - INFO - Could not create tcount
2017-11-17 06:44:56,717 - streamparse.stdout - INFO - could not create table
2017-11-17 06:44:56,717 - streamparse.stdout - INFO - ucount = 
2017-11-17 06:44:56,718 - streamparse.stdout - INFO - 6
2017-11-17 06:44:56,718 - streamparse.stdout - INFO - uword = 
2017-11-17 06:44:56,718 - streamparse.stdout - INFO - a
2017-11-17 06:44:56,755 - streamparse.stdout - INFO - Could not create tcount
2017-11-17 06:44:56,788 - streamparse.stdout - INFO - could not create table
2017-11-17 06:44:56,789 - streamparse.stdout - INFO - ucount = 
2017-11-17 06:44:56,789 - streamparse.stdout - INFO - 1
2017-11-17 06:44:56,789 - streamparse.stdout - INFO - uword = 
2017-11-17 06:44:56,789 - streamparse.stdout - INFO - follow
2017-11-17 06:44:56,849 - streamparse.stdout - INFO - Could not create tcount
2017-11-17 06:44:56,880 - streamparse.stdout - INFO - could not create table
2017-11-17 06:44:56,889 - streamparse.stdout - INFO - ucount = 
2017-11-17 06:44:56,890 - streamparse.stdout - INFO - 1
2017-11-17 06:44:56,890 - streamparse.stdout - INFO - uword = 
2017-11-17 06:44:56,890 - streamparse.stdout - INFO - Ima
2017-11-17 06:44:56,937 - streamparse.stdout - INFO - Could not create tcount
2017-11-17 06:44:56,974 - streamparse.stdout - INFO - could not create table
2017-11-17 06:44:56,975 - streamparse.stdout - INFO - ucount = 
2017-11-17 06:44:56,975 - streamparse.stdout - INFO - 1
2017-11-17 06:44:56,975 - streamparse.stdout - INFO - uword = 
2017-11-17 06:44:56,975 - streamparse.stdout - INFO - Gain
2017-11-17 06:44:57,011 - streamparse.stdout - INFO - Could not create tcount
2017-11-17 06:44:57,047 - streamparse.stdout - INFO - could not create table
2017-11-17 06:44:57,047 - streamparse.stdout - INFO - ucount = 
2017-11-17 06:44:57,048 - streamparse.stdout - INFO - 2
2017-11-17 06:44:57,048 - streamparse.stdout - INFO - uword = 
2017-11-17 06:44:57,048 - streamparse.stdout - INFO - be
2017-11-17 06:44:57,086 - streamparse.stdout - INFO - Could not create tcount
2017-11-17 06:44:57,127 - streamparse.stdout - INFO - could not create table
2017-11-17 06:44:57,127 - streamparse.stdout - INFO - ucount = 
2017-11-17 06:44:57,128 - streamparse.stdout - INFO - 3
2017-11-17 06:44:57,128 - streamparse.stdout - INFO - uword = 
2017-11-17 06:44:57,128 - streamparse.stdout - INFO - be
2017-11-17 06:44:57,165 - streamparse.stdout - INFO - Could not create tcount
2017-11-17 06:44:57,205 - streamparse.stdout - INFO - could not create table
2017-11-17 06:44:57,206 - streamparse.stdout - INFO - ucount = 
2017-11-17 06:44:57,206 - streamparse.stdout - INFO - 1
2017-11-17 06:44:57,206 - streamparse.stdout - INFO - uword = 
2017-11-17 06:44:57,207 - streamparse.stdout - INFO - different
2017-11-17 06:44:57,242 - streamparse.stdout - INFO - Could not create tcount
2017-11-17 06:44:57,284 - streamparse.stdout - INFO - could not create table
2017-11-17 06:44:57,284 - streamparse.stdout - INFO - ucount = 
2017-11-17 06:44:57,284 - streamparse.stdout - INFO - 1
2017-11-17 06:44:57,285 - streamparse.stdout - INFO - uword = 
2017-11-17 06:44:57,285 - streamparse.stdout - INFO - -
2017-11-17 06:44:57,322 - streamparse.stdout - INFO - Could not create tcount
2017-11-17 06:44:57,355 - streamparse.stdout - INFO - could not create table
2017-11-17 06:44:57,355 - streamparse.stdout - INFO - ucount = 
2017-11-17 06:44:57,356 - streamparse.stdout - INFO - 1
2017-11-17 06:44:57,356 - streamparse.stdout - INFO - uword = 
2017-11-17 06:44:57,356 - streamparse.stdout - INFO - next
2017-11-17 06:44:57,404 - streamparse.stdout - INFO - Could not create tcount
2017-11-17 06:44:57,434 - streamparse.stdout - INFO - could not create table
2017-11-17 06:44:57,441 - streamparse.stdout - INFO - ucount = 
2017-11-17 06:44:57,442 - streamparse.stdout - INFO - 2
2017-11-17 06:44:57,442 - streamparse.stdout - INFO - uword = 
2017-11-17 06:44:57,442 - streamparse.stdout - INFO - If
2017-11-17 06:44:57,479 - streamparse.stdout - INFO - Could not create tcount
2017-11-17 06:44:57,510 - streamparse.stdout - INFO - could not create table
2017-11-17 06:44:57,511 - streamparse.stdout - INFO - ucount = 
2017-11-17 06:44:57,511 - streamparse.stdout - INFO - 2
2017-11-17 06:44:57,511 - streamparse.stdout - INFO - uword = 
2017-11-17 06:44:57,512 - streamparse.stdout - INFO - must
2017-11-17 06:44:57,556 - streamparse.stdout - INFO - Could not create tcount
2017-11-17 06:44:57,585 - streamparse.stdout - INFO - could not create table
2017-11-17 06:44:57,586 - streamparse.stdout - INFO - ucount = 
2017-11-17 06:44:57,587 - streamparse.stdout - INFO - 4
2017-11-17 06:44:57,587 - streamparse.stdout - INFO - uword = 
2017-11-17 06:44:57,587 - streamparse.stdout - INFO - be
2017-11-17 06:44:57,625 - streamparse.stdout - INFO - Could not create tcount
2017-11-17 06:44:57,658 - streamparse.stdout - INFO - could not create table
2017-11-17 06:44:57,659 - streamparse.stdout - INFO - ucount = 
2017-11-17 06:44:57,659 - streamparse.stdout - INFO - 11
2017-11-17 06:44:57,659 - streamparse.stdout - INFO - uword = 
2017-11-17 06:44:57,660 - streamparse.stdout - INFO - you
2017-11-17 06:44:57,697 - streamparse.stdout - INFO - Could not create tcount
2017-11-17 06:44:57,726 - streamparse.stdout - INFO - could not create table
2017-11-17 06:44:57,727 - streamparse.stdout - INFO - ucount = 
2017-11-17 06:44:57,727 - streamparse.stdout - INFO - 6
2017-11-17 06:44:57,727 - streamparse.stdout - INFO - uword = 
2017-11-17 06:44:57,727 - streamparse.stdout - INFO - on
2017-11-17 06:44:57,764 - streamparse.stdout - INFO - Could not create tcount
2017-11-17 06:44:57,796 - streamparse.stdout - INFO - could not create table
2017-11-17 06:44:57,796 - streamparse.stdout - INFO - ucount = 
2017-11-17 06:44:57,797 - streamparse.stdout - INFO - 7
2017-11-17 06:44:57,797 - streamparse.stdout - INFO - uword = 
2017-11-17 06:44:57,797 - streamparse.stdout - INFO - the
2017-11-17 06:44:57,844 - streamparse.stdout - INFO - Could not create tcount
2017-11-17 06:44:57,882 - streamparse.stdout - INFO - could not create table
2017-11-17 06:44:57,883 - streamparse.stdout - INFO - ucount = 
2017-11-17 06:44:57,883 - streamparse.stdout - INFO - 5
2017-11-17 06:44:57,883 - streamparse.stdout - INFO - uword = 
2017-11-17 06:44:57,883 - streamparse.stdout - INFO - and
2017-11-17 06:44:57,919 - streamparse.stdout - INFO - Could not create tcount
2017-11-17 06:44:57,950 - streamparse.stdout - INFO - could not create table
2017-11-17 06:44:57,956 - streamparse.stdout - INFO - ucount = 
2017-11-17 06:44:57,956 - streamparse.stdout - INFO - 8
2017-11-17 06:44:57,956 - streamparse.stdout - INFO - uword = 
2017-11-17 06:44:57,957 - streamparse.stdout - INFO - the
2017-11-17 06:44:57,992 - streamparse.stdout - INFO - Could not create tcount
2017-11-17 06:44:58,030 - streamparse.stdout - INFO - could not create table
2017-11-17 06:44:58,031 - streamparse.stdout - INFO - ucount = 
2017-11-17 06:44:58,032 - streamparse.stdout - INFO - 1
2017-11-17 06:44:58,032 - streamparse.stdout - INFO - uword = 
2017-11-17 06:44:58,032 - streamparse.stdout - INFO - irony
2017-11-17 06:44:58,075 - streamparse.stdout - INFO - Could not create tcount
2017-11-17 06:44:58,107 - streamparse.stdout - INFO - could not create table
2017-11-17 06:44:58,108 - streamparse.stdout - INFO - ucount = 
2017-11-17 06:44:58,108 - streamparse.stdout - INFO - 2
2017-11-17 06:44:58,108 - streamparse.stdout - INFO - uword = 
2017-11-17 06:44:58,109 - streamparse.stdout - INFO - touching
2017-11-17 06:44:58,159 - streamparse.stdout - INFO - Could not create tcount
2017-11-17 06:44:58,187 - streamparse.stdout - INFO - could not create table
2017-11-17 06:44:58,188 - streamparse.stdout - INFO - ucount = 
2017-11-17 06:44:58,188 - streamparse.stdout - INFO - 2
2017-11-17 06:44:58,188 - streamparse.stdout - INFO - uword = 
2017-11-17 06:44:58,188 - streamparse.stdout - INFO - girls
2017-11-17 06:44:58,227 - streamparse.stdout - INFO - Could not create tcount
2017-11-17 06:44:58,262 - streamparse.stdout - INFO - could not create table
2017-11-17 06:44:58,262 - streamparse.stdout - INFO - ucount = 
2017-11-17 06:44:58,263 - streamparse.stdout - INFO - 2
2017-11-17 06:44:58,263 - streamparse.stdout - INFO - uword = 
2017-11-17 06:44:58,263 - streamparse.stdout - INFO - I'm
2017-11-17 06:44:58,300 - streamparse.stdout - INFO - Could not create tcount
2017-11-17 06:44:58,331 - streamparse.stdout - INFO - could not create table
2017-11-17 06:44:58,332 - streamparse.stdout - INFO - ucount = 
2017-11-17 06:44:58,332 - streamparse.stdout - INFO - 5
2017-11-17 06:44:58,332 - streamparse.stdout - INFO - uword = 
2017-11-17 06:44:58,332 - streamparse.stdout - INFO - in
2017-11-17 06:44:58,370 - streamparse.stdout - INFO - Could not create tcount
2017-11-17 06:44:58,404 - streamparse.stdout - INFO - could not create table
2017-11-17 06:44:58,405 - streamparse.stdout - INFO - ucount = 
2017-11-17 06:44:58,405 - streamparse.stdout - INFO - 1
2017-11-17 06:44:58,405 - streamparse.stdout - INFO - uword = 
2017-11-17 06:44:58,406 - streamparse.stdout - INFO - THE
2017-11-17 06:44:58,441 - streamparse.stdout - INFO - Could not create tcount
2017-11-17 06:44:58,471 - streamparse.stdout - INFO - could not create table
2017-11-17 06:44:58,472 - streamparse.stdout - INFO - ucount = 
2017-11-17 06:44:58,472 - streamparse.stdout - INFO - 2
2017-11-17 06:44:58,472 - streamparse.stdout - INFO - uword = 
2017-11-17 06:44:58,473 - streamparse.stdout - INFO - gonna
2017-11-17 06:44:58,522 - streamparse.stdout - INFO - Could not create tcount
2017-11-17 06:44:58,549 - streamparse.stdout - INFO - could not create table
2017-11-17 06:44:58,550 - streamparse.stdout - INFO - ucount = 
2017-11-17 06:44:58,550 - streamparse.stdout - INFO - 7
2017-11-17 06:44:58,550 - streamparse.stdout - INFO - uword = 
2017-11-17 06:44:58,550 - streamparse.stdout - INFO - a
2017-11-17 06:44:58,589 - streamparse.stdout - INFO - Could not create tcount
2017-11-17 06:44:58,624 - streamparse.stdout - INFO - could not create table
2017-11-17 06:44:58,625 - streamparse.stdout - INFO - ucount = 
2017-11-17 06:44:58,625 - streamparse.stdout - INFO - 5
2017-11-17 06:44:58,626 - streamparse.stdout - INFO - uword = 
2017-11-17 06:44:58,626 - streamparse.stdout - INFO - be
2017-11-17 06:44:58,661 - streamparse.stdout - INFO - Could not create tcount
2017-11-17 06:44:58,699 - streamparse.stdout - INFO - could not create table
2017-11-17 06:44:58,701 - streamparse.stdout - INFO - ucount = 
2017-11-17 06:44:58,702 - streamparse.stdout - INFO - 1
2017-11-17 06:44:58,702 - streamparse.stdout - INFO - uword = 
2017-11-17 06:44:58,702 - streamparse.stdout - INFO - SUPERIOR
2017-11-17 06:44:58,736 - streamparse.stdout - INFO - Could not create tcount
2017-11-17 06:44:58,772 - streamparse.stdout - INFO - could not create table
2017-11-17 06:44:58,782 - streamparse.stdout - INFO - ucount = 
2017-11-17 06:44:58,783 - streamparse.stdout - INFO - 2
2017-11-17 06:44:58,783 - streamparse.stdout - INFO - uword = 
2017-11-17 06:44:58,783 - streamparse.stdout - INFO - THE
2017-11-17 06:44:58,825 - streamparse.stdout - INFO - Could not create tcount
2017-11-17 06:44:58,870 - streamparse.stdout - INFO - could not create table
2017-11-17 06:44:58,870 - streamparse.stdout - INFO - ucount = 
2017-11-17 06:44:58,871 - streamparse.stdout - INFO - 3
2017-11-17 06:44:58,871 - streamparse.stdout - INFO - uword = 
2017-11-17 06:44:58,871 - streamparse.stdout - INFO - If
2017-11-17 06:44:58,921 - streamparse.stdout - INFO - Could not create tcount
2017-11-17 06:44:58,958 - streamparse.stdout - INFO - could not create table
2017-11-17 06:44:58,959 - streamparse.stdout - INFO - ucount = 
2017-11-17 06:44:58,959 - streamparse.stdout - INFO - 9
2017-11-17 06:44:58,960 - streamparse.stdout - INFO - uword = 
2017-11-17 06:44:58,960 - streamparse.stdout - INFO - the
2017-11-17 06:44:58,994 - streamparse.stdout - INFO - Could not create tcount
2017-11-17 06:44:59,040 - streamparse.stdout - INFO - could not create table
2017-11-17 06:44:59,040 - streamparse.stdout - INFO - ucount = 
2017-11-17 06:44:59,040 - streamparse.stdout - INFO - 2
2017-11-17 06:44:59,041 - streamparse.stdout - INFO - uword = 
2017-11-17 06:44:59,041 - streamparse.stdout - INFO - different
2017-11-17 06:44:59,087 - streamparse.stdout - INFO - Could not create tcount
2017-11-17 06:44:59,130 - streamparse.stdout - INFO - could not create table
2017-11-17 06:44:59,130 - streamparse.stdout - INFO - ucount = 
2017-11-17 06:44:59,131 - streamparse.stdout - INFO - 2
2017-11-17 06:44:59,131 - streamparse.stdout - INFO - uword = 
2017-11-17 06:44:59,131 - streamparse.stdout - INFO - -
2017-11-17 06:44:59,168 - streamparse.stdout - INFO - Could not create tcount
2017-11-17 06:44:59,202 - streamparse.stdout - INFO - could not create table
2017-11-17 06:44:59,203 - streamparse.stdout - INFO - ucount = 
2017-11-17 06:44:59,203 - streamparse.stdout - INFO - 1
2017-11-17 06:44:59,203 - streamparse.stdout - INFO - uword = 
2017-11-17 06:44:59,203 - streamparse.stdout - INFO - La
2017-11-17 06:44:59,237 - streamparse.stdout - INFO - Could not create tcount
2017-11-17 06:44:59,270 - streamparse.stdout - INFO - could not create table
2017-11-17 06:44:59,270 - streamparse.stdout - INFO - ucount = 
2017-11-17 06:44:59,271 - streamparse.stdout - INFO - 1
2017-11-17 06:44:59,271 - streamparse.stdout - INFO - uword = 
2017-11-17 06:44:59,271 - streamparse.stdout - INFO - pelota
2017-11-17 06:44:59,309 - streamparse.stdout - INFO - Could not create tcount
2017-11-17 06:44:59,343 - streamparse.stdout - INFO - could not create table
2017-11-17 06:44:59,350 - streamparse.stdout - INFO - ucount = 
2017-11-17 06:44:59,350 - streamparse.stdout - INFO - 2
2017-11-17 06:44:59,351 - streamparse.stdout - INFO - uword = 
2017-11-17 06:44:59,351 - streamparse.stdout - INFO - male
2017-11-17 06:44:59,380 - streamparse.stdout - INFO - Could not create tcount
2017-11-17 06:44:59,414 - streamparse.stdout - INFO - could not create table
2017-11-17 06:44:59,415 - streamparse.stdout - INFO - ucount = 
2017-11-17 06:44:59,415 - streamparse.stdout - INFO - 2
2017-11-17 06:44:59,415 - streamparse.stdout - INFO - uword = 
2017-11-17 06:44:59,415 - streamparse.stdout - INFO - performers
2017-11-17 06:44:59,450 - streamparse.stdout - INFO - Could not create tcount
2017-11-17 06:44:59,486 - streamparse.stdout - INFO - could not create table
2017-11-17 06:44:59,487 - streamparse.stdout - INFO - ucount = 
2017-11-17 06:44:59,487 - streamparse.stdout - INFO - 1
2017-11-17 06:44:59,487 - streamparse.stdout - INFO - uword = 
2017-11-17 06:44:59,488 - streamparse.stdout - INFO - Germans
2017-11-17 06:44:59,527 - streamparse.stdout - INFO - Could not create tcount
2017-11-17 06:44:59,565 - streamparse.stdout - INFO - could not create table
2017-11-17 06:44:59,565 - streamparse.stdout - INFO - ucount = 
2017-11-17 06:44:59,566 - streamparse.stdout - INFO - 1
2017-11-17 06:44:59,566 - streamparse.stdout - INFO - uword = 
2017-11-17 06:44:59,566 - streamparse.stdout - INFO - siempre
2017-11-17 06:44:59,604 - streamparse.stdout - INFO - Could not create tcount
2017-11-17 06:44:59,641 - streamparse.stdout - INFO - could not create table
2017-11-17 06:44:59,642 - streamparse.stdout - INFO - ucount = 
2017-11-17 06:44:59,642 - streamparse.stdout - INFO - 1
2017-11-17 06:44:59,642 - streamparse.stdout - INFO - uword = 
2017-11-17 06:44:59,642 - streamparse.stdout - INFO - al
2017-11-17 06:44:59,677 - streamparse.stdout - INFO - Could not create tcount
2017-11-17 06:44:59,713 - streamparse.stdout - INFO - could not create table
2017-11-17 06:44:59,714 - streamparse.stdout - INFO - ucount = 
2017-11-17 06:44:59,714 - streamparse.stdout - INFO - 2
2017-11-17 06:44:59,714 - streamparse.stdout - INFO - uword = 
2017-11-17 06:44:59,714 - streamparse.stdout - INFO - do
2017-11-17 06:44:59,748 - streamparse.stdout - INFO - Could not create tcount
2017-11-17 06:44:59,780 - streamparse.stdout - INFO - could not create table
2017-11-17 06:44:59,781 - streamparse.stdout - INFO - ucount = 
2017-11-17 06:44:59,781 - streamparse.stdout - INFO - 8
2017-11-17 06:44:59,781 - streamparse.stdout - INFO - uword = 
2017-11-17 06:44:59,782 - streamparse.stdout - INFO - to
2017-11-17 06:44:59,819 - streamparse.stdout - INFO - Could not create tcount
2017-11-17 06:44:59,848 - streamparse.stdout - INFO - could not create table
2017-11-17 06:44:59,852 - streamparse.stdout - INFO - ucount = 
2017-11-17 06:44:59,852 - streamparse.stdout - INFO - 8
2017-11-17 06:44:59,852 - streamparse.stdout - INFO - uword = 
2017-11-17 06:44:59,852 - streamparse.stdout - INFO - a
2017-11-17 06:44:59,883 - streamparse.stdout - INFO - Could not create tcount
2017-11-17 06:44:59,926 - streamparse.stdout - INFO - could not create table
2017-11-17 06:44:59,927 - streamparse.stdout - INFO - ucount = 
2017-11-17 06:44:59,927 - streamparse.stdout - INFO - 1
2017-11-17 06:44:59,927 - streamparse.stdout - INFO - uword = 
2017-11-17 06:44:59,927 - streamparse.stdout - INFO - slammed
2017-11-17 06:44:59,965 - streamparse.stdout - INFO - Could not create tcount
2017-11-17 06:45:00,002 - streamparse.stdout - INFO - could not create table
2017-11-17 06:45:00,003 - streamparse.stdout - INFO - ucount = 
2017-11-17 06:45:00,003 - streamparse.stdout - INFO - 2
2017-11-17 06:45:00,003 - streamparse.stdout - INFO - uword = 
2017-11-17 06:45:00,004 - streamparse.stdout - INFO - Concerts
2017-11-17 06:45:00,037 - streamparse.stdout - INFO - Could not create tcount
2017-11-17 06:45:00,070 - streamparse.stdout - INFO - could not create table
2017-11-17 06:45:00,071 - streamparse.stdout - INFO - ucount = 
2017-11-17 06:45:00,071 - streamparse.stdout - INFO - 5
2017-11-17 06:45:00,071 - streamparse.stdout - INFO - uword = 
2017-11-17 06:45:00,072 - streamparse.stdout - INFO - for
2017-11-17 06:45:00,108 - streamparse.stdout - INFO - Could not create tcount
2017-11-17 06:45:00,141 - streamparse.stdout - INFO - could not create table
2017-11-17 06:45:00,141 - streamparse.stdout - INFO - ucount = 
2017-11-17 06:45:00,141 - streamparse.stdout - INFO - 1
2017-11-17 06:45:00,142 - streamparse.stdout - INFO - uword = 
2017-11-17 06:45:00,142 - streamparse.stdout - INFO - READY
2017-11-17 06:45:00,188 - streamparse.stdout - INFO - Could not create tcount
2017-11-17 06:45:00,225 - streamparse.stdout - INFO - could not create table
2017-11-17 06:45:00,226 - streamparse.stdout - INFO - ucount = 
2017-11-17 06:45:00,226 - streamparse.stdout - INFO - 12
2017-11-17 06:45:00,226 - streamparse.stdout - INFO - uword = 
2017-11-17 06:45:00,226 - streamparse.stdout - INFO - you
2017-11-17 06:45:00,263 - streamparse.stdout - INFO - Could not create tcount
2017-11-17 06:45:00,298 - streamparse.stdout - INFO - could not create table
2017-11-17 06:45:00,299 - streamparse.stdout - INFO - ucount = 
2017-11-17 06:45:00,299 - streamparse.stdout - INFO - 1
2017-11-17 06:45:00,299 - streamparse.stdout - INFO - uword = 
2017-11-17 06:45:00,300 - streamparse.stdout - INFO - !!!
2017-11-17 06:45:00,345 - streamparse.stdout - INFO - Could not create tcount
2017-11-17 06:45:00,379 - streamparse.stdout - INFO - could not create table
2017-11-17 06:45:00,380 - streamparse.stdout - INFO - ucount = 
2017-11-17 06:45:00,380 - streamparse.stdout - INFO - 9
2017-11-17 06:45:00,380 - streamparse.stdout - INFO - uword = 
2017-11-17 06:45:00,381 - streamparse.stdout - INFO - a
2017-11-17 06:45:00,426 - streamparse.stdout - INFO - Could not create tcount
2017-11-17 06:45:00,459 - streamparse.stdout - INFO - could not create table
2017-11-17 06:45:00,461 - streamparse.stdout - INFO - ucount = 
2017-11-17 06:45:00,462 - streamparse.stdout - INFO - 1
2017-11-17 06:45:00,462 - streamparse.stdout - INFO - uword = 
2017-11-17 06:45:00,462 - streamparse.stdout - INFO - joins
2017-11-17 06:45:00,495 - streamparse.stdout - INFO - Could not create tcount
2017-11-17 06:45:00,532 - streamparse.stdout - INFO - could not create table
2017-11-17 06:45:00,537 - streamparse.stdout - INFO - ucount = 
2017-11-17 06:45:00,538 - streamparse.stdout - INFO - 9
2017-11-17 06:45:00,538 - streamparse.stdout - INFO - uword = 
2017-11-17 06:45:00,538 - streamparse.stdout - INFO - to
2017-11-17 06:45:00,575 - streamparse.stdout - INFO - Could not create tcount
2017-11-17 06:45:00,612 - streamparse.stdout - INFO - could not create table
2017-11-17 06:45:00,612 - streamparse.stdout - INFO - ucount = 
2017-11-17 06:45:00,613 - streamparse.stdout - INFO - 6
2017-11-17 06:45:00,613 - streamparse.stdout - INFO - uword = 
2017-11-17 06:45:00,613 - streamparse.stdout - INFO - in
2017-11-17 06:45:00,666 - streamparse.stdout - INFO - Could not create tcount
2017-11-17 06:45:00,713 - streamparse.stdout - INFO - could not create table
2017-11-17 06:45:00,714 - streamparse.stdout - INFO - ucount = 
2017-11-17 06:45:00,714 - streamparse.stdout - INFO - 10
2017-11-17 06:45:00,715 - streamparse.stdout - INFO - uword = 
2017-11-17 06:45:00,715 - streamparse.stdout - INFO - the
2017-11-17 06:45:00,764 - streamparse.stdout - INFO - Could not create tcount
2017-11-17 06:45:00,807 - streamparse.stdout - INFO - could not create table
2017-11-17 06:45:00,813 - streamparse.stdout - INFO - ucount = 
2017-11-17 06:45:00,813 - streamparse.stdout - INFO - 1
2017-11-17 06:45:00,814 - streamparse.stdout - INFO - uword = 
2017-11-17 06:45:00,814 - streamparse.stdout - INFO - terrorists
2017-11-17 06:45:00,857 - streamparse.stdout - INFO - Could not create tcount
2017-11-17 06:45:00,898 - streamparse.stdout - INFO - could not create table
2017-11-17 06:45:00,899 - streamparse.stdout - INFO - ucount = 
2017-11-17 06:45:00,899 - streamparse.stdout - INFO - 1
2017-11-17 06:45:00,900 - streamparse.stdout - INFO - uword = 
2017-11-17 06:45:00,900 - streamparse.stdout - INFO - middle
2017-11-17 06:45:00,946 - streamparse.stdout - INFO - Could not create tcount
2017-11-17 06:45:00,991 - streamparse.stdout - INFO - could not create table
2017-11-17 06:45:00,994 - streamparse.stdout - INFO - ucount = 
2017-11-17 06:45:00,994 - streamparse.stdout - INFO - 1
2017-11-17 06:45:00,994 - streamparse.stdout - INFO - uword = 
2017-11-17 06:45:00,995 - streamparse.stdout - INFO - Hoping
2017-11-17 06:45:01,050 - streamparse.stdout - INFO - Could not create tcount
2017-11-17 06:45:01,096 - streamparse.stdout - INFO - could not create table
2017-11-17 06:45:01,097 - streamparse.stdout - INFO - ucount = 
2017-11-17 06:45:01,097 - streamparse.stdout - INFO - 10
2017-11-17 06:45:01,098 - streamparse.stdout - INFO - uword = 
2017-11-17 06:45:01,098 - streamparse.stdout - INFO - to
2017-11-17 06:45:01,155 - streamparse.stdout - INFO - Could not create tcount
2017-11-17 06:45:01,196 - streamparse.stdout - INFO - could not create table
2017-11-17 06:45:01,197 - streamparse.stdout - INFO - ucount = 
2017-11-17 06:45:01,197 - streamparse.stdout - INFO - 1
2017-11-17 06:45:01,197 - streamparse.stdout - INFO - uword = 
2017-11-17 06:45:01,197 - streamparse.stdout - INFO - cute
2017-11-17 06:45:01,241 - streamparse.stdout - INFO - Could not create tcount
2017-11-17 06:45:01,272 - streamparse.stdout - INFO - could not create table
2017-11-17 06:45:01,273 - streamparse.stdout - INFO - ucount = 
2017-11-17 06:45:01,273 - streamparse.stdout - INFO - 1
2017-11-17 06:45:01,273 - streamparse.stdout - INFO - uword = 
2017-11-17 06:45:01,273 - streamparse.stdout - INFO - should
2017-11-17 06:45:01,317 - streamparse.stdout - INFO - Could not create tcount
2017-11-17 06:45:01,360 - streamparse.stdout - INFO - could not create table
2017-11-17 06:45:01,373 - streamparse.stdout - INFO - ucount = 
2017-11-17 06:45:01,373 - streamparse.stdout - INFO - 1
2017-11-17 06:45:01,373 - streamparse.stdout - INFO - uword = 
2017-11-17 06:45:01,373 - streamparse.stdout - INFO - then
2017-11-17 06:45:01,413 - streamparse.stdout - INFO - Could not create tcount
2017-11-17 06:45:01,449 - streamparse.stdout - INFO - could not create table
2017-11-17 06:45:01,451 - streamparse.stdout - INFO - ucount = 
2017-11-17 06:45:01,452 - streamparse.stdout - INFO - 1
2017-11-17 06:45:01,452 - streamparse.stdout - INFO - uword = 
2017-11-17 06:45:01,452 - streamparse.stdout - INFO - It's
2017-11-17 06:45:01,499 - streamparse.stdout - INFO - Could not create tcount
2017-11-17 06:45:01,535 - streamparse.stdout - INFO - could not create table
2017-11-17 06:45:01,536 - streamparse.stdout - INFO - ucount = 
2017-11-17 06:45:01,536 - streamparse.stdout - INFO - 6
2017-11-17 06:45:01,537 - streamparse.stdout - INFO - uword = 
2017-11-17 06:45:01,537 - streamparse.stdout - INFO - for
2017-11-17 06:45:01,587 - streamparse.stdout - INFO - Could not create tcount
2017-11-17 06:45:01,628 - streamparse.stdout - INFO - could not create table
2017-11-17 06:45:01,628 - streamparse.stdout - INFO - ucount = 
2017-11-17 06:45:01,629 - streamparse.stdout - INFO - 11
2017-11-17 06:45:01,629 - streamparse.stdout - INFO - uword = 
2017-11-17 06:45:01,629 - streamparse.stdout - INFO - the
2017-11-17 06:45:01,666 - streamparse.stdout - INFO - Could not create tcount
2017-11-17 06:45:01,698 - streamparse.stdout - INFO - could not create table
2017-11-17 06:45:01,711 - streamparse.stdout - INFO - ucount = 
2017-11-17 06:45:01,711 - streamparse.stdout - INFO - 1
2017-11-17 06:45:01,711 - streamparse.stdout - INFO - uword = 
2017-11-17 06:45:01,711 - streamparse.stdout - INFO - JCT
2017-11-17 06:45:01,758 - streamparse.stdout - INFO - Could not create tcount
2017-11-17 06:45:01,803 - streamparse.stdout - INFO - could not create table
2017-11-17 06:45:01,803 - streamparse.stdout - INFO - ucount = 
2017-11-17 06:45:01,804 - streamparse.stdout - INFO - 2
2017-11-17 06:45:01,804 - streamparse.stdout - INFO - uword = 
2017-11-17 06:45:01,804 - streamparse.stdout - INFO - but
2017-11-17 06:45:01,862 - streamparse.stdout - INFO - Could not create tcount
2017-11-17 06:45:01,921 - streamparse.stdout - INFO - could not create table
2017-11-17 06:45:01,923 - streamparse.stdout - INFO - ucount = 
2017-11-17 06:45:01,923 - streamparse.stdout - INFO - 1
2017-11-17 06:45:01,923 - streamparse.stdout - INFO - uword = 
2017-11-17 06:45:01,923 - streamparse.stdout - INFO - expecting
2017-11-17 06:45:01,999 - streamparse.stdout - INFO - Could not create tcount
2017-11-17 06:45:02,052 - streamparse.stdout - INFO - could not create table
2017-11-17 06:45:02,053 - streamparse.stdout - INFO - ucount = 
2017-11-17 06:45:02,054 - streamparse.stdout - INFO - 1
2017-11-17 06:45:02,054 - streamparse.stdout - INFO - uword = 
2017-11-17 06:45:02,054 - streamparse.stdout - INFO - obvious
